[35m[1mScanning dependencies of target pointcloud_io[0m
[35m[1mScanning dependencies of target project_ops[0m
[35m[1mScanning dependencies of target postprocess[0m
[  6%] [32mBuilding CXX object CMakeFiles/pointcloud_io.dir/src/utils/pointcloud_io.cpp.o[0m
[ 13%] [32mBuilding CXX object CMakeFiles/postprocess.dir/src/utils/postprocess.cpp.o[0m
[ 20%] [32mBuilding CXX object CMakeFiles/project_ops.dir/src/ops/project.cpp.o[0m
[ 26%] [32mBuilding CUDA object CMakeFiles/project_ops.dir/src/ops/project_kernel.cu.o[0m
[01m[K<command-line>:[m[K [01;35m[Kwarning: [m[KISO C++11 requires whitespace after the macro name
[01m[K<command-line>:[m[K [01;35m[Kwarning: [m[KISO C++11 requires whitespace after the macro name
[ 33%] [32m[1mLinking CXX shared library /home/zzy/rangenet_pp/devel/.private/rangenet_pp/lib/libpointcloud_io.so[0m
[ 33%] Built target pointcloud_io
[ 40%] [32m[1mLinking CXX shared library /home/zzy/rangenet_pp/devel/.private/rangenet_pp/lib/libproject_ops.so[0m
[ 40%] Built target project_ops
[35m[1mScanning dependencies of target rangenet_lib[0m
[ 46%] [32mBuilding CXX object CMakeFiles/rangenet_lib.dir/src/network/net.cpp.o[0m
[ 53%] [32mBuilding CXX object CMakeFiles/rangenet_lib.dir/src/network/netTensorRT.cpp.o[0m
[ 60%] [32m[1mLinking CXX shared library /home/zzy/rangenet_pp/devel/.private/rangenet_pp/lib/libpostprocess.so[0m
[ 60%] Built target postprocess
[ 66%] [32m[1mLinking CXX shared library /home/zzy/rangenet_pp/devel/.private/rangenet_pp/lib/librangenet_lib.so[0m
[ 66%] Built target rangenet_lib
[35m[1mScanning dependencies of target demo[0m
[35m[1mScanning dependencies of target ros1_demo[0m
[ 73%] [32mBuilding CXX object CMakeFiles/demo.dir/src/demo.cpp.o[0m
[ 80%] [32mBuilding CXX object CMakeFiles/ros1_demo.dir/src/bounding_box.cpp.o[0m
[ 86%] [32mBuilding CXX object CMakeFiles/ros1_demo.dir/src/ros1_demo.cpp.o[0m
[01m[K/home/zzy/rangenet_pp/src/rangenet_pp/src/bounding_box.cpp:[m[K In member function ‘[01m[Kvisualization_msgs::MarkerArray BoundingBoxGenerator::generateOrientedBoundingBoxes(const Ptr&, const std::vector<pcl::PointIndices>&, const string&, const string&, int)[m[K’:
[01m[K/home/zzy/rangenet_pp/src/rangenet_pp/src/bounding_box.cpp:562:23:[m[K [01;31m[Kerror: [m[Kredeclaration of ‘[01m[KEigen::Vector3f centroid[m[K’
  562 |       Eigen::Vector3f [01;31m[Kcentroid[m[K(center_x, center_y, center_z);
      |                       [01;31m[K^~~~~~~~[m[K
[01m[K/home/zzy/rangenet_pp/src/rangenet_pp/src/bounding_box.cpp:550:23:[m[K [01;36m[Knote: [m[K‘[01m[KEigen::Vector3f centroid[m[K’ previously declared here
  550 |       Eigen::Vector3f [01;36m[Kcentroid[m[K(0, 0, 0);
      |                       [01;36m[K^~~~~~~~[m[K
[01m[K/home/zzy/rangenet_pp/src/rangenet_pp/src/bounding_box.cpp:562:32:[m[K [01;31m[Kerror: [m[K‘[01m[Kcenter_x[m[K’ was not declared in this scope
  562 |       Eigen::Vector3f centroid([01;31m[Kcenter_x[m[K, center_y, center_z);
      |                                [01;31m[K^~~~~~~~[m[K
[01m[K/home/zzy/rangenet_pp/src/rangenet_pp/src/bounding_box.cpp:562:42:[m[K [01;31m[Kerror: [m[K‘[01m[Kcenter_y[m[K’ was not declared in this scope
  562 |       Eigen::Vector3f centroid(center_x, [01;31m[Kcenter_y[m[K, center_z);
      |                                          [01;31m[K^~~~~~~~[m[K
[01m[K/home/zzy/rangenet_pp/src/rangenet_pp/src/bounding_box.cpp:562:52:[m[K [01;31m[Kerror: [m[K‘[01m[Kcenter_z[m[K’ was not declared in this scope
  562 |       Eigen::Vector3f centroid(center_x, center_y, [01;31m[Kcenter_z[m[K);
      |                                                    [01;31m[K^~~~~~~~[m[K
[ 93%] [32m[1mLinking CXX executable /home/zzy/rangenet_pp/devel/.private/rangenet_pp/lib/rangenet_pp/demo[0m
/usr/bin/ld: warning: libpcl_visualization.so.1.10, needed by /home/zzy/rangenet_pp/devel/.private/rangenet_pp/lib/librangenet_lib.so, may conflict with libpcl_visualization.so.1.14
/usr/bin/ld: warning: libpcl_io.so.1.10, needed by /usr/lib/x86_64-linux-gnu/libpcl_visualization.so, may conflict with libpcl_io.so.1.14
/usr/bin/ld: warning: libpcl_common.so.1.10, needed by /usr/lib/x86_64-linux-gnu/libpcl_visualization.so, may conflict with libpcl_common.so.1.14
[ 93%] Built target demo
make[2]: *** [CMakeFiles/ros1_demo.dir/build.make:95：CMakeFiles/ros1_demo.dir/src/bounding_box.cpp.o] 错误 1
make[1]: *** [CMakeFiles/Makefile2:361：CMakeFiles/ros1_demo.dir/all] 错误 2
make: *** [Makefile:160：all] 错误 2
