[01m[K<command-line>:[m[K [01;35m[Kwarning: [m[KISO C++11 requires whitespace after the macro name
[01m[K<command-line>:[m[K [01;35m[Kwarning: [m[KISO C++11 requires whitespace after the macro name
[01m[K/home/zzy/rangenet_pp/src/rangenet_pp/src/bounding_box.cpp:[m[K In member function ‘[01m[Kvisualization_msgs::MarkerArray BoundingBoxGenerator::generateOrientedBoundingBoxes(const Ptr&, const std::vector<pcl::PointIndices>&, const string&, const string&, int)[m[K’:
[01m[K/home/zzy/rangenet_pp/src/rangenet_pp/src/bounding_box.cpp:562:23:[m[K [01;31m[Kerror: [m[Kredeclaration of ‘[01m[KEigen::Vector3f centroid[m[K’
  562 |       Eigen::Vector3f [01;31m[Kcentroid[m[K(center_x, center_y, center_z);
      |                       [01;31m[K^~~~~~~~[m[K
[01m[K/home/zzy/rangenet_pp/src/rangenet_pp/src/bounding_box.cpp:550:23:[m[K [01;36m[Knote: [m[K‘[01m[KEigen::Vector3f centroid[m[K’ previously declared here
  550 |       Eigen::Vector3f [01;36m[Kcentroid[m[K(0, 0, 0);
      |                       [01;36m[K^~~~~~~~[m[K
[01m[K/home/zzy/rangenet_pp/src/rangenet_pp/src/bounding_box.cpp:562:32:[m[K [01;31m[Kerror: [m[K‘[01m[Kcenter_x[m[K’ was not declared in this scope
  562 |       Eigen::Vector3f centroid([01;31m[Kcenter_x[m[K, center_y, center_z);
      |                                [01;31m[K^~~~~~~~[m[K
[01m[K/home/zzy/rangenet_pp/src/rangenet_pp/src/bounding_box.cpp:562:42:[m[K [01;31m[Kerror: [m[K‘[01m[Kcenter_y[m[K’ was not declared in this scope
  562 |       Eigen::Vector3f centroid(center_x, [01;31m[Kcenter_y[m[K, center_z);
      |                                          [01;31m[K^~~~~~~~[m[K
[01m[K/home/zzy/rangenet_pp/src/rangenet_pp/src/bounding_box.cpp:562:52:[m[K [01;31m[Kerror: [m[K‘[01m[Kcenter_z[m[K’ was not declared in this scope
  562 |       Eigen::Vector3f centroid(center_x, center_y, [01;31m[Kcenter_z[m[K);
      |                                                    [01;31m[K^~~~~~~~[m[K
/usr/bin/ld: warning: libpcl_visualization.so.1.10, needed by /home/zzy/rangenet_pp/devel/.private/rangenet_pp/lib/librangenet_lib.so, may conflict with libpcl_visualization.so.1.14
/usr/bin/ld: warning: libpcl_io.so.1.10, needed by /usr/lib/x86_64-linux-gnu/libpcl_visualization.so, may conflict with libpcl_io.so.1.14
/usr/bin/ld: warning: libpcl_common.so.1.10, needed by /usr/lib/x86_64-linux-gnu/libpcl_visualization.so, may conflict with libpcl_common.so.1.14
make[2]: *** [CMakeFiles/ros1_demo.dir/build.make:95：CMakeFiles/ros1_demo.dir/src/bounding_box.cpp.o] 错误 1
make[1]: *** [CMakeFiles/Makefile2:361：CMakeFiles/ros1_demo.dir/all] 错误 2
make: *** [Makefile:160：all] 错误 2
