[01m[K<command-line>:[m[K [01;35m[Kwarning: [m[KISO C++11 requires whitespace after the macro name
[01m[K<command-line>:[m[K [01;35m[Kwarning: [m[KISO C++11 requires whitespace after the macro name
In file included from [01m[K/home/zzy/rangenet_pp/src/rangenet_pp/src/bounding_box.cpp:1[m[K:
[01m[K/home/zzy/rangenet_pp/src/rangenet_pp/src/bounding_box.hpp:2:1:[m[K [01;31m[Kerror: [m[K‘[01m[Kvisualization_msgs[m[K’ does not name a type
    2 | [01;31m[Kvisualization_msgs[m[K::MarkerArray generateBoundingBoxes(
      | [01;31m[K^~~~~~~~~~~~~~~~~~[m[K
[01m[K/home/zzy/rangenet_pp/src/rangenet_pp/src/bounding_box.hpp:12:1:[m[K [01;31m[Kerror: [m[K‘[01m[Kvisualization_msgs[m[K’ does not name a type
   12 | [01;31m[Kvisualization_msgs[m[K::MarkerArray generateOrientedBoundingBoxes(
      | [01;31m[K^~~~~~~~~~~~~~~~~~[m[K
[01m[K/home/zzy/rangenet_pp/src/rangenet_pp/src/ros1_demo.cpp:25:19:[m[K [01;31m[Kerror: [m[K‘[01m[KBoundingBoxGenerator[m[K’ was not declared in this scope
   25 |   std::unique_ptr<[01;31m[KBoundingBoxGenerator[m[K> bbox_generator_;
      |                   [01;31m[K^~~~~~~~~~~~~~~~~~~~[m[K
[01m[K/home/zzy/rangenet_pp/src/rangenet_pp/src/ros1_demo.cpp:25:39:[m[K [01;31m[Kerror: [m[Ktemplate argument 1 is invalid
   25 |   std::unique_ptr<BoundingBoxGenerator[01;31m[K>[m[K bbox_generator_;
      |                                       [01;31m[K^[m[K
[01m[K/home/zzy/rangenet_pp/src/rangenet_pp/src/ros1_demo.cpp:25:39:[m[K [01;31m[Kerror: [m[Ktemplate argument 2 is invalid
[01m[K/home/zzy/rangenet_pp/src/rangenet_pp/src/ros1_demo.cpp:[m[K In constructor ‘[01m[KROS_DEMO::ROS_DEMO(ros::NodeHandle*)[m[K’:
[01m[K/home/zzy/rangenet_pp/src/rangenet_pp/src/ros1_demo.cpp:45:38:[m[K [01;31m[Kerror: [m[K‘[01m[KBoundingBoxGenerator[m[K’ was not declared in this scope
   45 |   bbox_generator_ = std::make_unique<[01;31m[KBoundingBoxGenerator[m[K>(0.5, 50, 25000);
      |                                      [01;31m[K^~~~~~~~~~~~~~~~~~~~[m[K
[01m[K/home/zzy/rangenet_pp/src/rangenet_pp/src/ros1_demo.cpp:45:74:[m[K [01;31m[Kerror: [m[Kno matching function for call to ‘[01m[Kmake_unique<<expression error> >(double, int, int)[m[K’
   45 |   bbox_generator_ = std::make_unique<BoundingBoxGenerator>(0.5, 50, 25000[01;31m[K)[m[K;
      |                                                                          [01;31m[K^[m[K
In file included from [01m[K/usr/include/c++/9/memory:80[m[K,
                 from [01m[K/usr/local/include/yaml-cpp/parser.h:11[m[K,
                 from [01m[K/usr/local/include/yaml-cpp/yaml.h:10[m[K,
                 from [01m[K/home/zzy/rangenet_pp/src/rangenet_pp/include/net.hpp:15[m[K,
                 from [01m[K/home/zzy/rangenet_pp/src/rangenet_pp/include/netTensorRT.hpp:9[m[K,
                 from [01m[K/home/zzy/rangenet_pp/src/rangenet_pp/src/ros1_demo.cpp:1[m[K:
[01m[K/usr/include/c++/9/bits/unique_ptr.h:856:5:[m[K [01;36m[Knote: [m[Kcandidate: ‘[01m[Ktemplate<class _Tp, class ... _Args> typename std::_MakeUniq<_Tp>::__single_object std::make_unique(_Args&& ...)[m[K’
  856 |     [01;36m[Kmake_unique[m[K(_Args&&... __args)
      |     [01;36m[K^~~~~~~~~~~[m[K
[01m[K/usr/include/c++/9/bits/unique_ptr.h:856:5:[m[K [01;36m[Knote: [m[K  template argument deduction/substitution failed:
[01m[K/home/zzy/rangenet_pp/src/rangenet_pp/src/ros1_demo.cpp:45:74:[m[K [01;31m[Kerror: [m[Ktemplate argument 1 is invalid
   45 |   bbox_generator_ = std::make_unique<BoundingBoxGenerator>(0.5, 50, 25000[01;31m[K)[m[K;
      |                                                                          [01;31m[K^[m[K
In file included from [01m[K/usr/include/c++/9/memory:80[m[K,
                 from [01m[K/usr/local/include/yaml-cpp/parser.h:11[m[K,
                 from [01m[K/usr/local/include/yaml-cpp/yaml.h:10[m[K,
                 from [01m[K/home/zzy/rangenet_pp/src/rangenet_pp/include/net.hpp:15[m[K,
                 from [01m[K/home/zzy/rangenet_pp/src/rangenet_pp/include/netTensorRT.hpp:9[m[K,
                 from [01m[K/home/zzy/rangenet_pp/src/rangenet_pp/src/ros1_demo.cpp:1[m[K:
[01m[K/usr/include/c++/9/bits/unique_ptr.h:862:5:[m[K [01;36m[Knote: [m[Kcandidate: ‘[01m[Ktemplate<class _Tp> typename std::_MakeUniq<_Tp>::__array std::make_unique(std::size_t)[m[K’
  862 |     [01;36m[Kmake_unique[m[K(size_t __num)
      |     [01;36m[K^~~~~~~~~~~[m[K
[01m[K/usr/include/c++/9/bits/unique_ptr.h:862:5:[m[K [01;36m[Knote: [m[K  template argument deduction/substitution failed:
[01m[K/home/zzy/rangenet_pp/src/rangenet_pp/src/ros1_demo.cpp:45:74:[m[K [01;31m[Kerror: [m[Ktemplate argument 1 is invalid
   45 |   bbox_generator_ = std::make_unique<BoundingBoxGenerator>(0.5, 50, 25000[01;31m[K)[m[K;
      |                                                                          [01;31m[K^[m[K
In file included from [01m[K/usr/include/c++/9/memory:80[m[K,
                 from [01m[K/usr/local/include/yaml-cpp/parser.h:11[m[K,
                 from [01m[K/usr/local/include/yaml-cpp/yaml.h:10[m[K,
                 from [01m[K/home/zzy/rangenet_pp/src/rangenet_pp/include/net.hpp:15[m[K,
                 from [01m[K/home/zzy/rangenet_pp/src/rangenet_pp/include/netTensorRT.hpp:9[m[K,
                 from [01m[K/home/zzy/rangenet_pp/src/rangenet_pp/src/ros1_demo.cpp:1[m[K:
[01m[K/usr/include/c++/9/bits/unique_ptr.h:868:5:[m[K [01;36m[Knote: [m[Kcandidate: ‘[01m[Ktemplate<class _Tp, class ... _Args> typename std::_MakeUniq<_Tp>::__invalid_type std::make_unique(_Args&& ...)[m[K’ <deleted>
  868 |     [01;36m[Kmake_unique[m[K(_Args&&...) = delete;
      |     [01;36m[K^~~~~~~~~~~[m[K
[01m[K/usr/include/c++/9/bits/unique_ptr.h:868:5:[m[K [01;36m[Knote: [m[K  template argument deduction/substitution failed:
[01m[K/home/zzy/rangenet_pp/src/rangenet_pp/src/ros1_demo.cpp:45:74:[m[K [01;31m[Kerror: [m[Ktemplate argument 1 is invalid
   45 |   bbox_generator_ = std::make_unique<BoundingBoxGenerator>(0.5, 50, 25000[01;31m[K)[m[K;
      |                                                                          [01;31m[K^[m[K
[01m[K/home/zzy/rangenet_pp/src/rangenet_pp/src/ros1_demo.cpp:[m[K In member function ‘[01m[Kvoid ROS_DEMO::pointcloudCallback(const ConstPtr&)[m[K’:
[01m[K/home/zzy/rangenet_pp/src/rangenet_pp/src/ros1_demo.cpp:68:20:[m[K [01;31m[Kerror: [m[Kbase operand of ‘[01m[K->[m[K’ is not a pointer
   68 |     bbox_generator_[01;31m[K->[m[KprocessBoundingBoxes(*pc_ros, labels.get());
      |                    [01;31m[K^~[m[K
[01m[K/home/zzy/rangenet_pp/src/rangenet_pp/src/bounding_box.cpp:15:1:[m[K [01;31m[Kerror: [m[K‘[01m[KBoundingBoxGenerator[m[K’ does not name a type
   15 | [01;31m[KBoundingBoxGenerator[m[K::BoundingBoxGenerator(
      | [01;31m[K^~~~~~~~~~~~~~~~~~~~[m[K
[01m[K/home/zzy/rangenet_pp/src/rangenet_pp/src/bounding_box.cpp:28:40:[m[K [01;31m[Kerror: [m[K‘[01m[KBoundingBoxGenerator[m[K’ has not been declared
   28 | pcl::PointCloud<pcl::PointXYZRGB>::Ptr [01;31m[KBoundingBoxGenerator[m[K::processBoundingBoxes(
      |                                        [01;31m[K^~~~~~~~~~~~~~~~~~~~[m[K
[01m[K/home/zzy/rangenet_pp/src/rangenet_pp/src/bounding_box.cpp:29:25:[m[K [01;31m[Kerror: [m[K‘[01m[KPointType[m[K’ was not declared in this scope
   29 |   const pcl::PointCloud<[01;31m[KPointType[m[K>& input_cloud,
      |                         [01;31m[K^~~~~~~~~[m[K
[01m[K/home/zzy/rangenet_pp/src/rangenet_pp/src/bounding_box.cpp:29:34:[m[K [01;31m[Kerror: [m[Ktemplate argument 1 is invalid
   29 |   const pcl::PointCloud<PointType[01;31m[K>[m[K& input_cloud,
      |                                  [01;31m[K^[m[K
[01m[K/home/zzy/rangenet_pp/src/rangenet_pp/src/bounding_box.cpp:[m[K In function ‘[01m[Kpcl::PointCloud<pcl::PointXYZRGB>::Ptr processBoundingBoxes(const int&, const int*)[m[K’:
[01m[K/home/zzy/rangenet_pp/src/rangenet_pp/src/bounding_box.cpp:40:41:[m[K [01;31m[Kerror: [m[Krequest for member ‘[01m[Kpoints[m[K’ in ‘[01m[Kinput_cloud[m[K’, which is of non-class type ‘[01m[Kconst int[m[K’
   40 | result_cloud->points.resize(input_cloud.[01;31m[Kpoints[m[K.size());
      |                                         [01;31m[K^~~~~~[m[K
[01m[K/home/zzy/rangenet_pp/src/rangenet_pp/src/bounding_box.cpp:41:35:[m[K [01;31m[Kerror: [m[Krequest for member ‘[01m[Kwidth[m[K’ in ‘[01m[Kinput_cloud[m[K’, which is of non-class type ‘[01m[Kconst int[m[K’
   41 | result_cloud->width = input_cloud.[01;31m[Kwidth[m[K;
      |                                   [01;31m[K^~~~~[m[K
[01m[K/home/zzy/rangenet_pp/src/rangenet_pp/src/bounding_box.cpp:42:36:[m[K [01;31m[Kerror: [m[Krequest for member ‘[01m[Kheight[m[K’ in ‘[01m[Kinput_cloud[m[K’, which is of non-class type ‘[01m[Kconst int[m[K’
   42 | result_cloud->height = input_cloud.[01;31m[Kheight[m[K;
      |                                    [01;31m[K^~~~~~[m[K
In file included from [01m[K/opt/ros/noetic/include/ros/ros.h:40[m[K,
                 from [01m[K/home/zzy/rangenet_pp/src/rangenet_pp/src/bounding_box.cpp:8[m[K:
[01m[K/home/zzy/rangenet_pp/src/rangenet_pp/src/bounding_box.cpp:44:47:[m[K [01;31m[Kerror: [m[Krequest for member ‘[01m[Kpoints[m[K’ in ‘[01m[Kinput_cloud[m[K’, which is of non-class type ‘[01m[Kconst int[m[K’
   44 | ROS_INFO("Processing %zu points", input_cloud.[01;31m[Kpoints[m[K.size());
      |                                               [01;31m[K^~~~~~[m[K
[01m[K/opt/ros/noetic/include/ros/console.h:351:165:[m[K [01;36m[Knote: [m[Kin definition of macro ‘[01m[KROSCONSOLE_PRINT_AT_LOCATION_WITH_FILTER[m[K’
  351 |     ::ros::console::print(filter, __rosconsole_define_location__loc.logger_, __rosconsole_define_location__loc.level_, __FILE__, __LINE__, __ROSCONSOLE_FUNCTION__, [01;36m[K__VA_ARGS__[m[K)
      |                                                                                                                                                                     [01;36m[K^~~~~~~~~~~[m[K
[01m[K/opt/ros/noetic/include/ros/console.h:390:7:[m[K [01;36m[Knote: [m[Kin expansion of macro ‘[01m[KROSCONSOLE_PRINT_AT_LOCATION[m[K’
  390 |       [01;36m[KROSCONSOLE_PRINT_AT_LOCATION[m[K(__VA_ARGS__); \
      |       [01;36m[K^~~~~~~~~~~~~~~~~~~~~~~~~~~~[m[K
[01m[K/opt/ros/noetic/include/ros/console.h:575:35:[m[K [01;36m[Knote: [m[Kin expansion of macro ‘[01m[KROS_LOG_COND[m[K’
  575 | #define ROS_LOG(level, name, ...) [01;36m[KROS_LOG_COND[m[K(true, level, name, __VA_ARGS__)
      |                                   [01;36m[K^~~~~~~~~~~~[m[K
[01m[K/opt/ros/noetic/include/rosconsole/macros_generated.h:110:23:[m[K [01;36m[Knote: [m[Kin expansion of macro ‘[01m[KROS_LOG[m[K’
  110 | #define ROS_INFO(...) [01;36m[KROS_LOG[m[K(::ros::console::levels::Info, ROSCONSOLE_DEFAULT_NAME, __VA_ARGS__)
      |                       [01;36m[K^~~~~~~[m[K
[01m[K/home/zzy/rangenet_pp/src/rangenet_pp/src/bounding_box.cpp:44:1:[m[K [01;36m[Knote: [m[Kin expansion of macro ‘[01m[KROS_INFO[m[K’
   44 | [01;36m[KROS_INFO[m[K("Processing %zu points", input_cloud.points.size());
      | [01;36m[K^~~~~~~~[m[K
[01m[K/home/zzy/rangenet_pp/src/rangenet_pp/src/bounding_box.cpp:48:36:[m[K [01;31m[Kerror: [m[Krequest for member ‘[01m[Kpoints[m[K’ in ‘[01m[Kinput_cloud[m[K’, which is of non-class type ‘[01m[Kconst int[m[K’
   48 | for (size_t i = 0; i < input_cloud.[01;31m[Kpoints[m[K.size(); ++i) {
      |                                    [01;31m[K^~~~~~[m[K
[01m[K/home/zzy/rangenet_pp/src/rangenet_pp/src/bounding_box.cpp:83:36:[m[K [01;31m[Kerror: [m[Krequest for member ‘[01m[Kpoints[m[K’ in ‘[01m[Kinput_cloud[m[K’, which is of non-class type ‘[01m[Kconst int[m[K’
   83 | for (size_t i = 0; i < input_cloud.[01;31m[Kpoints[m[K.size(); ++i) {
      |                                    [01;31m[K^~~~~~[m[K
[01m[K/home/zzy/rangenet_pp/src/rangenet_pp/src/bounding_box.cpp:85:41:[m[K [01;31m[Kerror: [m[Krequest for member ‘[01m[Kpoints[m[K’ in ‘[01m[Kinput_cloud[m[K’, which is of non-class type ‘[01m[Kconst int[m[K’
   85 |   const auto& input_point = input_cloud.[01;31m[Kpoints[m[K[i];
      |                                         [01;31m[K^~~~~~[m[K
[01m[K/home/zzy/rangenet_pp/src/rangenet_pp/src/bounding_box.cpp:123:1:[m[K [01;31m[Kerror: [m[K‘[01m[KpublishBoundingBoxes[m[K’ was not declared in this scope; did you mean ‘[01m[KprocessBoundingBoxes[m[K’?
  123 | [01;31m[KpublishBoundingBoxes[m[K(result_cloud, labels, "velodyne");
      | [01;31m[K^~~~~~~~~~~~~~~~~~~~[m[K
      | [32m[KprocessBoundingBoxes[m[K
[01m[K/home/zzy/rangenet_pp/src/rangenet_pp/src/bounding_box.cpp:[m[K At global scope:
[01m[K/home/zzy/rangenet_pp/src/rangenet_pp/src/bounding_box.cpp:128:6:[m[K [01;31m[Kerror: [m[K‘[01m[KBoundingBoxGenerator[m[K’ has not been declared
  128 | void [01;31m[KBoundingBoxGenerator[m[K::publishBoundingBoxes(
      |      [01;31m[K^~~~~~~~~~~~~~~~~~~~[m[K
[01m[K/home/zzy/rangenet_pp/src/rangenet_pp/src/bounding_box.cpp:[m[K In function ‘[01m[Kvoid publishBoundingBoxes(const Ptr&, const int*, const string&)[m[K’:
[01m[K/home/zzy/rangenet_pp/src/rangenet_pp/src/bounding_box.cpp:233:64:[m[K [01;31m[Kerror: [m[K‘[01m[Kvehicle_cluster_tolerance_[m[K’ was not declared in this scope
  233 |   vehicle_clusters = performClustering(cloud, vehicle_indices, [01;31m[Kvehicle_cluster_tolerance_[m[K);
      |                                                                [01;31m[K^~~~~~~~~~~~~~~~~~~~~~~~~~[m[K
[01m[K/home/zzy/rangenet_pp/src/rangenet_pp/src/bounding_box.cpp:233:22:[m[K [01;31m[Kerror: [m[K‘[01m[KperformClustering[m[K’ was not declared in this scope
  233 |   vehicle_clusters = [01;31m[KperformClustering[m[K(cloud, vehicle_indices, vehicle_cluster_tolerance_);
      |                      [01;31m[K^~~~~~~~~~~~~~~~~[m[K
[01m[K/home/zzy/rangenet_pp/src/rangenet_pp/src/bounding_box.cpp:238:70:[m[K [01;31m[Kerror: [m[K‘[01m[Kpedestrian_cluster_tolerance_[m[K’ was not declared in this scope
  238 |   pedestrian_clusters = performClustering(cloud, pedestrian_indices, [01;31m[Kpedestrian_cluster_tolerance_[m[K);
      |                                                                      [01;31m[K^~~~~~~~~~~~~~~~~~~~~~~~~~~~~[m[K
[01m[K/home/zzy/rangenet_pp/src/rangenet_pp/src/bounding_box.cpp:238:25:[m[K [01;31m[Kerror: [m[K‘[01m[KperformClustering[m[K’ was not declared in this scope
  238 |   pedestrian_clusters = [01;31m[KperformClustering[m[K(cloud, pedestrian_indices, pedestrian_cluster_tolerance_);
      |                         [01;31m[K^~~~~~~~~~~~~~~~~[m[K
[01m[K/home/zzy/rangenet_pp/src/rangenet_pp/src/bounding_box.cpp:275:21:[m[K [01;31m[Kerror: [m[K‘[01m[KisLidarTurning[m[K’ was not declared in this scope
  275 |   bool is_turning = [01;31m[KisLidarTurning[m[K(cloud, vehicle_indices);
      |                     [01;31m[K^~~~~~~~~~~~~~[m[K
[01m[K/home/zzy/rangenet_pp/src/rangenet_pp/src/bounding_box.cpp:280:51:[m[K [01;31m[Kerror: [m[K‘[01m[KgenerateOrientedBoundingBoxes[m[K’ was not declared in this scope
  280 |     visualization_msgs::MarkerArray obb_markers = [01;31m[KgenerateOrientedBoundingBoxes[m[K(cloud, vehicle_clusters, frame_id, "vehicle", 1);
      |                                                   [01;31m[K^~~~~~~~~~~~~~~~~~~~~~~~~~~~~[m[K
[01m[K/home/zzy/rangenet_pp/src/rangenet_pp/src/bounding_box.cpp:285:52:[m[K [01;31m[Kerror: [m[K‘[01m[KgenerateBoundingBoxes[m[K’ was not declared in this scope
  285 |     visualization_msgs::MarkerArray aabb_markers = [01;31m[KgenerateBoundingBoxes[m[K(cloud, vehicle_clusters, frame_id, "vehicle", 1);
      |                                                    [01;31m[K^~~~~~~~~~~~~~~~~~~~~[m[K
[01m[K/home/zzy/rangenet_pp/src/rangenet_pp/src/bounding_box.cpp:293:49:[m[K [01;31m[Kerror: [m[K‘[01m[KgenerateBoundingBoxes[m[K’ was not declared in this scope
  293 |   visualization_msgs::MarkerArray ped_markers = [01;31m[KgenerateBoundingBoxes[m[K(cloud, pedestrian_clusters, frame_id, "pedestrian", 2);
      |                                                 [01;31m[K^~~~~~~~~~~~~~~~~~~~~[m[K
[01m[K/home/zzy/rangenet_pp/src/rangenet_pp/src/bounding_box.cpp:[m[K At global scope:
[01m[K/home/zzy/rangenet_pp/src/rangenet_pp/src/bounding_box.cpp:317:32:[m[K [01;31m[Kerror: [m[K‘[01m[KBoundingBoxGenerator[m[K’ has not been declared
  317 | std::vector<pcl::PointIndices> [01;31m[KBoundingBoxGenerator[m[K::performClustering(
      |                                [01;31m[K^~~~~~~~~~~~~~~~~~~~[m[K
[01m[K/home/zzy/rangenet_pp/src/rangenet_pp/src/bounding_box.cpp:346:33:[m[K [01;31m[Kerror: [m[K‘[01m[KBoundingBoxGenerator[m[K’ has not been declared
  346 | visualization_msgs::MarkerArray [01;31m[KBoundingBoxGenerator[m[K::generateOrientedBoundingBoxes(
      |                                 [01;31m[K^~~~~~~~~~~~~~~~~~~~[m[K
[01m[K/home/zzy/rangenet_pp/src/rangenet_pp/src/bounding_box.cpp:[m[K In function ‘[01m[Kvisualization_msgs::MarkerArray generateOrientedBoundingBoxes(const Ptr&, const std::vector<pcl::PointIndices>&, const string&, const string&, int)[m[K’:
[01m[K/home/zzy/rangenet_pp/src/rangenet_pp/src/bounding_box.cpp:547:11:[m[K [01;31m[Kerror: [m[K‘[01m[KcompleteVehiclePointCloud[m[K’ was not declared in this scope
  547 |           [01;31m[KcompleteVehiclePointCloud[m[K(cluster_cloud, dimensions, rotation_matrix);
      |           [01;31m[K^~~~~~~~~~~~~~~~~~~~~~~~~[m[K
[01m[K/home/zzy/rangenet_pp/src/rangenet_pp/src/bounding_box.cpp:551:9:[m[K [01;31m[Kerror: [m[K‘[01m[Kcurrent_frame_cloud[m[K’ was not declared in this scope
  551 |         [01;31m[Kcurrent_frame_cloud[m[K->points.push_back(point);
      |         [01;31m[K^~~~~~~~~~~~~~~~~~~[m[K
[01m[K/home/zzy/rangenet_pp/src/rangenet_pp/src/bounding_box.cpp:[m[K At global scope:
[01m[K/home/zzy/rangenet_pp/src/rangenet_pp/src/bounding_box.cpp:669:17:[m[K [01;31m[Kerror: [m[K‘[01m[KPointType[m[K’ was not declared in this scope
  669 | pcl::PointCloud<[01;31m[KPointType[m[K>::Ptr BoundingBoxGenerator::extractLabeledPointCloud(
      |                 [01;31m[K^~~~~~~~~[m[K
[01m[K/home/zzy/rangenet_pp/src/rangenet_pp/src/bounding_box.cpp:669:26:[m[K [01;31m[Kerror: [m[Ktemplate argument 1 is invalid
  669 | pcl::PointCloud<PointType[01;31m[K>[m[K::Ptr BoundingBoxGenerator::extractLabeledPointCloud(
      |                          [01;31m[K^[m[K
[01m[K/home/zzy/rangenet_pp/src/rangenet_pp/src/bounding_box.cpp:669:33:[m[K [01;31m[Kerror: [m[Kexpected initializer before ‘[01m[KBoundingBoxGenerator[m[K’
  669 | pcl::PointCloud<PointType>::Ptr [01;31m[KBoundingBoxGenerator[m[K::extractLabeledPointCloud(
      |                                 [01;31m[K^~~~~~~~~~~~~~~~~~~~[m[K
[01m[K/home/zzy/rangenet_pp/src/rangenet_pp/src/bounding_box.cpp:690:32:[m[K [01;31m[Kerror: [m[K‘[01m[KBoundingBoxGenerator[m[K’ has not been declared
  690 | std::vector<pcl::PointIndices> [01;31m[KBoundingBoxGenerator[m[K::euclideanClustering(
      |                                [01;31m[K^~~~~~~~~~~~~~~~~~~~[m[K
[01m[K/home/zzy/rangenet_pp/src/rangenet_pp/src/bounding_box.cpp:691:25:[m[K [01;31m[Kerror: [m[K‘[01m[KPointType[m[K’ was not declared in this scope
  691 |   const pcl::PointCloud<[01;31m[KPointType[m[K>::Ptr& cloud,
      |                         [01;31m[K^~~~~~~~~[m[K
[01m[K/home/zzy/rangenet_pp/src/rangenet_pp/src/bounding_box.cpp:691:34:[m[K [01;31m[Kerror: [m[Ktemplate argument 1 is invalid
  691 |   const pcl::PointCloud<PointType[01;31m[K>[m[K::Ptr& cloud,
      |                                  [01;31m[K^[m[K
[01m[K/home/zzy/rangenet_pp/src/rangenet_pp/src/bounding_box.cpp:691:40:[m[K [01;31m[Kerror: [m[Kexpected ‘[01m[K,[m[K’ or ‘[01m[K...[m[K’ before ‘[01m[K&[m[K’ token
  691 |   const pcl::PointCloud<PointType>::Ptr[01;31m[K&[m[K cloud,
      |                                        [01;31m[K^[m[K
[01m[K/home/zzy/rangenet_pp/src/rangenet_pp/src/bounding_box.cpp:[m[K In function ‘[01m[Kstd::vector<pcl::PointIndices> euclideanClustering(int)[m[K’:
[01m[K/home/zzy/rangenet_pp/src/rangenet_pp/src/bounding_box.cpp:697:21:[m[K [01;31m[Kerror: [m[K‘[01m[KPointType[m[K’ was not declared in this scope
  697 | pcl::search::KdTree<[01;31m[KPointType[m[K>::Ptr tree(new pcl::search::KdTree<PointType>);
      |                     [01;31m[K^~~~~~~~~[m[K
[01m[K/home/zzy/rangenet_pp/src/rangenet_pp/src/bounding_box.cpp:697:30:[m[K [01;31m[Kerror: [m[Ktemplate argument 1 is invalid
  697 | pcl::search::KdTree<PointType[01;31m[K>[m[K::Ptr tree(new pcl::search::KdTree<PointType>);
      |                              [01;31m[K^[m[K
[01m[K/home/zzy/rangenet_pp/src/rangenet_pp/src/bounding_box.cpp:697:30:[m[K [01;31m[Kerror: [m[Ktemplate argument 2 is invalid
[01m[K/home/zzy/rangenet_pp/src/rangenet_pp/src/bounding_box.cpp:697:37:[m[K [01;31m[Kerror: [m[Kexpected initializer before ‘[01m[Ktree[m[K’
  697 | pcl::search::KdTree<PointType>::Ptr [01;31m[Ktree[m[K(new pcl::search::KdTree<PointType>);
      |                                     [01;31m[K^~~~[m[K
[01m[K/home/zzy/rangenet_pp/src/rangenet_pp/src/bounding_box.cpp:698:1:[m[K [01;31m[Kerror: [m[K‘[01m[Ktree[m[K’ was not declared in this scope; did you mean ‘[01m[Ktee[m[K’?
  698 | [01;31m[Ktree[m[K->setInputCloud(cloud);
      | [01;31m[K^~~~[m[K
      | [32m[Ktee[m[K
[01m[K/home/zzy/rangenet_pp/src/rangenet_pp/src/bounding_box.cpp:698:21:[m[K [01;31m[Kerror: [m[K‘[01m[Kcloud[m[K’ was not declared in this scope
  698 | tree->setInputCloud([01;31m[Kcloud[m[K);
      |                     [01;31m[K^~~~~[m[K
[01m[K/home/zzy/rangenet_pp/src/rangenet_pp/src/bounding_box.cpp:702:4:[m[K [01;31m[Kerror: [m[Krequest for member ‘[01m[KsetClusterTolerance[m[K’ in ‘[01m[Kec[m[K’, which is of non-class type ‘[01m[Kint[m[K’
  702 | ec.[01;31m[KsetClusterTolerance[m[K(tolerance);
      |    [01;31m[K^~~~~~~~~~~~~~~~~~~[m[K
[01m[K/home/zzy/rangenet_pp/src/rangenet_pp/src/bounding_box.cpp:702:24:[m[K [01;31m[Kerror: [m[K‘[01m[Ktolerance[m[K’ was not declared in this scope
  702 | ec.setClusterTolerance([01;31m[Ktolerance[m[K);
      |                        [01;31m[K^~~~~~~~~[m[K
[01m[K/home/zzy/rangenet_pp/src/rangenet_pp/src/bounding_box.cpp:703:4:[m[K [01;31m[Kerror: [m[Krequest for member ‘[01m[KsetMinClusterSize[m[K’ in ‘[01m[Kec[m[K’, which is of non-class type ‘[01m[Kint[m[K’
  703 | ec.[01;31m[KsetMinClusterSize[m[K(min_size);
      |    [01;31m[K^~~~~~~~~~~~~~~~~[m[K
[01m[K/home/zzy/rangenet_pp/src/rangenet_pp/src/bounding_box.cpp:703:22:[m[K [01;31m[Kerror: [m[K‘[01m[Kmin_size[m[K’ was not declared in this scope
  703 | ec.setMinClusterSize([01;31m[Kmin_size[m[K);
      |                      [01;31m[K^~~~~~~~[m[K
[01m[K/home/zzy/rangenet_pp/src/rangenet_pp/src/bounding_box.cpp:704:4:[m[K [01;31m[Kerror: [m[Krequest for member ‘[01m[KsetMaxClusterSize[m[K’ in ‘[01m[Kec[m[K’, which is of non-class type ‘[01m[Kint[m[K’
  704 | ec.[01;31m[KsetMaxClusterSize[m[K(max_size);
      |    [01;31m[K^~~~~~~~~~~~~~~~~[m[K
[01m[K/home/zzy/rangenet_pp/src/rangenet_pp/src/bounding_box.cpp:704:22:[m[K [01;31m[Kerror: [m[K‘[01m[Kmax_size[m[K’ was not declared in this scope
  704 | ec.setMaxClusterSize([01;31m[Kmax_size[m[K);
      |                      [01;31m[K^~~~~~~~[m[K
[01m[K/home/zzy/rangenet_pp/src/rangenet_pp/src/bounding_box.cpp:705:4:[m[K [01;31m[Kerror: [m[Krequest for member ‘[01m[KsetSearchMethod[m[K’ in ‘[01m[Kec[m[K’, which is of non-class type ‘[01m[Kint[m[K’
  705 | ec.[01;31m[KsetSearchMethod[m[K(tree);
      |    [01;31m[K^~~~~~~~~~~~~~~[m[K
[01m[K/home/zzy/rangenet_pp/src/rangenet_pp/src/bounding_box.cpp:706:4:[m[K [01;31m[Kerror: [m[Krequest for member ‘[01m[KsetInputCloud[m[K’ in ‘[01m[Kec[m[K’, which is of non-class type ‘[01m[Kint[m[K’
  706 | ec.[01;31m[KsetInputCloud[m[K(cloud);
      |    [01;31m[K^~~~~~~~~~~~~[m[K
[01m[K/home/zzy/rangenet_pp/src/rangenet_pp/src/bounding_box.cpp:710:4:[m[K [01;31m[Kerror: [m[Krequest for member ‘[01m[Kextract[m[K’ in ‘[01m[Kec[m[K’, which is of non-class type ‘[01m[Kint[m[K’
  710 | ec.[01;31m[Kextract[m[K(cluster_indices);
      |    [01;31m[K^~~~~~~[m[K
[01m[K/home/zzy/rangenet_pp/src/rangenet_pp/src/bounding_box.cpp:[m[K At global scope:
[01m[K/home/zzy/rangenet_pp/src/rangenet_pp/src/bounding_box.cpp:715:33:[m[K [01;31m[Kerror: [m[K‘[01m[KBoundingBoxGenerator[m[K’ has not been declared
  715 | visualization_msgs::MarkerArray [01;31m[KBoundingBoxGenerator[m[K::generateBoundingBoxes(
      |                                 [01;31m[K^~~~~~~~~~~~~~~~~~~~[m[K
[01m[K/home/zzy/rangenet_pp/src/rangenet_pp/src/bounding_box.cpp:[m[K In function ‘[01m[Kvisualization_msgs::MarkerArray generateBoundingBoxes(const Ptr&, const std::vector<pcl::PointIndices>&, const string&, const string&, int)[m[K’:
[01m[K/home/zzy/rangenet_pp/src/rangenet_pp/src/bounding_box.cpp:776:11:[m[K [01;31m[Kerror: [m[K‘[01m[KcompleteVehiclePointCloud[m[K’ was not declared in this scope
  776 |           [01;31m[KcompleteVehiclePointCloud[m[K(cluster_cloud, dimensions, rotation_matrix);
      |           [01;31m[K^~~~~~~~~~~~~~~~~~~~~~~~~[m[K
[01m[K/home/zzy/rangenet_pp/src/rangenet_pp/src/bounding_box.cpp:780:9:[m[K [01;31m[Kerror: [m[K‘[01m[Kcurrent_frame_cloud[m[K’ was not declared in this scope
  780 |         [01;31m[Kcurrent_frame_cloud[m[K->points.push_back(point);
      |         [01;31m[K^~~~~~~~~~~~~~~~~~~[m[K
[01m[K/home/zzy/rangenet_pp/src/rangenet_pp/src/bounding_box.cpp:[m[K At global scope:
[01m[K/home/zzy/rangenet_pp/src/rangenet_pp/src/bounding_box.cpp:861:6:[m[K [01;31m[Kerror: [m[K‘[01m[KBoundingBoxGenerator[m[K’ has not been declared
  861 | void [01;31m[KBoundingBoxGenerator[m[K::addBoundingBox(
      |      [01;31m[K^~~~~~~~~~~~~~~~~~~~[m[K
[01m[K/home/zzy/rangenet_pp/src/rangenet_pp/src/bounding_box.cpp:863:25:[m[K [01;31m[Kerror: [m[K‘[01m[KPointType[m[K’ was not declared in this scope
  863 |   const pcl::PointCloud<[01;31m[KPointType[m[K>& cluster_cloud,
      |                         [01;31m[K^~~~~~~~~[m[K
[01m[K/home/zzy/rangenet_pp/src/rangenet_pp/src/bounding_box.cpp:863:34:[m[K [01;31m[Kerror: [m[Ktemplate argument 1 is invalid
  863 |   const pcl::PointCloud<PointType[01;31m[K>[m[K& cluster_cloud,
      |                                  [01;31m[K^[m[K
[01m[K/home/zzy/rangenet_pp/src/rangenet_pp/src/bounding_box.cpp:[m[K In function ‘[01m[Kvoid addBoundingBox(pcl::PointCloud<pcl::PointXYZRGB>&, const int&, const std::array<float, 3>&)[m[K’:
[01m[K/home/zzy/rangenet_pp/src/rangenet_pp/src/bounding_box.cpp:867:1:[m[K [01;31m[Kerror: [m[K‘[01m[KPointType[m[K’ was not declared in this scope
  867 | [01;31m[KPointType[m[K min_pt, max_pt;
      | [01;31m[K^~~~~~~~~[m[K
[01m[K/home/zzy/rangenet_pp/src/rangenet_pp/src/bounding_box.cpp:868:33:[m[K [01;31m[Kerror: [m[K‘[01m[Kmin_pt[m[K’ was not declared in this scope
  868 | pcl::getMinMax3D(cluster_cloud, [01;31m[Kmin_pt[m[K, max_pt);
      |                                 [01;31m[K^~~~~~[m[K
[01m[K/home/zzy/rangenet_pp/src/rangenet_pp/src/bounding_box.cpp:868:41:[m[K [01;31m[Kerror: [m[K‘[01m[Kmax_pt[m[K’ was not declared in this scope
  868 | pcl::getMinMax3D(cluster_cloud, min_pt, [01;31m[Kmax_pt[m[K);
      |                                         [01;31m[K^~~~~~[m[K
[01m[K/home/zzy/rangenet_pp/src/rangenet_pp/src/bounding_box.cpp:883:1:[m[K [01;31m[Kerror: [m[K‘[01m[KaddLine[m[K’ was not declared in this scope
  883 | [01;31m[KaddLine[m[K(output_cloud, vertices[0], vertices[1], color);
      | [01;31m[K^~~~~~~[m[K
[01m[K/home/zzy/rangenet_pp/src/rangenet_pp/src/bounding_box.cpp:[m[K At global scope:
[01m[K/home/zzy/rangenet_pp/src/rangenet_pp/src/bounding_box.cpp:902:6:[m[K [01;31m[Kerror: [m[K‘[01m[KBoundingBoxGenerator[m[K’ has not been declared
  902 | void [01;31m[KBoundingBoxGenerator[m[K::addLine(
      |      [01;31m[K^~~~~~~~~~~~~~~~~~~~[m[K
[01m[K/home/zzy/rangenet_pp/src/rangenet_pp/src/bounding_box.cpp:929:6:[m[K [01;31m[Kerror: [m[K‘[01m[KBoundingBoxGenerator[m[K’ has not been declared
  929 | bool [01;31m[KBoundingBoxGenerator[m[K::isLidarTurning(const pcl::PointCloud<pcl::PointXYZRGB>::Ptr& cloud,
      |      [01;31m[K^~~~~~~~~~~~~~~~~~~~[m[K
[01m[K/home/zzy/rangenet_pp/src/rangenet_pp/src/bounding_box.cpp:1050:40:[m[K [01;31m[Kerror: [m[K‘[01m[KBoundingBoxGenerator[m[K’ has not been declared
 1050 | pcl::PointCloud<pcl::PointXYZRGB>::Ptr [01;31m[KBoundingBoxGenerator[m[K::completeVehiclePointCloud(
      |                                        [01;31m[K^~~~~~~~~~~~~~~~~~~~[m[K
make[2]: *** [CMakeFiles/ros1_demo.dir/build.make:82：CMakeFiles/ros1_demo.dir/src/ros1_demo.cpp.o] 错误 1
make[2]: *** 正在等待未完成的任务....
/usr/bin/ld: warning: libpcl_visualization.so.1.10, needed by /home/zzy/rangenet_pp/devel/.private/rangenet_pp/lib/librangenet_lib.so, may conflict with libpcl_visualization.so.1.14
/usr/bin/ld: warning: libpcl_io.so.1.10, needed by /usr/lib/x86_64-linux-gnu/libpcl_visualization.so, may conflict with libpcl_io.so.1.14
/usr/bin/ld: warning: libpcl_common.so.1.10, needed by /usr/lib/x86_64-linux-gnu/libpcl_visualization.so, may conflict with libpcl_common.so.1.14
make[2]: *** [CMakeFiles/ros1_demo.dir/build.make:95：CMakeFiles/ros1_demo.dir/src/bounding_box.cpp.o] 错误 1
make[1]: *** [CMakeFiles/Makefile2:361：CMakeFiles/ros1_demo.dir/all] 错误 2
make: *** [Makefile:160：all] 错误 2
