[01m[K<command-line>:[m[K [01;35m[Kwarning: [m[KISO C++11 requires whitespace after the macro name
[01m[K<command-line>:[m[K [01;35m[Kwarning: [m[KISO C++11 requires whitespace after the macro name
[01m[K/home/zzy/rangenet_pp/src/rangenet_pp/src/bounding_box.cpp:[m[K In member function ‘[01m[Kvisualization_msgs::MarkerArray BoundingBoxGenerator::generateBoundingBoxes(const std::vector<boost::shared_ptr<pcl::PointCloud<pcl::PointXYZ> > >&, const string&, const std::array<float, 3>&, const string&)[m[K’:
[01m[K/home/zzy/rangenet_pp/src/rangenet_pp/src/bounding_box.cpp:324:49:[m[K [01;31m[Kerror: [m[Kno matching function for call to ‘[01m[Kmax(geometry_msgs::Vector3_<std::allocator<void> >::_x_type&, float)[m[K’
  324 |   marker.scale.x = std::max(marker.scale.x, 0.1f[01;31m[K)[m[K;
      |                                                 [01;31m[K^[m[K
In file included from [01m[K/usr/include/c++/9/bits/char_traits.h:39[m[K,
                 from [01m[K/usr/include/c++/9/string:40[m[K,
                 from [01m[K/opt/ros/noetic/include/ros/platform.h:38[m[K,
                 from [01m[K/opt/ros/noetic/include/ros/time.h:53[m[K,
                 from [01m[K/opt/ros/noetic/include/ros/ros.h:38[m[K,
                 from [01m[K/home/zzy/rangenet_pp/src/rangenet_pp/include/bounding_box.hpp:4[m[K,
                 from [01m[K/home/zzy/rangenet_pp/src/rangenet_pp/src/bounding_box.cpp:1[m[K:
[01m[K/usr/include/c++/9/bits/stl_algobase.h:222:5:[m[K [01;36m[Knote: [m[Kcandidate: ‘[01m[Ktemplate<class _Tp> constexpr const _Tp& std::max(const _Tp&, const _Tp&)[m[K’
  222 |     [01;36m[Kmax[m[K(const _Tp& __a, const _Tp& __b)
      |     [01;36m[K^~~[m[K
[01m[K/usr/include/c++/9/bits/stl_algobase.h:222:5:[m[K [01;36m[Knote: [m[K  template argument deduction/substitution failed:
[01m[K/home/zzy/rangenet_pp/src/rangenet_pp/src/bounding_box.cpp:324:49:[m[K [01;36m[Knote: [m[K  deduced conflicting types for parameter ‘[01m[Kconst _Tp[m[K’ (‘[01m[Kdouble[m[K’ and ‘[01m[Kfloat[m[K’)
  324 |   marker.scale.x = std::max(marker.scale.x, 0.1f[01;36m[K)[m[K;
      |                                                 [01;36m[K^[m[K
In file included from [01m[K/usr/include/c++/9/bits/char_traits.h:39[m[K,
                 from [01m[K/usr/include/c++/9/string:40[m[K,
                 from [01m[K/opt/ros/noetic/include/ros/platform.h:38[m[K,
                 from [01m[K/opt/ros/noetic/include/ros/time.h:53[m[K,
                 from [01m[K/opt/ros/noetic/include/ros/ros.h:38[m[K,
                 from [01m[K/home/zzy/rangenet_pp/src/rangenet_pp/include/bounding_box.hpp:4[m[K,
                 from [01m[K/home/zzy/rangenet_pp/src/rangenet_pp/src/bounding_box.cpp:1[m[K:
[01m[K/usr/include/c++/9/bits/stl_algobase.h:268:5:[m[K [01;36m[Knote: [m[Kcandidate: ‘[01m[Ktemplate<class _Tp, class _Compare> constexpr const _Tp& std::max(const _Tp&, const _Tp&, _Compare)[m[K’
  268 |     [01;36m[Kmax[m[K(const _Tp& __a, const _Tp& __b, _Compare __comp)
      |     [01;36m[K^~~[m[K
[01m[K/usr/include/c++/9/bits/stl_algobase.h:268:5:[m[K [01;36m[Knote: [m[K  template argument deduction/substitution failed:
[01m[K/home/zzy/rangenet_pp/src/rangenet_pp/src/bounding_box.cpp:324:49:[m[K [01;36m[Knote: [m[K  deduced conflicting types for parameter ‘[01m[Kconst _Tp[m[K’ (‘[01m[Kdouble[m[K’ and ‘[01m[Kfloat[m[K’)
  324 |   marker.scale.x = std::max(marker.scale.x, 0.1f[01;36m[K)[m[K;
      |                                                 [01;36m[K^[m[K
In file included from [01m[K/usr/include/c++/9/algorithm:62[m[K,
                 from [01m[K/usr/include/boost/math/tools/config.hpp:18[m[K,
                 from [01m[K/usr/include/boost/math/special_functions/round.hpp:13[m[K,
                 from [01m[K/opt/ros/noetic/include/ros/time.h:58[m[K,
                 from [01m[K/opt/ros/noetic/include/ros/ros.h:38[m[K,
                 from [01m[K/home/zzy/rangenet_pp/src/rangenet_pp/include/bounding_box.hpp:4[m[K,
                 from [01m[K/home/zzy/rangenet_pp/src/rangenet_pp/src/bounding_box.cpp:1[m[K:
[01m[K/usr/include/c++/9/bits/stl_algo.h:3462:5:[m[K [01;36m[Knote: [m[Kcandidate: ‘[01m[Ktemplate<class _Tp> constexpr _Tp std::max(std::initializer_list<_Tp>)[m[K’
 3462 |     [01;36m[Kmax[m[K(initializer_list<_Tp> __l)
      |     [01;36m[K^~~[m[K
[01m[K/usr/include/c++/9/bits/stl_algo.h:3462:5:[m[K [01;36m[Knote: [m[K  template argument deduction/substitution failed:
[01m[K/home/zzy/rangenet_pp/src/rangenet_pp/src/bounding_box.cpp:324:49:[m[K [01;36m[Knote: [m[K  mismatched types ‘[01m[Kstd::initializer_list<_Tp>[m[K’ and ‘[01m[Kdouble[m[K’
  324 |   marker.scale.x = std::max(marker.scale.x, 0.1f[01;36m[K)[m[K;
      |                                                 [01;36m[K^[m[K
In file included from [01m[K/usr/include/c++/9/algorithm:62[m[K,
                 from [01m[K/usr/include/boost/math/tools/config.hpp:18[m[K,
                 from [01m[K/usr/include/boost/math/special_functions/round.hpp:13[m[K,
                 from [01m[K/opt/ros/noetic/include/ros/time.h:58[m[K,
                 from [01m[K/opt/ros/noetic/include/ros/ros.h:38[m[K,
                 from [01m[K/home/zzy/rangenet_pp/src/rangenet_pp/include/bounding_box.hpp:4[m[K,
                 from [01m[K/home/zzy/rangenet_pp/src/rangenet_pp/src/bounding_box.cpp:1[m[K:
[01m[K/usr/include/c++/9/bits/stl_algo.h:3468:5:[m[K [01;36m[Knote: [m[Kcandidate: ‘[01m[Ktemplate<class _Tp, class _Compare> constexpr _Tp std::max(std::initializer_list<_Tp>, _Compare)[m[K’
 3468 |     [01;36m[Kmax[m[K(initializer_list<_Tp> __l, _Compare __comp)
      |     [01;36m[K^~~[m[K
[01m[K/usr/include/c++/9/bits/stl_algo.h:3468:5:[m[K [01;36m[Knote: [m[K  template argument deduction/substitution failed:
[01m[K/home/zzy/rangenet_pp/src/rangenet_pp/src/bounding_box.cpp:324:49:[m[K [01;36m[Knote: [m[K  mismatched types ‘[01m[Kstd::initializer_list<_Tp>[m[K’ and ‘[01m[Kdouble[m[K’
  324 |   marker.scale.x = std::max(marker.scale.x, 0.1f[01;36m[K)[m[K;
      |                                                 [01;36m[K^[m[K
[01m[K/home/zzy/rangenet_pp/src/rangenet_pp/src/bounding_box.cpp:325:49:[m[K [01;31m[Kerror: [m[Kno matching function for call to ‘[01m[Kmax(geometry_msgs::Vector3_<std::allocator<void> >::_y_type&, float)[m[K’
  325 |   marker.scale.y = std::max(marker.scale.y, 0.1f[01;31m[K)[m[K;
      |                                                 [01;31m[K^[m[K
In file included from [01m[K/usr/include/c++/9/bits/char_traits.h:39[m[K,
                 from [01m[K/usr/include/c++/9/string:40[m[K,
                 from [01m[K/opt/ros/noetic/include/ros/platform.h:38[m[K,
                 from [01m[K/opt/ros/noetic/include/ros/time.h:53[m[K,
                 from [01m[K/opt/ros/noetic/include/ros/ros.h:38[m[K,
                 from [01m[K/home/zzy/rangenet_pp/src/rangenet_pp/include/bounding_box.hpp:4[m[K,
                 from [01m[K/home/zzy/rangenet_pp/src/rangenet_pp/src/bounding_box.cpp:1[m[K:
[01m[K/usr/include/c++/9/bits/stl_algobase.h:222:5:[m[K [01;36m[Knote: [m[Kcandidate: ‘[01m[Ktemplate<class _Tp> constexpr const _Tp& std::max(const _Tp&, const _Tp&)[m[K’
  222 |     [01;36m[Kmax[m[K(const _Tp& __a, const _Tp& __b)
      |     [01;36m[K^~~[m[K
[01m[K/usr/include/c++/9/bits/stl_algobase.h:222:5:[m[K [01;36m[Knote: [m[K  template argument deduction/substitution failed:
[01m[K/home/zzy/rangenet_pp/src/rangenet_pp/src/bounding_box.cpp:325:49:[m[K [01;36m[Knote: [m[K  deduced conflicting types for parameter ‘[01m[Kconst _Tp[m[K’ (‘[01m[Kdouble[m[K’ and ‘[01m[Kfloat[m[K’)
  325 |   marker.scale.y = std::max(marker.scale.y, 0.1f[01;36m[K)[m[K;
      |                                                 [01;36m[K^[m[K
In file included from [01m[K/usr/include/c++/9/bits/char_traits.h:39[m[K,
                 from [01m[K/usr/include/c++/9/string:40[m[K,
                 from [01m[K/opt/ros/noetic/include/ros/platform.h:38[m[K,
                 from [01m[K/opt/ros/noetic/include/ros/time.h:53[m[K,
                 from [01m[K/opt/ros/noetic/include/ros/ros.h:38[m[K,
                 from [01m[K/home/zzy/rangenet_pp/src/rangenet_pp/include/bounding_box.hpp:4[m[K,
                 from [01m[K/home/zzy/rangenet_pp/src/rangenet_pp/src/bounding_box.cpp:1[m[K:
[01m[K/usr/include/c++/9/bits/stl_algobase.h:268:5:[m[K [01;36m[Knote: [m[Kcandidate: ‘[01m[Ktemplate<class _Tp, class _Compare> constexpr const _Tp& std::max(const _Tp&, const _Tp&, _Compare)[m[K’
  268 |     [01;36m[Kmax[m[K(const _Tp& __a, const _Tp& __b, _Compare __comp)
      |     [01;36m[K^~~[m[K
[01m[K/usr/include/c++/9/bits/stl_algobase.h:268:5:[m[K [01;36m[Knote: [m[K  template argument deduction/substitution failed:
[01m[K/home/zzy/rangenet_pp/src/rangenet_pp/src/bounding_box.cpp:325:49:[m[K [01;36m[Knote: [m[K  deduced conflicting types for parameter ‘[01m[Kconst _Tp[m[K’ (‘[01m[Kdouble[m[K’ and ‘[01m[Kfloat[m[K’)
  325 |   marker.scale.y = std::max(marker.scale.y, 0.1f[01;36m[K)[m[K;
      |                                                 [01;36m[K^[m[K
In file included from [01m[K/usr/include/c++/9/algorithm:62[m[K,
                 from [01m[K/usr/include/boost/math/tools/config.hpp:18[m[K,
                 from [01m[K/usr/include/boost/math/special_functions/round.hpp:13[m[K,
                 from [01m[K/opt/ros/noetic/include/ros/time.h:58[m[K,
                 from [01m[K/opt/ros/noetic/include/ros/ros.h:38[m[K,
                 from [01m[K/home/zzy/rangenet_pp/src/rangenet_pp/include/bounding_box.hpp:4[m[K,
                 from [01m[K/home/zzy/rangenet_pp/src/rangenet_pp/src/bounding_box.cpp:1[m[K:
[01m[K/usr/include/c++/9/bits/stl_algo.h:3462:5:[m[K [01;36m[Knote: [m[Kcandidate: ‘[01m[Ktemplate<class _Tp> constexpr _Tp std::max(std::initializer_list<_Tp>)[m[K’
 3462 |     [01;36m[Kmax[m[K(initializer_list<_Tp> __l)
      |     [01;36m[K^~~[m[K
[01m[K/usr/include/c++/9/bits/stl_algo.h:3462:5:[m[K [01;36m[Knote: [m[K  template argument deduction/substitution failed:
[01m[K/home/zzy/rangenet_pp/src/rangenet_pp/src/bounding_box.cpp:325:49:[m[K [01;36m[Knote: [m[K  mismatched types ‘[01m[Kstd::initializer_list<_Tp>[m[K’ and ‘[01m[Kdouble[m[K’
  325 |   marker.scale.y = std::max(marker.scale.y, 0.1f[01;36m[K)[m[K;
      |                                                 [01;36m[K^[m[K
In file included from [01m[K/usr/include/c++/9/algorithm:62[m[K,
                 from [01m[K/usr/include/boost/math/tools/config.hpp:18[m[K,
                 from [01m[K/usr/include/boost/math/special_functions/round.hpp:13[m[K,
                 from [01m[K/opt/ros/noetic/include/ros/time.h:58[m[K,
                 from [01m[K/opt/ros/noetic/include/ros/ros.h:38[m[K,
                 from [01m[K/home/zzy/rangenet_pp/src/rangenet_pp/include/bounding_box.hpp:4[m[K,
                 from [01m[K/home/zzy/rangenet_pp/src/rangenet_pp/src/bounding_box.cpp:1[m[K:
[01m[K/usr/include/c++/9/bits/stl_algo.h:3468:5:[m[K [01;36m[Knote: [m[Kcandidate: ‘[01m[Ktemplate<class _Tp, class _Compare> constexpr _Tp std::max(std::initializer_list<_Tp>, _Compare)[m[K’
 3468 |     [01;36m[Kmax[m[K(initializer_list<_Tp> __l, _Compare __comp)
      |     [01;36m[K^~~[m[K
[01m[K/usr/include/c++/9/bits/stl_algo.h:3468:5:[m[K [01;36m[Knote: [m[K  template argument deduction/substitution failed:
[01m[K/home/zzy/rangenet_pp/src/rangenet_pp/src/bounding_box.cpp:325:49:[m[K [01;36m[Knote: [m[K  mismatched types ‘[01m[Kstd::initializer_list<_Tp>[m[K’ and ‘[01m[Kdouble[m[K’
  325 |   marker.scale.y = std::max(marker.scale.y, 0.1f[01;36m[K)[m[K;
      |                                                 [01;36m[K^[m[K
[01m[K/home/zzy/rangenet_pp/src/rangenet_pp/src/bounding_box.cpp:326:49:[m[K [01;31m[Kerror: [m[Kno matching function for call to ‘[01m[Kmax(geometry_msgs::Vector3_<std::allocator<void> >::_z_type&, float)[m[K’
  326 |   marker.scale.z = std::max(marker.scale.z, 0.1f[01;31m[K)[m[K;
      |                                                 [01;31m[K^[m[K
In file included from [01m[K/usr/include/c++/9/bits/char_traits.h:39[m[K,
                 from [01m[K/usr/include/c++/9/string:40[m[K,
                 from [01m[K/opt/ros/noetic/include/ros/platform.h:38[m[K,
                 from [01m[K/opt/ros/noetic/include/ros/time.h:53[m[K,
                 from [01m[K/opt/ros/noetic/include/ros/ros.h:38[m[K,
                 from [01m[K/home/zzy/rangenet_pp/src/rangenet_pp/include/bounding_box.hpp:4[m[K,
                 from [01m[K/home/zzy/rangenet_pp/src/rangenet_pp/src/bounding_box.cpp:1[m[K:
[01m[K/usr/include/c++/9/bits/stl_algobase.h:222:5:[m[K [01;36m[Knote: [m[Kcandidate: ‘[01m[Ktemplate<class _Tp> constexpr const _Tp& std::max(const _Tp&, const _Tp&)[m[K’
  222 |     [01;36m[Kmax[m[K(const _Tp& __a, const _Tp& __b)
      |     [01;36m[K^~~[m[K
[01m[K/usr/include/c++/9/bits/stl_algobase.h:222:5:[m[K [01;36m[Knote: [m[K  template argument deduction/substitution failed:
[01m[K/home/zzy/rangenet_pp/src/rangenet_pp/src/bounding_box.cpp:326:49:[m[K [01;36m[Knote: [m[K  deduced conflicting types for parameter ‘[01m[Kconst _Tp[m[K’ (‘[01m[Kdouble[m[K’ and ‘[01m[Kfloat[m[K’)
  326 |   marker.scale.z = std::max(marker.scale.z, 0.1f[01;36m[K)[m[K;
      |                                                 [01;36m[K^[m[K
In file included from [01m[K/usr/include/c++/9/bits/char_traits.h:39[m[K,
                 from [01m[K/usr/include/c++/9/string:40[m[K,
                 from [01m[K/opt/ros/noetic/include/ros/platform.h:38[m[K,
                 from [01m[K/opt/ros/noetic/include/ros/time.h:53[m[K,
                 from [01m[K/opt/ros/noetic/include/ros/ros.h:38[m[K,
                 from [01m[K/home/zzy/rangenet_pp/src/rangenet_pp/include/bounding_box.hpp:4[m[K,
                 from [01m[K/home/zzy/rangenet_pp/src/rangenet_pp/src/bounding_box.cpp:1[m[K:
[01m[K/usr/include/c++/9/bits/stl_algobase.h:268:5:[m[K [01;36m[Knote: [m[Kcandidate: ‘[01m[Ktemplate<class _Tp, class _Compare> constexpr const _Tp& std::max(const _Tp&, const _Tp&, _Compare)[m[K’
  268 |     [01;36m[Kmax[m[K(const _Tp& __a, const _Tp& __b, _Compare __comp)
      |     [01;36m[K^~~[m[K
[01m[K/usr/include/c++/9/bits/stl_algobase.h:268:5:[m[K [01;36m[Knote: [m[K  template argument deduction/substitution failed:
[01m[K/home/zzy/rangenet_pp/src/rangenet_pp/src/bounding_box.cpp:326:49:[m[K [01;36m[Knote: [m[K  deduced conflicting types for parameter ‘[01m[Kconst _Tp[m[K’ (‘[01m[Kdouble[m[K’ and ‘[01m[Kfloat[m[K’)
  326 |   marker.scale.z = std::max(marker.scale.z, 0.1f[01;36m[K)[m[K;
      |                                                 [01;36m[K^[m[K
In file included from [01m[K/usr/include/c++/9/algorithm:62[m[K,
                 from [01m[K/usr/include/boost/math/tools/config.hpp:18[m[K,
                 from [01m[K/usr/include/boost/math/special_functions/round.hpp:13[m[K,
                 from [01m[K/opt/ros/noetic/include/ros/time.h:58[m[K,
                 from [01m[K/opt/ros/noetic/include/ros/ros.h:38[m[K,
                 from [01m[K/home/zzy/rangenet_pp/src/rangenet_pp/include/bounding_box.hpp:4[m[K,
                 from [01m[K/home/zzy/rangenet_pp/src/rangenet_pp/src/bounding_box.cpp:1[m[K:
[01m[K/usr/include/c++/9/bits/stl_algo.h:3462:5:[m[K [01;36m[Knote: [m[Kcandidate: ‘[01m[Ktemplate<class _Tp> constexpr _Tp std::max(std::initializer_list<_Tp>)[m[K’
 3462 |     [01;36m[Kmax[m[K(initializer_list<_Tp> __l)
      |     [01;36m[K^~~[m[K
[01m[K/usr/include/c++/9/bits/stl_algo.h:3462:5:[m[K [01;36m[Knote: [m[K  template argument deduction/substitution failed:
[01m[K/home/zzy/rangenet_pp/src/rangenet_pp/src/bounding_box.cpp:326:49:[m[K [01;36m[Knote: [m[K  mismatched types ‘[01m[Kstd::initializer_list<_Tp>[m[K’ and ‘[01m[Kdouble[m[K’
  326 |   marker.scale.z = std::max(marker.scale.z, 0.1f[01;36m[K)[m[K;
      |                                                 [01;36m[K^[m[K
In file included from [01m[K/usr/include/c++/9/algorithm:62[m[K,
                 from [01m[K/usr/include/boost/math/tools/config.hpp:18[m[K,
                 from [01m[K/usr/include/boost/math/special_functions/round.hpp:13[m[K,
                 from [01m[K/opt/ros/noetic/include/ros/time.h:58[m[K,
                 from [01m[K/opt/ros/noetic/include/ros/ros.h:38[m[K,
                 from [01m[K/home/zzy/rangenet_pp/src/rangenet_pp/include/bounding_box.hpp:4[m[K,
                 from [01m[K/home/zzy/rangenet_pp/src/rangenet_pp/src/bounding_box.cpp:1[m[K:
[01m[K/usr/include/c++/9/bits/stl_algo.h:3468:5:[m[K [01;36m[Knote: [m[Kcandidate: ‘[01m[Ktemplate<class _Tp, class _Compare> constexpr _Tp std::max(std::initializer_list<_Tp>, _Compare)[m[K’
 3468 |     [01;36m[Kmax[m[K(initializer_list<_Tp> __l, _Compare __comp)
      |     [01;36m[K^~~[m[K
[01m[K/usr/include/c++/9/bits/stl_algo.h:3468:5:[m[K [01;36m[Knote: [m[K  template argument deduction/substitution failed:
[01m[K/home/zzy/rangenet_pp/src/rangenet_pp/src/bounding_box.cpp:326:49:[m[K [01;36m[Knote: [m[K  mismatched types ‘[01m[Kstd::initializer_list<_Tp>[m[K’ and ‘[01m[Kdouble[m[K’
  326 |   marker.scale.z = std::max(marker.scale.z, 0.1f[01;36m[K)[m[K;
      |                                                 [01;36m[K^[m[K
In file included from [01m[K/home/zzy/rangenet_pp/src/rangenet_pp/src/ros1_demo.cpp:10[m[K:
[01m[K/home/zzy/rangenet_pp/src/rangenet_pp/include/bounding_box.hpp:18:7:[m[K [01;31m[Kerror: [m[Kconflicting declaration ‘[01m[Kusing PointType = struct pcl::PointXYZ[m[K’
   18 | using [01;31m[KPointType[m[K = pcl::PointXYZ;
      |       [01;31m[K^~~~~~~~~[m[K
In file included from [01m[K/home/zzy/rangenet_pp/src/rangenet_pp/src/ops/project.hpp:13[m[K,
                 from [01m[K/home/zzy/rangenet_pp/src/rangenet_pp/include/net.hpp:16[m[K,
                 from [01m[K/home/zzy/rangenet_pp/src/rangenet_pp/include/netTensorRT.hpp:9[m[K,
                 from [01m[K/home/zzy/rangenet_pp/src/rangenet_pp/src/ros1_demo.cpp:1[m[K:
[01m[K/home/zzy/rangenet_pp/src/rangenet_pp/src/utils/pointcloud_io.h:9:24:[m[K [01;36m[Knote: [m[Kprevious declaration as ‘[01m[Ktypedef struct pcl::PointXYZI PointType[m[K’
    9 | typedef pcl::PointXYZI [01;36m[KPointType[m[K;
      |                        [01;36m[K^~~~~~~~~[m[K
make[2]: *** [CMakeFiles/ros1_demo.dir/build.make:95：CMakeFiles/ros1_demo.dir/src/bounding_box.cpp.o] 错误 1
make[2]: *** 正在等待未完成的任务....
make[2]: *** [CMakeFiles/ros1_demo.dir/build.make:82：CMakeFiles/ros1_demo.dir/src/ros1_demo.cpp.o] 错误 1
make[1]: *** [CMakeFiles/Makefile2:361：CMakeFiles/ros1_demo.dir/all] 错误 2
make[1]: *** 正在等待未完成的任务....
/usr/bin/ld: warning: libpcl_visualization.so.1.10, needed by /home/zzy/rangenet_pp/devel/.private/rangenet_pp/lib/librangenet_lib.so, may conflict with libpcl_visualization.so.1.14
/usr/bin/ld: warning: libpcl_io.so.1.10, needed by /usr/lib/x86_64-linux-gnu/libpcl_visualization.so, may conflict with libpcl_io.so.1.14
/usr/bin/ld: warning: libpcl_common.so.1.10, needed by /usr/lib/x86_64-linux-gnu/libpcl_visualization.so, may conflict with libpcl_common.so.1.14
make: *** [Makefile:160：all] 错误 2
