[01m[K<command-line>:[m[K [01;35m[Kwarning: [m[KISO C++11 requires whitespace after the macro name
[01m[K<command-line>:[m[K [01;35m[Kwarning: [m[KISO C++11 requires whitespace after the macro name
[01m[K<command-line>:[m[K [01;35m[Kwarning: [m[KISO C++11 requires whitespace after the macro name
[01m[K<command-line>:[m[K [01;35m[Kwarning: [m[KISO C++11 requires whitespace after the macro name
[01m[K<command-line>:[m[K [01;35m[Kwarning: [m[KISO C++11 requires whitespace after the macro name
[01m[K<command-line>:[m[K [01;35m[Kwarning: [m[KISO C++11 requires whitespace after the macro name
/usr/bin/ld: CMakeFiles/demo.dir/src/demo.cpp.o: in function `YAML::TypedBadConversion<std::__cxx11::basic_string<char, std::char_traits<char>, std::allocator<char> > >::~TypedBadConversion()':
demo.cpp:(.text._ZN4YAML18TypedBadConversionINSt7__cxx1112basic_stringIcSt11char_traitsIcESaIcEEEED2Ev[_ZN4YAML18TypedBadConversionINSt7__cxx1112basic_stringIcSt11char_traitsIcESaIcEEEED5Ev]+0x13): undefined reference to `YAML::BadConversion::~BadConversion()'
/usr/bin/ld: CMakeFiles/demo.dir/src/demo.cpp.o: in function `YAML::TypedBadConversion<std::__cxx11::basic_string<char, std::char_traits<char>, std::allocator<char> > >::~TypedBadConversion()':
demo.cpp:(.text._ZN4YAML18TypedBadConversionINSt7__cxx1112basic_stringIcSt11char_traitsIcESaIcEEEED0Ev[_ZN4YAML18TypedBadConversionINSt7__cxx1112basic_stringIcSt11char_traitsIcESaIcEEEED5Ev]+0x17): undefined reference to `YAML::BadConversion::~BadConversion()'
/usr/bin/ld: CMakeFiles/demo.dir/src/demo.cpp.o: in function `YAML::Exception::Exception(YAML::Mark const&, std::__cxx11::basic_string<char, std::char_traits<char>, std::allocator<char> > const&)':
demo.cpp:(.text._ZN4YAML9ExceptionC2ERKNS_4MarkERKNSt7__cxx1112basic_stringIcSt11char_traitsIcESaIcEEE[_ZN4YAML9ExceptionC5ERKNS_4MarkERKNSt7__cxx1112basic_stringIcSt11char_traitsIcESaIcEEE]+0x56): undefined reference to `vtable for YAML::Exception'
/usr/bin/ld: CMakeFiles/demo.dir/src/demo.cpp.o: in function `YAML::BadConversion::BadConversion(YAML::Mark const&)':
demo.cpp:(.text._ZN4YAML13BadConversionC2ERKNS_4MarkE[_ZN4YAML13BadConversionC5ERKNS_4MarkE]+0x8e): undefined reference to `vtable for YAML::Exception'
/usr/bin/ld: demo.cpp:(.text._ZN4YAML13BadConversionC2ERKNS_4MarkE[_ZN4YAML13BadConversionC5ERKNS_4MarkE]+0xe9): undefined reference to `vtable for YAML::RepresentationException'
/usr/bin/ld: demo.cpp:(.text._ZN4YAML13BadConversionC2ERKNS_4MarkE[_ZN4YAML13BadConversionC5ERKNS_4MarkE]+0x110): undefined reference to `vtable for YAML::BadConversion'
/usr/bin/ld: CMakeFiles/demo.dir/src/demo.cpp.o: in function `YAML::InvalidNode::InvalidNode(std::__cxx11::basic_string<char, std::char_traits<char>, std::allocator<char> > const&)':
demo.cpp:(.text._ZN4YAML11InvalidNodeC2ERKNSt7__cxx1112basic_stringIcSt11char_traitsIcESaIcEEE[_ZN4YAML11InvalidNodeC5ERKNSt7__cxx1112basic_stringIcSt11char_traitsIcESaIcEEE]+0x420): undefined reference to `vtable for YAML::Exception'
/usr/bin/ld: demo.cpp:(.text._ZN4YAML11InvalidNodeC2ERKNSt7__cxx1112basic_stringIcSt11char_traitsIcESaIcEEE[_ZN4YAML11InvalidNodeC5ERKNSt7__cxx1112basic_stringIcSt11char_traitsIcESaIcEEE]+0x488): undefined reference to `vtable for YAML::RepresentationException'
/usr/bin/ld: demo.cpp:(.text._ZN4YAML11InvalidNodeC2ERKNSt7__cxx1112basic_stringIcSt11char_traitsIcESaIcEEE[_ZN4YAML11InvalidNodeC5ERKNSt7__cxx1112basic_stringIcSt11char_traitsIcESaIcEEE]+0x4b0): undefined reference to `vtable for YAML::InvalidNode'
/usr/bin/ld: CMakeFiles/demo.dir/src/demo.cpp.o: in function `YAML::detail::node_data::get<char [10]>(char const (&) [10], std::shared_ptr<YAML::detail::memory_holder>)::{lambda(std::pair<YAML::detail::node*, YAML::detail::node*>)#1}::operator()(std::pair<YAML::detail::node*, YAML::detail::node*>) const [clone .isra.0]':
demo.cpp:(.text._ZZN4YAML6detail9node_data3getIA10_cEERNS0_4nodeERKT_St10shared_ptrINS0_13memory_holderEEENKUlSt4pairIPS4_SD_EE_clESE_.isra.0[_ZSt9__find_ifIN9__gnu_cxx17__normal_iteratorIPSt4pairIPN4YAML6detail4nodeES6_ESt6vectorIS7_SaIS7_EEEENS0_5__ops10_Iter_predIZNS4_9node_data3getIA10_cEERS5_RKT_St10shared_ptrINS4_13memory_holderEEEUlS7_E_EEESJ_SJ_SJ_T0_St26random_access_iterator_tag]+0x2d0): undefined reference to `YAML::InvalidNode::~InvalidNode()'
/usr/bin/ld: demo.cpp:(.text._ZZN4YAML6detail9node_data3getIA10_cEERNS0_4nodeERKT_St10shared_ptrINS0_13memory_holderEEENKUlSt4pairIPS4_SD_EE_clESE_.isra.0[_ZSt9__find_ifIN9__gnu_cxx17__normal_iteratorIPSt4pairIPN4YAML6detail4nodeES6_ESt6vectorIS7_SaIS7_EEEENS0_5__ops10_Iter_predIZNS4_9node_data3getIA10_cEERS5_RKT_St10shared_ptrINS4_13memory_holderEEEUlS7_E_EEESJ_SJ_SJ_T0_St26random_access_iterator_tag]+0x2d7): undefined reference to `typeinfo for YAML::InvalidNode'
/usr/bin/ld: CMakeFiles/demo.dir/src/demo.cpp.o: in function `YAML::detail::node::mark_defined()':
demo.cpp:(.text._ZN4YAML6detail4node12mark_definedEv[_ZN4YAML6detail4node12mark_definedEv]+0x31): undefined reference to `YAML::detail::node_data::mark_defined()'
/usr/bin/ld: CMakeFiles/demo.dir/src/demo.cpp.o: in function `__gnu_cxx::__normal_iterator<std::pair<YAML::detail::node*, YAML::detail::node*>*, std::vector<std::pair<YAML::detail::node*, YAML::detail::node*>, std::allocator<std::pair<YAML::detail::node*, YAML::detail::node*> > > > std::__find_if<__gnu_cxx::__normal_iterator<std::pair<YAML::detail::node*, YAML::detail::node*>*, std::vector<std::pair<YAML::detail::node*, YAML::detail::node*>, std::allocator<std::pair<YAML::detail::node*, YAML::detail::node*> > > >, __gnu_cxx::__ops::_Iter_pred<YAML::detail::node_data::get<char [10]>(char const (&) [10], std::shared_ptr<YAML::detail::memory_holder>)::{lambda(std::pair<YAML::detail::node*, YAML::detail::node*>)#1}> >(__gnu_cxx::__normal_iterator<std::pair<YAML::detail::node*, YAML::detail::node*>*, std::vector<std::pair<YAML::detail::node*, YAML::detail::node*>, std::allocator<std::pair<YAML::detail::node*, YAML::detail::node*> > > >, __gnu_cxx::__normal_iterator<std::pair<YAML::detail::node*, YAML::detail::node*>*, std::vector<std::pair<YAML::detail::node*, YAML::detail::node*>, std::allocator<std::pair<YAML::detail::node*, YAML::detail::node*> > > >, __gnu_cxx::__ops::_Iter_pred<YAML::detail::node_data::get<char [10]>(char const (&) [10], std::shared_ptr<YAML::detail::memory_holder>)::{lambda(std::pair<YAML::detail::node*, YAML::detail::node*>)#1}>, std::random_access_iterator_tag)':
demo.cpp:(.text._ZSt9__find_ifIN9__gnu_cxx17__normal_iteratorIPSt4pairIPN4YAML6detail4nodeES6_ESt6vectorIS7_SaIS7_EEEENS0_5__ops10_Iter_predIZNS4_9node_data3getIA10_cEERS5_RKT_St10shared_ptrINS4_13memory_holderEEEUlS7_E_EEESJ_SJ_SJ_T0_St26random_access_iterator_tag[_ZSt9__find_ifIN9__gnu_cxx17__normal_iteratorIPSt4pairIPN4YAML6detail4nodeES6_ESt6vectorIS7_SaIS7_EEEENS0_5__ops10_Iter_predIZNS4_9node_data3getIA10_cEERS5_RKT_St10shared_ptrINS4_13memory_holderEEEUlS7_E_EEESJ_SJ_SJ_T0_St26random_access_iterator_tag]+0xb9d): undefined reference to `YAML::InvalidNode::~InvalidNode()'
/usr/bin/ld: demo.cpp:(.text._ZSt9__find_ifIN9__gnu_cxx17__normal_iteratorIPSt4pairIPN4YAML6detail4nodeES6_ESt6vectorIS7_SaIS7_EEEENS0_5__ops10_Iter_predIZNS4_9node_data3getIA10_cEERS5_RKT_St10shared_ptrINS4_13memory_holderEEEUlS7_E_EEESJ_SJ_SJ_T0_St26random_access_iterator_tag[_ZSt9__find_ifIN9__gnu_cxx17__normal_iteratorIPSt4pairIPN4YAML6detail4nodeES6_ESt6vectorIS7_SaIS7_EEEENS0_5__ops10_Iter_predIZNS4_9node_data3getIA10_cEERS5_RKT_St10shared_ptrINS4_13memory_holderEEEUlS7_E_EEESJ_SJ_SJ_T0_St26random_access_iterator_tag]+0xba4): undefined reference to `typeinfo for YAML::InvalidNode'
/usr/bin/ld: demo.cpp:(.text._ZSt9__find_ifIN9__gnu_cxx17__normal_iteratorIPSt4pairIPN4YAML6detail4nodeES6_ESt6vectorIS7_SaIS7_EEEENS0_5__ops10_Iter_predIZNS4_9node_data3getIA10_cEERS5_RKT_St10shared_ptrINS4_13memory_holderEEEUlS7_E_EEESJ_SJ_SJ_T0_St26random_access_iterator_tag[_ZSt9__find_ifIN9__gnu_cxx17__normal_iteratorIPSt4pairIPN4YAML6detail4nodeES6_ESt6vectorIS7_SaIS7_EEEENS0_5__ops10_Iter_predIZNS4_9node_data3getIA10_cEERS5_RKT_St10shared_ptrINS4_13memory_holderEEEUlS7_E_EEESJ_SJ_SJ_T0_St26random_access_iterator_tag]+0xc1f): undefined reference to `YAML::InvalidNode::~InvalidNode()'
/usr/bin/ld: demo.cpp:(.text._ZSt9__find_ifIN9__gnu_cxx17__normal_iteratorIPSt4pairIPN4YAML6detail4nodeES6_ESt6vectorIS7_SaIS7_EEEENS0_5__ops10_Iter_predIZNS4_9node_data3getIA10_cEERS5_RKT_St10shared_ptrINS4_13memory_holderEEEUlS7_E_EEESJ_SJ_SJ_T0_St26random_access_iterator_tag[_ZSt9__find_ifIN9__gnu_cxx17__normal_iteratorIPSt4pairIPN4YAML6detail4nodeES6_ESt6vectorIS7_SaIS7_EEEENS0_5__ops10_Iter_predIZNS4_9node_data3getIA10_cEERS5_RKT_St10shared_ptrINS4_13memory_holderEEEUlS7_E_EEESJ_SJ_SJ_T0_St26random_access_iterator_tag]+0xc26): undefined reference to `typeinfo for YAML::InvalidNode'
/usr/bin/ld: demo.cpp:(.text._ZSt9__find_ifIN9__gnu_cxx17__normal_iteratorIPSt4pairIPN4YAML6detail4nodeES6_ESt6vectorIS7_SaIS7_EEEENS0_5__ops10_Iter_predIZNS4_9node_data3getIA10_cEERS5_RKT_St10shared_ptrINS4_13memory_holderEEEUlS7_E_EEESJ_SJ_SJ_T0_St26random_access_iterator_tag[_ZSt9__find_ifIN9__gnu_cxx17__normal_iteratorIPSt4pairIPN4YAML6detail4nodeES6_ESt6vectorIS7_SaIS7_EEEENS0_5__ops10_Iter_predIZNS4_9node_data3getIA10_cEERS5_RKT_St10shared_ptrINS4_13memory_holderEEEUlS7_E_EEESJ_SJ_SJ_T0_St26random_access_iterator_tag]+0xc61): undefined reference to `YAML::InvalidNode::~InvalidNode()'
/usr/bin/ld: demo.cpp:(.text._ZSt9__find_ifIN9__gnu_cxx17__normal_iteratorIPSt4pairIPN4YAML6detail4nodeES6_ESt6vectorIS7_SaIS7_EEEENS0_5__ops10_Iter_predIZNS4_9node_data3getIA10_cEERS5_RKT_St10shared_ptrINS4_13memory_holderEEEUlS7_E_EEESJ_SJ_SJ_T0_St26random_access_iterator_tag[_ZSt9__find_ifIN9__gnu_cxx17__normal_iteratorIPSt4pairIPN4YAML6detail4nodeES6_ESt6vectorIS7_SaIS7_EEEENS0_5__ops10_Iter_predIZNS4_9node_data3getIA10_cEERS5_RKT_St10shared_ptrINS4_13memory_holderEEEUlS7_E_EEESJ_SJ_SJ_T0_St26random_access_iterator_tag]+0xc68): undefined reference to `typeinfo for YAML::InvalidNode'
/usr/bin/ld: demo.cpp:(.text._ZSt9__find_ifIN9__gnu_cxx17__normal_iteratorIPSt4pairIPN4YAML6detail4nodeES6_ESt6vectorIS7_SaIS7_EEEENS0_5__ops10_Iter_predIZNS4_9node_data3getIA10_cEERS5_RKT_St10shared_ptrINS4_13memory_holderEEEUlS7_E_EEESJ_SJ_SJ_T0_St26random_access_iterator_tag[_ZSt9__find_ifIN9__gnu_cxx17__normal_iteratorIPSt4pairIPN4YAML6detail4nodeES6_ESt6vectorIS7_SaIS7_EEEENS0_5__ops10_Iter_predIZNS4_9node_data3getIA10_cEERS5_RKT_St10shared_ptrINS4_13memory_holderEEEUlS7_E_EEESJ_SJ_SJ_T0_St26random_access_iterator_tag]+0xc91): undefined reference to `YAML::InvalidNode::~InvalidNode()'
/usr/bin/ld: demo.cpp:(.text._ZSt9__find_ifIN9__gnu_cxx17__normal_iteratorIPSt4pairIPN4YAML6detail4nodeES6_ESt6vectorIS7_SaIS7_EEEENS0_5__ops10_Iter_predIZNS4_9node_data3getIA10_cEERS5_RKT_St10shared_ptrINS4_13memory_holderEEEUlS7_E_EEESJ_SJ_SJ_T0_St26random_access_iterator_tag[_ZSt9__find_ifIN9__gnu_cxx17__normal_iteratorIPSt4pairIPN4YAML6detail4nodeES6_ESt6vectorIS7_SaIS7_EEEENS0_5__ops10_Iter_predIZNS4_9node_data3getIA10_cEERS5_RKT_St10shared_ptrINS4_13memory_holderEEEUlS7_E_EEESJ_SJ_SJ_T0_St26random_access_iterator_tag]+0xc98): undefined reference to `typeinfo for YAML::InvalidNode'
/usr/bin/ld: CMakeFiles/demo.dir/src/demo.cpp.o: in function `YAML::Node YAML::Node::operator[]<char [10]>(char const (&) [10])':
demo.cpp:(.text._ZN4YAML4NodeixIA10_cEES0_RKT_[_ZN4YAML4NodeixIA10_cEES0_RKT_]+0x141): undefined reference to `YAML::detail::node_data::convert_to_map(std::shared_ptr<YAML::detail::memory_holder> const&)'
/usr/bin/ld: demo.cpp:(.text._ZN4YAML4NodeixIA10_cEES0_RKT_[_ZN4YAML4NodeixIA10_cEES0_RKT_]+0x200): undefined reference to `YAML::detail::node_data::mark_defined()'
/usr/bin/ld: demo.cpp:(.text._ZN4YAML4NodeixIA10_cEES0_RKT_[_ZN4YAML4NodeixIA10_cEES0_RKT_]+0x6cf): undefined reference to `YAML::detail::memory::create_node()'
/usr/bin/ld: demo.cpp:(.text._ZN4YAML4NodeixIA10_cEES0_RKT_[_ZN4YAML4NodeixIA10_cEES0_RKT_]+0x759): undefined reference to `YAML::detail::node_data::mark_defined()'
/usr/bin/ld: demo.cpp:(.text._ZN4YAML4NodeixIA10_cEES0_RKT_[_ZN4YAML4NodeixIA10_cEES0_RKT_]+0x7dd): undefined reference to `YAML::detail::node_data::set_scalar(std::__cxx11::basic_string<char, std::char_traits<char>, std::allocator<char> > const&)'
/usr/bin/ld: demo.cpp:(.text._ZN4YAML4NodeixIA10_cEES0_RKT_[_ZN4YAML4NodeixIA10_cEES0_RKT_]+0x81d): undefined reference to `YAML::detail::memory_holder::merge(YAML::detail::memory_holder&)'
/usr/bin/ld: demo.cpp:(.text._ZN4YAML4NodeixIA10_cEES0_RKT_[_ZN4YAML4NodeixIA10_cEES0_RKT_]+0x909): undefined reference to `YAML::detail::memory::create_node()'
/usr/bin/ld: demo.cpp:(.text._ZN4YAML4NodeixIA10_cEES0_RKT_[_ZN4YAML4NodeixIA10_cEES0_RKT_]+0x91a): undefined reference to `YAML::detail::node_data::insert_map_pair(YAML::detail::node&, YAML::detail::node&)'
/usr/bin/ld: demo.cpp:(.text._ZN4YAML4NodeixIA10_cEES0_RKT_[_ZN4YAML4NodeixIA10_cEES0_RKT_]+0xa16): undefined reference to `YAML::detail::memory::create_node()'
/usr/bin/ld: demo.cpp:(.text._ZN4YAML4NodeixIA10_cEES0_RKT_[_ZN4YAML4NodeixIA10_cEES0_RKT_]+0xa33): undefined reference to `YAML::detail::node_data::mark_defined()'
/usr/bin/ld: demo.cpp:(.text._ZN4YAML4NodeixIA10_cEES0_RKT_[_ZN4YAML4NodeixIA10_cEES0_RKT_]+0xaa7): undefined reference to `YAML::detail::node_data::set_null()'
/usr/bin/ld: demo.cpp:(.text._ZN4YAML4NodeixIA10_cEES0_RKT_[_ZN4YAML4NodeixIA10_cEES0_RKT_]+0xcf1): undefined reference to `YAML::detail::memory::create_node()'
/usr/bin/ld: demo.cpp:(.text._ZN4YAML4NodeixIA10_cEES0_RKT_[_ZN4YAML4NodeixIA10_cEES0_RKT_]+0xd10): undefined reference to `YAML::detail::node_data::mark_defined()'
/usr/bin/ld: demo.cpp:(.text._ZN4YAML4NodeixIA10_cEES0_RKT_[_ZN4YAML4NodeixIA10_cEES0_RKT_]+0xd9f): undefined reference to `YAML::detail::node_data::set_null()'
/usr/bin/ld: demo.cpp:(.text._ZN4YAML4NodeixIA10_cEES0_RKT_[_ZN4YAML4NodeixIA10_cEES0_RKT_]+0xe97): undefined reference to `YAML::detail::memory::create_node()'
/usr/bin/ld: demo.cpp:(.text._ZN4YAML4NodeixIA10_cEES0_RKT_[_ZN4YAML4NodeixIA10_cEES0_RKT_]+0xeb2): undefined reference to `YAML::detail::node_data::mark_defined()'
/usr/bin/ld: demo.cpp:(.text._ZN4YAML4NodeixIA10_cEES0_RKT_[_ZN4YAML4NodeixIA10_cEES0_RKT_]+0xf31): undefined reference to `YAML::detail::node_data::set_null()'
/usr/bin/ld: demo.cpp:(.text._ZN4YAML4NodeixIA10_cEES0_RKT_[_ZN4YAML4NodeixIA10_cEES0_RKT_]+0x1048): undefined reference to `YAML::InvalidNode::~InvalidNode()'
/usr/bin/ld: demo.cpp:(.text._ZN4YAML4NodeixIA10_cEES0_RKT_[_ZN4YAML4NodeixIA10_cEES0_RKT_]+0x104f): undefined reference to `typeinfo for YAML::InvalidNode'
/usr/bin/ld: demo.cpp:(.text._ZN4YAML4NodeixIA10_cEES0_RKT_[_ZN4YAML4NodeixIA10_cEES0_RKT_]+0x116e): undefined reference to `vtable for YAML::RepresentationException'
/usr/bin/ld: demo.cpp:(.text._ZN4YAML4NodeixIA10_cEES0_RKT_[_ZN4YAML4NodeixIA10_cEES0_RKT_]+0x1197): undefined reference to `vtable for YAML::BadSubscript'
/usr/bin/ld: demo.cpp:(.text._ZN4YAML4NodeixIA10_cEES0_RKT_[_ZN4YAML4NodeixIA10_cEES0_RKT_]+0x119e): undefined reference to `YAML::BadSubscript::~BadSubscript()'
/usr/bin/ld: demo.cpp:(.text._ZN4YAML4NodeixIA10_cEES0_RKT_[_ZN4YAML4NodeixIA10_cEES0_RKT_]+0x11a8): undefined reference to `typeinfo for YAML::BadSubscript'
/usr/bin/ld: demo.cpp:(.text._ZN4YAML4NodeixIA10_cEES0_RKT_[_ZN4YAML4NodeixIA10_cEES0_RKT_]+0x131b): undefined reference to `YAML::InvalidNode::~InvalidNode()'
/usr/bin/ld: demo.cpp:(.text._ZN4YAML4NodeixIA10_cEES0_RKT_[_ZN4YAML4NodeixIA10_cEES0_RKT_]+0x1322): undefined reference to `typeinfo for YAML::InvalidNode'
/usr/bin/ld: demo.cpp:(.text._ZN4YAML4NodeixIA10_cEES0_RKT_[_ZN4YAML4NodeixIA10_cEES0_RKT_]+0x1411): undefined reference to `YAML::InvalidNode::~InvalidNode()'
/usr/bin/ld: demo.cpp:(.text._ZN4YAML4NodeixIA10_cEES0_RKT_[_ZN4YAML4NodeixIA10_cEES0_RKT_]+0x1418): undefined reference to `typeinfo for YAML::InvalidNode'
/usr/bin/ld: CMakeFiles/demo.dir/src/demo.cpp.o: in function `main.cold':
demo.cpp:(.text.unlikely+0x145): undefined reference to `YAML::InvalidNode::~InvalidNode()'
/usr/bin/ld: demo.cpp:(.text.unlikely+0x14c): undefined reference to `typeinfo for YAML::InvalidNode'
/usr/bin/ld: demo.cpp:(.text.unlikely+0x191): undefined reference to `YAML::InvalidNode::~InvalidNode()'
/usr/bin/ld: demo.cpp:(.text.unlikely+0x198): undefined reference to `typeinfo for YAML::InvalidNode'
/usr/bin/ld: demo.cpp:(.text.unlikely+0x1e9): undefined reference to `YAML::InvalidNode::~InvalidNode()'
/usr/bin/ld: demo.cpp:(.text.unlikely+0x1f0): undefined reference to `typeinfo for YAML::InvalidNode'
/usr/bin/ld: CMakeFiles/demo.dir/src/demo.cpp.o: in function `main':
demo.cpp:(.text.startup+0x24d): undefined reference to `YAML::LoadFile(std::__cxx11::basic_string<char, std::char_traits<char>, std::allocator<char> > const&)'
/usr/bin/ld: CMakeFiles/demo.dir/src/demo.cpp.o:(.data.rel.ro._ZTIN4YAML18TypedBadConversionINSt7__cxx1112basic_stringIcSt11char_traitsIcESaIcEEEEE[_ZTIN4YAML18TypedBadConversionINSt7__cxx1112basic_stringIcSt11char_traitsIcESaIcEEEEE]+0x10): undefined reference to `typeinfo for YAML::BadConversion'
/usr/bin/ld: /home/zzy/rangenet_pp/devel/.private/rangenet_pp/lib/librangenet_lib.so: undefined reference to `YAML::detail::node_data::begin()'
/usr/bin/ld: /home/zzy/rangenet_pp/devel/.private/rangenet_pp/lib/librangenet_lib.so: undefined reference to `YAML::Exception::~Exception()'
/usr/bin/ld: /home/zzy/rangenet_pp/devel/.private/rangenet_pp/lib/librangenet_lib.so: undefined reference to `typeinfo for YAML::Exception'
/usr/bin/ld: /home/zzy/rangenet_pp/devel/.private/rangenet_pp/lib/librangenet_lib.so: undefined reference to `pcl::visualization::PCLVisualizer::createActorFromVTKDataSet(vtkSmartPointer<vtkDataSet> const&, vtkSmartPointer<vtkLODActor>&, bool)'
/usr/bin/ld: /home/zzy/rangenet_pp/devel/.private/rangenet_pp/lib/librangenet_lib.so: undefined reference to `createNvOnnxParser_INTERNAL'
/usr/bin/ld: /home/zzy/rangenet_pp/devel/.private/rangenet_pp/lib/librangenet_lib.so: undefined reference to `YAML::detail::node_data::size() const'
/usr/bin/ld: /home/zzy/rangenet_pp/devel/.private/rangenet_pp/lib/librangenet_lib.so: undefined reference to `YAML::detail::node_data::empty_scalar[abi:cxx11]()'
/usr/bin/ld: /home/zzy/rangenet_pp/devel/.private/rangenet_pp/lib/librangenet_lib.so: undefined reference to `createInferBuilder_INTERNAL'
/usr/bin/ld: /home/zzy/rangenet_pp/devel/.private/rangenet_pp/lib/librangenet_lib.so: undefined reference to `YAML::detail::node_data::end()'
/usr/bin/ld: /home/zzy/rangenet_pp/devel/.private/rangenet_pp/lib/librangenet_lib.so: undefined reference to `createInferRuntime_INTERNAL'
/usr/bin/ld: /home/zzy/rangenet_pp/devel/.private/rangenet_pp/lib/librangenet_lib.so: undefined reference to `std::__cxx11::basic_string<char, std::char_traits<char>, std::allocator<char> > fmt::v6::internal::vformat<char>(fmt::v6::basic_string_view<char>, fmt::v6::basic_format_args<fmt::v6::basic_format_context<std::back_insert_iterator<fmt::v6::internal::buffer<char> >, char> >)'
collect2: error: ld returned 1 exit status
make[2]: *** [CMakeFiles/demo.dir/build.make:366：/home/zzy/rangenet_pp/devel/.private/rangenet_pp/lib/rangenet_pp/demo] 错误 1
make[1]: *** [CMakeFiles/Makefile2:250：CMakeFiles/demo.dir/all] 错误 2
make[1]: *** 正在等待未完成的任务....
/usr/bin/ld: CMakeFiles/ros1_demo.dir/src/bounding_box.cpp.o: in function `BoundingBoxGenerator::euclideanClustering(boost::shared_ptr<pcl::PointCloud<pcl::PointXYZI> > const&, double, int, int)':
bounding_box.cpp:(.text+0x8fd): undefined reference to `pcl::PCLBase<pcl::PointXYZI>::setInputCloud(boost::shared_ptr<pcl::PointCloud<pcl::PointXYZI> const> const&)'
/usr/bin/ld: CMakeFiles/ros1_demo.dir/src/bounding_box.cpp.o: in function `BoundingBoxGenerator::performClustering(boost::shared_ptr<pcl::PointCloud<pcl::PointXYZRGB> > const&, std::vector<int, std::allocator<int> > const&, float)':
bounding_box.cpp:(.text+0xc2a): undefined reference to `pcl::PCLBase<pcl::PointXYZRGB>::setInputCloud(boost::shared_ptr<pcl::PointCloud<pcl::PointXYZRGB> const> const&)'
/usr/bin/ld: bounding_box.cpp:(.text+0xc5c): undefined reference to `pcl::PCLBase<pcl::PointXYZRGB>::setIndices(boost::shared_ptr<pcl::PointIndices const> const&)'
/usr/bin/ld: CMakeFiles/ros1_demo.dir/src/bounding_box.cpp.o: in function `BoundingBoxGenerator::getXYConvexHull(boost::shared_ptr<pcl::PointCloud<pcl::PointXYZRGB> > const&, std::vector<int, std::allocator<int> > const&)':
bounding_box.cpp:(.text+0x26ea): undefined reference to `pcl::PCLBase<pcl::PointXYZ>::setInputCloud(boost::shared_ptr<pcl::PointCloud<pcl::PointXYZ> const> const&)'
/usr/bin/ld: CMakeFiles/ros1_demo.dir/src/bounding_box.cpp.o: in function `BoundingBoxGenerator::generateOrientedBoundingBoxes(boost::shared_ptr<pcl::PointCloud<pcl::PointXYZRGB> > const&, std::vector<pcl::PointIndices, std::allocator<pcl::PointIndices> > const&, std::__cxx11::basic_string<char, std::char_traits<char>, std::allocator<char> > const&, std::__cxx11::basic_string<char, std::char_traits<char>, std::allocator<char> > const&, int)':
bounding_box.cpp:(.text+0x45fa): undefined reference to `pcl::PCLBase<pcl::PointXYZRGB>::setInputCloud(boost::shared_ptr<pcl::PointCloud<pcl::PointXYZRGB> const> const&)'
/usr/bin/ld: CMakeFiles/ros1_demo.dir/src/bounding_box.cpp.o: in function `pcl::PCA<pcl::PointXYZRGB>::setInputCloud(boost::shared_ptr<pcl::PointCloud<pcl::PointXYZRGB> const> const&)':
bounding_box.cpp:(.text._ZN3pcl3PCAINS_11PointXYZRGBEE13setInputCloudERKN5boost10shared_ptrIKNS_10PointCloudIS1_EEEE[_ZN3pcl3PCAINS_11PointXYZRGBEE13setInputCloudERKN5boost10shared_ptrIKNS_10PointCloudIS1_EEEE]+0x9): undefined reference to `pcl::PCLBase<pcl::PointXYZRGB>::setInputCloud(boost::shared_ptr<pcl::PointCloud<pcl::PointXYZRGB> const> const&)'
/usr/bin/ld: CMakeFiles/ros1_demo.dir/src/bounding_box.cpp.o: in function `pcl::PCA<pcl::PointXYZRGB>::setIndices(boost::shared_ptr<pcl::PointIndices const> const&)':
bounding_box.cpp:(.text._ZN3pcl3PCAINS_11PointXYZRGBEE10setIndicesERKN5boost10shared_ptrIKNS_12PointIndicesEEE[_ZN3pcl3PCAINS_11PointXYZRGBEE10setIndicesERKN5boost10shared_ptrIKNS_12PointIndicesEEE]+0x9): undefined reference to `pcl::PCLBase<pcl::PointXYZRGB>::setIndices(boost::shared_ptr<pcl::PointIndices const> const&)'
/usr/bin/ld: CMakeFiles/ros1_demo.dir/src/bounding_box.cpp.o: in function `pcl::PCA<pcl::PointXYZRGB>::setIndices(boost::shared_ptr<std::vector<int, std::allocator<int> > > const&)':
bounding_box.cpp:(.text._ZN3pcl3PCAINS_11PointXYZRGBEE10setIndicesERKN5boost10shared_ptrISt6vectorIiSaIiEEEE[_ZN3pcl3PCAINS_11PointXYZRGBEE10setIndicesERKN5boost10shared_ptrISt6vectorIiSaIiEEEE]+0x9): undefined reference to `pcl::PCLBase<pcl::PointXYZRGB>::setIndices(boost::shared_ptr<std::vector<int, std::allocator<int> > > const&)'
/usr/bin/ld: CMakeFiles/ros1_demo.dir/src/bounding_box.cpp.o: in function `pcl::PCA<pcl::PointXYZRGB>::setIndices(boost::shared_ptr<std::vector<int, std::allocator<int> > const> const&)':
bounding_box.cpp:(.text._ZN3pcl3PCAINS_11PointXYZRGBEE10setIndicesERKN5boost10shared_ptrIKSt6vectorIiSaIiEEEE[_ZN3pcl3PCAINS_11PointXYZRGBEE10setIndicesERKN5boost10shared_ptrIKSt6vectorIiSaIiEEEE]+0x9): undefined reference to `pcl::PCLBase<pcl::PointXYZRGB>::setIndices(boost::shared_ptr<std::vector<int, std::allocator<int> > const> const&)'
/usr/bin/ld: CMakeFiles/ros1_demo.dir/src/bounding_box.cpp.o:(.data.rel.ro._ZTVN3pcl6search6KdTreeINS_8PointXYZENS_11KdTreeFLANNIS2_N5flann9L2_SimpleIfEEEEEE[_ZTVN3pcl6search6KdTreeINS_8PointXYZENS_11KdTreeFLANNIS2_N5flann9L2_SimpleIfEEEEEE]+0x38): undefined reference to `pcl::search::KdTree<pcl::PointXYZ, pcl::KdTreeFLANN<pcl::PointXYZ, flann::L2_Simple<float> > >::setInputCloud(boost::shared_ptr<pcl::PointCloud<pcl::PointXYZ> const> const&, boost::shared_ptr<std::vector<int, std::allocator<int> > const> const&)'
/usr/bin/ld: CMakeFiles/ros1_demo.dir/src/bounding_box.cpp.o:(.data.rel.ro._ZTVN3pcl6search6SearchINS_11PointXYZRGBEEE[_ZTVN3pcl6search6SearchINS_11PointXYZRGBEEE]+0x38): undefined reference to `pcl::search::Search<pcl::PointXYZRGB>::setInputCloud(boost::shared_ptr<pcl::PointCloud<pcl::PointXYZRGB> const> const&, boost::shared_ptr<std::vector<int, std::allocator<int> > const> const&)'
/usr/bin/ld: CMakeFiles/ros1_demo.dir/src/bounding_box.cpp.o:(.data.rel.ro._ZTVN3pcl6search6KdTreeINS_11PointXYZRGBENS_11KdTreeFLANNIS2_N5flann9L2_SimpleIfEEEEEE[_ZTVN3pcl6search6KdTreeINS_11PointXYZRGBENS_11KdTreeFLANNIS2_N5flann9L2_SimpleIfEEEEEE]+0x38): undefined reference to `pcl::search::KdTree<pcl::PointXYZRGB, pcl::KdTreeFLANN<pcl::PointXYZRGB, flann::L2_Simple<float> > >::setInputCloud(boost::shared_ptr<pcl::PointCloud<pcl::PointXYZRGB> const> const&, boost::shared_ptr<std::vector<int, std::allocator<int> > const> const&)'
/usr/bin/ld: CMakeFiles/ros1_demo.dir/src/bounding_box.cpp.o:(.data.rel.ro._ZTVN3pcl7PCLBaseINS_11PointXYZRGBEEE[_ZTVN3pcl7PCLBaseINS_11PointXYZRGBEEE]+0x20): undefined reference to `pcl::PCLBase<pcl::PointXYZRGB>::setInputCloud(boost::shared_ptr<pcl::PointCloud<pcl::PointXYZRGB> const> const&)'
/usr/bin/ld: CMakeFiles/ros1_demo.dir/src/bounding_box.cpp.o:(.data.rel.ro._ZTVN3pcl7PCLBaseINS_11PointXYZRGBEEE[_ZTVN3pcl7PCLBaseINS_11PointXYZRGBEEE]+0x28): undefined reference to `pcl::PCLBase<pcl::PointXYZRGB>::setIndices(boost::shared_ptr<std::vector<int, std::allocator<int> > > const&)'
/usr/bin/ld: CMakeFiles/ros1_demo.dir/src/bounding_box.cpp.o:(.data.rel.ro._ZTVN3pcl7PCLBaseINS_11PointXYZRGBEEE[_ZTVN3pcl7PCLBaseINS_11PointXYZRGBEEE]+0x30): undefined reference to `pcl::PCLBase<pcl::PointXYZRGB>::setIndices(boost::shared_ptr<std::vector<int, std::allocator<int> > const> const&)'
/usr/bin/ld: CMakeFiles/ros1_demo.dir/src/bounding_box.cpp.o:(.data.rel.ro._ZTVN3pcl7PCLBaseINS_11PointXYZRGBEEE[_ZTVN3pcl7PCLBaseINS_11PointXYZRGBEEE]+0x38): undefined reference to `pcl::PCLBase<pcl::PointXYZRGB>::setIndices(boost::shared_ptr<pcl::PointIndices const> const&)'
/usr/bin/ld: CMakeFiles/ros1_demo.dir/src/bounding_box.cpp.o:(.data.rel.ro._ZTVN3pcl26EuclideanClusterExtractionINS_11PointXYZRGBEEE[_ZTVN3pcl26EuclideanClusterExtractionINS_11PointXYZRGBEEE]+0x20): undefined reference to `pcl::PCLBase<pcl::PointXYZRGB>::setInputCloud(boost::shared_ptr<pcl::PointCloud<pcl::PointXYZRGB> const> const&)'
/usr/bin/ld: CMakeFiles/ros1_demo.dir/src/bounding_box.cpp.o:(.data.rel.ro._ZTVN3pcl26EuclideanClusterExtractionINS_11PointXYZRGBEEE[_ZTVN3pcl26EuclideanClusterExtractionINS_11PointXYZRGBEEE]+0x28): undefined reference to `pcl::PCLBase<pcl::PointXYZRGB>::setIndices(boost::shared_ptr<std::vector<int, std::allocator<int> > > const&)'
/usr/bin/ld: CMakeFiles/ros1_demo.dir/src/bounding_box.cpp.o:(.data.rel.ro._ZTVN3pcl26EuclideanClusterExtractionINS_11PointXYZRGBEEE[_ZTVN3pcl26EuclideanClusterExtractionINS_11PointXYZRGBEEE]+0x30): undefined reference to `pcl::PCLBase<pcl::PointXYZRGB>::setIndices(boost::shared_ptr<std::vector<int, std::allocator<int> > const> const&)'
/usr/bin/ld: CMakeFiles/ros1_demo.dir/src/bounding_box.cpp.o:(.data.rel.ro._ZTVN3pcl26EuclideanClusterExtractionINS_11PointXYZRGBEEE[_ZTVN3pcl26EuclideanClusterExtractionINS_11PointXYZRGBEEE]+0x38): undefined reference to `pcl::PCLBase<pcl::PointXYZRGB>::setIndices(boost::shared_ptr<pcl::PointIndices const> const&)'
/usr/bin/ld: CMakeFiles/ros1_demo.dir/src/bounding_box.cpp.o:(.data.rel.ro._ZTVN3pcl7PCLBaseINS_8PointXYZEEE[_ZTVN3pcl7PCLBaseINS_8PointXYZEEE]+0x20): undefined reference to `pcl::PCLBase<pcl::PointXYZ>::setInputCloud(boost::shared_ptr<pcl::PointCloud<pcl::PointXYZ> const> const&)'
/usr/bin/ld: CMakeFiles/ros1_demo.dir/src/bounding_box.cpp.o:(.data.rel.ro._ZTVN3pcl7PCLBaseINS_8PointXYZEEE[_ZTVN3pcl7PCLBaseINS_8PointXYZEEE]+0x28): undefined reference to `pcl::PCLBase<pcl::PointXYZ>::setIndices(boost::shared_ptr<std::vector<int, std::allocator<int> > > const&)'
/usr/bin/ld: CMakeFiles/ros1_demo.dir/src/bounding_box.cpp.o:(.data.rel.ro._ZTVN3pcl7PCLBaseINS_8PointXYZEEE[_ZTVN3pcl7PCLBaseINS_8PointXYZEEE]+0x30): undefined reference to `pcl::PCLBase<pcl::PointXYZ>::setIndices(boost::shared_ptr<std::vector<int, std::allocator<int> > const> const&)'
/usr/bin/ld: CMakeFiles/ros1_demo.dir/src/bounding_box.cpp.o:(.data.rel.ro._ZTVN3pcl7PCLBaseINS_8PointXYZEEE[_ZTVN3pcl7PCLBaseINS_8PointXYZEEE]+0x38): undefined reference to `pcl::PCLBase<pcl::PointXYZ>::setIndices(boost::shared_ptr<pcl::PointIndices const> const&)'
/usr/bin/ld: CMakeFiles/ros1_demo.dir/src/bounding_box.cpp.o:(.data.rel.ro._ZTVN3pcl6search6SearchINS_8PointXYZEEE[_ZTVN3pcl6search6SearchINS_8PointXYZEEE]+0x38): undefined reference to `pcl::search::Search<pcl::PointXYZ>::setInputCloud(boost::shared_ptr<pcl::PointCloud<pcl::PointXYZ> const> const&, boost::shared_ptr<std::vector<int, std::allocator<int> > const> const&)'
/usr/bin/ld: CMakeFiles/ros1_demo.dir/src/bounding_box.cpp.o:(.data.rel.ro._ZTVN3pcl14PCLSurfaceBaseINS_8PointXYZEEE[_ZTVN3pcl14PCLSurfaceBaseINS_8PointXYZEEE]+0x20): undefined reference to `pcl::PCLBase<pcl::PointXYZ>::setInputCloud(boost::shared_ptr<pcl::PointCloud<pcl::PointXYZ> const> const&)'
/usr/bin/ld: CMakeFiles/ros1_demo.dir/src/bounding_box.cpp.o:(.data.rel.ro._ZTVN3pcl14PCLSurfaceBaseINS_8PointXYZEEE[_ZTVN3pcl14PCLSurfaceBaseINS_8PointXYZEEE]+0x28): undefined reference to `pcl::PCLBase<pcl::PointXYZ>::setIndices(boost::shared_ptr<std::vector<int, std::allocator<int> > > const&)'
/usr/bin/ld: CMakeFiles/ros1_demo.dir/src/bounding_box.cpp.o:(.data.rel.ro._ZTVN3pcl14PCLSurfaceBaseINS_8PointXYZEEE[_ZTVN3pcl14PCLSurfaceBaseINS_8PointXYZEEE]+0x30): undefined reference to `pcl::PCLBase<pcl::PointXYZ>::setIndices(boost::shared_ptr<std::vector<int, std::allocator<int> > const> const&)'
/usr/bin/ld: CMakeFiles/ros1_demo.dir/src/bounding_box.cpp.o:(.data.rel.ro._ZTVN3pcl14PCLSurfaceBaseINS_8PointXYZEEE[_ZTVN3pcl14PCLSurfaceBaseINS_8PointXYZEEE]+0x38): undefined reference to `pcl::PCLBase<pcl::PointXYZ>::setIndices(boost::shared_ptr<pcl::PointIndices const> const&)'
/usr/bin/ld: CMakeFiles/ros1_demo.dir/src/bounding_box.cpp.o:(.data.rel.ro._ZTVN3pcl16MeshConstructionINS_8PointXYZEEE[_ZTVN3pcl16MeshConstructionINS_8PointXYZEEE]+0x20): undefined reference to `pcl::PCLBase<pcl::PointXYZ>::setInputCloud(boost::shared_ptr<pcl::PointCloud<pcl::PointXYZ> const> const&)'
/usr/bin/ld: CMakeFiles/ros1_demo.dir/src/bounding_box.cpp.o:(.data.rel.ro._ZTVN3pcl16MeshConstructionINS_8PointXYZEEE[_ZTVN3pcl16MeshConstructionINS_8PointXYZEEE]+0x28): undefined reference to `pcl::PCLBase<pcl::PointXYZ>::setIndices(boost::shared_ptr<std::vector<int, std::allocator<int> > > const&)'
/usr/bin/ld: CMakeFiles/ros1_demo.dir/src/bounding_box.cpp.o:(.data.rel.ro._ZTVN3pcl16MeshConstructionINS_8PointXYZEEE[_ZTVN3pcl16MeshConstructionINS_8PointXYZEEE]+0x30): undefined reference to `pcl::PCLBase<pcl::PointXYZ>::setIndices(boost::shared_ptr<std::vector<int, std::allocator<int> > const> const&)'
/usr/bin/ld: CMakeFiles/ros1_demo.dir/src/bounding_box.cpp.o:(.data.rel.ro._ZTVN3pcl16MeshConstructionINS_8PointXYZEEE[_ZTVN3pcl16MeshConstructionINS_8PointXYZEEE]+0x38): undefined reference to `pcl::PCLBase<pcl::PointXYZ>::setIndices(boost::shared_ptr<pcl::PointIndices const> const&)'
/usr/bin/ld: CMakeFiles/ros1_demo.dir/src/bounding_box.cpp.o:(.data.rel.ro._ZTVN3pcl10ConvexHullINS_8PointXYZEEE[_ZTVN3pcl10ConvexHullINS_8PointXYZEEE]+0x20): undefined reference to `pcl::PCLBase<pcl::PointXYZ>::setInputCloud(boost::shared_ptr<pcl::PointCloud<pcl::PointXYZ> const> const&)'
/usr/bin/ld: CMakeFiles/ros1_demo.dir/src/bounding_box.cpp.o:(.data.rel.ro._ZTVN3pcl10ConvexHullINS_8PointXYZEEE[_ZTVN3pcl10ConvexHullINS_8PointXYZEEE]+0x28): undefined reference to `pcl::PCLBase<pcl::PointXYZ>::setIndices(boost::shared_ptr<std::vector<int, std::allocator<int> > > const&)'
/usr/bin/ld: CMakeFiles/ros1_demo.dir/src/bounding_box.cpp.o:(.data.rel.ro._ZTVN3pcl10ConvexHullINS_8PointXYZEEE[_ZTVN3pcl10ConvexHullINS_8PointXYZEEE]+0x30): undefined reference to `pcl::PCLBase<pcl::PointXYZ>::setIndices(boost::shared_ptr<std::vector<int, std::allocator<int> > const> const&)'
/usr/bin/ld: CMakeFiles/ros1_demo.dir/src/bounding_box.cpp.o:(.data.rel.ro._ZTVN3pcl10ConvexHullINS_8PointXYZEEE[_ZTVN3pcl10ConvexHullINS_8PointXYZEEE]+0x38): undefined reference to `pcl::PCLBase<pcl::PointXYZ>::setIndices(boost::shared_ptr<pcl::PointIndices const> const&)'
/usr/bin/ld: CMakeFiles/ros1_demo.dir/src/bounding_box.cpp.o:(.data.rel.ro._ZTVN3pcl6search6SearchINS_9PointXYZIEEE[_ZTVN3pcl6search6SearchINS_9PointXYZIEEE]+0x38): undefined reference to `pcl::search::Search<pcl::PointXYZI>::setInputCloud(boost::shared_ptr<pcl::PointCloud<pcl::PointXYZI> const> const&, boost::shared_ptr<std::vector<int, std::allocator<int> > const> const&)'
/usr/bin/ld: CMakeFiles/ros1_demo.dir/src/bounding_box.cpp.o:(.data.rel.ro._ZTVN3pcl6search6KdTreeINS_9PointXYZIENS_11KdTreeFLANNIS2_N5flann9L2_SimpleIfEEEEEE[_ZTVN3pcl6search6KdTreeINS_9PointXYZIENS_11KdTreeFLANNIS2_N5flann9L2_SimpleIfEEEEEE]+0x38): undefined reference to `pcl::search::KdTree<pcl::PointXYZI, pcl::KdTreeFLANN<pcl::PointXYZI, flann::L2_Simple<float> > >::setInputCloud(boost::shared_ptr<pcl::PointCloud<pcl::PointXYZI> const> const&, boost::shared_ptr<std::vector<int, std::allocator<int> > const> const&)'
/usr/bin/ld: CMakeFiles/ros1_demo.dir/src/bounding_box.cpp.o:(.data.rel.ro._ZTVN3pcl7PCLBaseINS_9PointXYZIEEE[_ZTVN3pcl7PCLBaseINS_9PointXYZIEEE]+0x20): undefined reference to `pcl::PCLBase<pcl::PointXYZI>::setInputCloud(boost::shared_ptr<pcl::PointCloud<pcl::PointXYZI> const> const&)'
/usr/bin/ld: CMakeFiles/ros1_demo.dir/src/bounding_box.cpp.o:(.data.rel.ro._ZTVN3pcl7PCLBaseINS_9PointXYZIEEE[_ZTVN3pcl7PCLBaseINS_9PointXYZIEEE]+0x28): undefined reference to `pcl::PCLBase<pcl::PointXYZI>::setIndices(boost::shared_ptr<std::vector<int, std::allocator<int> > > const&)'
/usr/bin/ld: CMakeFiles/ros1_demo.dir/src/bounding_box.cpp.o:(.data.rel.ro._ZTVN3pcl7PCLBaseINS_9PointXYZIEEE[_ZTVN3pcl7PCLBaseINS_9PointXYZIEEE]+0x30): undefined reference to `pcl::PCLBase<pcl::PointXYZI>::setIndices(boost::shared_ptr<std::vector<int, std::allocator<int> > const> const&)'
/usr/bin/ld: CMakeFiles/ros1_demo.dir/src/bounding_box.cpp.o:(.data.rel.ro._ZTVN3pcl7PCLBaseINS_9PointXYZIEEE[_ZTVN3pcl7PCLBaseINS_9PointXYZIEEE]+0x38): undefined reference to `pcl::PCLBase<pcl::PointXYZI>::setIndices(boost::shared_ptr<pcl::PointIndices const> const&)'
/usr/bin/ld: CMakeFiles/ros1_demo.dir/src/bounding_box.cpp.o:(.data.rel.ro._ZTVN3pcl26EuclideanClusterExtractionINS_9PointXYZIEEE[_ZTVN3pcl26EuclideanClusterExtractionINS_9PointXYZIEEE]+0x20): undefined reference to `pcl::PCLBase<pcl::PointXYZI>::setInputCloud(boost::shared_ptr<pcl::PointCloud<pcl::PointXYZI> const> const&)'
/usr/bin/ld: CMakeFiles/ros1_demo.dir/src/bounding_box.cpp.o:(.data.rel.ro._ZTVN3pcl26EuclideanClusterExtractionINS_9PointXYZIEEE[_ZTVN3pcl26EuclideanClusterExtractionINS_9PointXYZIEEE]+0x28): undefined reference to `pcl::PCLBase<pcl::PointXYZI>::setIndices(boost::shared_ptr<std::vector<int, std::allocator<int> > > const&)'
/usr/bin/ld: CMakeFiles/ros1_demo.dir/src/bounding_box.cpp.o:(.data.rel.ro._ZTVN3pcl26EuclideanClusterExtractionINS_9PointXYZIEEE[_ZTVN3pcl26EuclideanClusterExtractionINS_9PointXYZIEEE]+0x30): undefined reference to `pcl::PCLBase<pcl::PointXYZI>::setIndices(boost::shared_ptr<std::vector<int, std::allocator<int> > const> const&)'
/usr/bin/ld: CMakeFiles/ros1_demo.dir/src/bounding_box.cpp.o:(.data.rel.ro._ZTVN3pcl26EuclideanClusterExtractionINS_9PointXYZIEEE[_ZTVN3pcl26EuclideanClusterExtractionINS_9PointXYZIEEE]+0x38): undefined reference to `pcl::PCLBase<pcl::PointXYZI>::setIndices(boost::shared_ptr<pcl::PointIndices const> const&)'
/usr/bin/ld: /home/zzy/rangenet_pp/devel/.private/rangenet_pp/lib/librangenet_lib.so: undefined reference to `vtable for YAML::InvalidNode'
/usr/bin/ld: /home/zzy/rangenet_pp/devel/.private/rangenet_pp/lib/librangenet_lib.so: undefined reference to `YAML::detail::node_data::begin()'
/usr/bin/ld: /home/zzy/rangenet_pp/devel/.private/rangenet_pp/lib/librangenet_lib.so: undefined reference to `YAML::Exception::~Exception()'
/usr/bin/ld: /home/zzy/rangenet_pp/devel/.private/rangenet_pp/lib/librangenet_lib.so: undefined reference to `typeinfo for YAML::BadConversion'
/usr/bin/ld: /home/zzy/rangenet_pp/devel/.private/rangenet_pp/lib/librangenet_lib.so: undefined reference to `YAML::BadConversion::~BadConversion()'
/usr/bin/ld: /home/zzy/rangenet_pp/devel/.private/rangenet_pp/lib/librangenet_lib.so: undefined reference to `typeinfo for YAML::BadSubscript'
/usr/bin/ld: /home/zzy/rangenet_pp/devel/.private/rangenet_pp/lib/librangenet_lib.so: undefined reference to `vtable for YAML::RepresentationException'
/usr/bin/ld: /home/zzy/rangenet_pp/devel/.private/rangenet_pp/lib/librangenet_lib.so: undefined reference to `typeinfo for YAML::Exception'
/usr/bin/ld: /home/zzy/rangenet_pp/devel/.private/rangenet_pp/lib/librangenet_lib.so: undefined reference to `pcl::visualization::PCLVisualizer::createActorFromVTKDataSet(vtkSmartPointer<vtkDataSet> const&, vtkSmartPointer<vtkLODActor>&, bool)'
/usr/bin/ld: /home/zzy/rangenet_pp/devel/.private/rangenet_pp/lib/librangenet_lib.so: undefined reference to `createNvOnnxParser_INTERNAL'
/usr/bin/ld: /home/zzy/rangenet_pp/devel/.private/rangenet_pp/lib/librangenet_lib.so: undefined reference to `YAML::InvalidNode::~InvalidNode()'
/usr/bin/ld: /home/zzy/rangenet_pp/devel/.private/rangenet_pp/lib/librangenet_lib.so: undefined reference to `YAML::detail::node_data::convert_to_map(std::shared_ptr<YAML::detail::memory_holder> const&)'
/usr/bin/ld: /home/zzy/rangenet_pp/devel/.private/rangenet_pp/lib/librangenet_lib.so: undefined reference to `YAML::detail::memory::create_node()'
/usr/bin/ld: /home/zzy/rangenet_pp/devel/.private/rangenet_pp/lib/librangenet_lib.so: undefined reference to `YAML::detail::node_data::size() const'
/usr/bin/ld: /home/zzy/rangenet_pp/devel/.private/rangenet_pp/lib/librangenet_lib.so: undefined reference to `YAML::detail::node_data::empty_scalar[abi:cxx11]()'
/usr/bin/ld: /home/zzy/rangenet_pp/devel/.private/rangenet_pp/lib/librangenet_lib.so: undefined reference to `createInferBuilder_INTERNAL'
/usr/bin/ld: /home/zzy/rangenet_pp/devel/.private/rangenet_pp/lib/librangenet_lib.so: undefined reference to `vtable for YAML::BadSubscript'
/usr/bin/ld: /home/zzy/rangenet_pp/devel/.private/rangenet_pp/lib/librangenet_lib.so: undefined reference to `YAML::detail::node_data::set_null()'
/usr/bin/ld: /home/zzy/rangenet_pp/devel/.private/rangenet_pp/lib/librangenet_lib.so: undefined reference to `YAML::detail::node_data::set_scalar(std::__cxx11::basic_string<char, std::char_traits<char>, std::allocator<char> > const&)'
/usr/bin/ld: /home/zzy/rangenet_pp/devel/.private/rangenet_pp/lib/librangenet_lib.so: undefined reference to `YAML::detail::node_data::end()'
/usr/bin/ld: /home/zzy/rangenet_pp/devel/.private/rangenet_pp/lib/librangenet_lib.so: undefined reference to `YAML::LoadFile(std::__cxx11::basic_string<char, std::char_traits<char>, std::allocator<char> > const&)'
/usr/bin/ld: /home/zzy/rangenet_pp/devel/.private/rangenet_pp/lib/librangenet_lib.so: undefined reference to `createInferRuntime_INTERNAL'
/usr/bin/ld: /home/zzy/rangenet_pp/devel/.private/rangenet_pp/lib/librangenet_lib.so: undefined reference to `YAML::detail::node_data::insert_map_pair(YAML::detail::node&, YAML::detail::node&)'
/usr/bin/ld: /home/zzy/rangenet_pp/devel/.private/rangenet_pp/lib/librangenet_lib.so: undefined reference to `typeinfo for YAML::InvalidNode'
/usr/bin/ld: /home/zzy/rangenet_pp/devel/.private/rangenet_pp/lib/librangenet_lib.so: undefined reference to `std::__cxx11::basic_string<char, std::char_traits<char>, std::allocator<char> > fmt::v6::internal::vformat<char>(fmt::v6::basic_string_view<char>, fmt::v6::basic_format_args<fmt::v6::basic_format_context<std::back_insert_iterator<fmt::v6::internal::buffer<char> >, char> >)'
/usr/bin/ld: /home/zzy/rangenet_pp/devel/.private/rangenet_pp/lib/librangenet_lib.so: undefined reference to `vtable for YAML::Exception'
/usr/bin/ld: /home/zzy/rangenet_pp/devel/.private/rangenet_pp/lib/librangenet_lib.so: undefined reference to `vtable for YAML::BadConversion'
/usr/bin/ld: /home/zzy/rangenet_pp/devel/.private/rangenet_pp/lib/librangenet_lib.so: undefined reference to `YAML::detail::memory_holder::merge(YAML::detail::memory_holder&)'
/usr/bin/ld: /home/zzy/rangenet_pp/devel/.private/rangenet_pp/lib/librangenet_lib.so: undefined reference to `YAML::BadSubscript::~BadSubscript()'
/usr/bin/ld: /home/zzy/rangenet_pp/devel/.private/rangenet_pp/lib/librangenet_lib.so: undefined reference to `YAML::detail::node_data::mark_defined()'
collect2: error: ld returned 1 exit status
make[2]: *** [CMakeFiles/ros1_demo.dir/build.make:497：/home/zzy/rangenet_pp/devel/.private/rangenet_pp/lib/rangenet_pp/ros1_demo] 错误 1
make[1]: *** [CMakeFiles/Makefile2:361：CMakeFiles/ros1_demo.dir/all] 错误 2
make: *** [Makefile:160：all] 错误 2
