CMake Warning (dev) at CMakeLists.txt:122 (target_link_libraries):
  The library that is being linked to, yaml-cpp, is marked as being
  deprecated by the owner.  The message provided by the developer is:

  The target yaml-cpp is deprecated and will be removed in version 0.10.0.
  Use the yaml-cpp::yaml-cpp target instead.

This warning is for project developers.  Use -Wno-dev to suppress it.

CMake Warning (dev):
  The library that is being linked to, yaml-cpp, is marked as being
  deprecated by the owner.  The message provided by the developer is:

  The target yaml-cpp is deprecated and will be removed in version 0.10.0.
  Use the yaml-cpp::yaml-cpp target instead.

This warning is for project developers.  Use -Wno-dev to suppress it.

CMake Warning (dev):
  The library that is being linked to, yaml-cpp, is marked as being
  deprecated by the owner.  The message provided by the developer is:

  The target yaml-cpp is deprecated and will be removed in version 0.10.0.
  Use the yaml-cpp::yaml-cpp target instead.

This warning is for project developers.  Use -Wno-dev to suppress it.

CMake Warning (dev):
  The library that is being linked to, yaml-cpp, is marked as being
  deprecated by the owner.  The message provided by the developer is:

  The target yaml-cpp is deprecated and will be removed in version 0.10.0.
  Use the yaml-cpp::yaml-cpp target instead.

This warning is for project developers.  Use -Wno-dev to suppress it.

CMake Warning (dev):
  The library that is being linked to, yaml-cpp, is marked as being
  deprecated by the owner.  The message provided by the developer is:

  The target yaml-cpp is deprecated and will be removed in version 0.10.0.
  Use the yaml-cpp::yaml-cpp target instead.

This warning is for project developers.  Use -Wno-dev to suppress it.

CMake Warning (dev) at CMakeLists.txt:100 (target_link_libraries):
  The library that is being linked to, yaml-cpp, is marked as being
  deprecated by the owner.  The message provided by the developer is:

  The target yaml-cpp is deprecated and will be removed in version 0.10.0.
  Use the yaml-cpp::yaml-cpp target instead.

This warning is for project developers.  Use -Wno-dev to suppress it.

CMake Warning (dev) at CMakeLists.txt:88 (target_link_libraries):
  The library that is being linked to, yaml-cpp, is marked as being
  deprecated by the owner.  The message provided by the developer is:

  The target yaml-cpp is deprecated and will be removed in version 0.10.0.
  Use the yaml-cpp::yaml-cpp target instead.

This warning is for project developers.  Use -Wno-dev to suppress it.

CMake Warning (dev) at CMakeLists.txt:76 (target_link_libraries):
  The library that is being linked to, yaml-cpp, is marked as being
  deprecated by the owner.  The message provided by the developer is:

  The target yaml-cpp is deprecated and will be removed in version 0.10.0.
  Use the yaml-cpp::yaml-cpp target instead.

This warning is for project developers.  Use -Wno-dev to suppress it.

CMake Warning (dev) at CMakeLists.txt:148 (target_link_libraries):
  The library that is being linked to, yaml-cpp, is marked as being
  deprecated by the owner.  The message provided by the developer is:

  The target yaml-cpp is deprecated and will be removed in version 0.10.0.
  Use the yaml-cpp::yaml-cpp target instead.

This warning is for project developers.  Use -Wno-dev to suppress it.

CMake Warning (dev) at CMakeLists.txt:111 (target_link_libraries):
  The library that is being linked to, yaml-cpp, is marked as being
  deprecated by the owner.  The message provided by the developer is:

  The target yaml-cpp is deprecated and will be removed in version 0.10.0.
  Use the yaml-cpp::yaml-cpp target instead.

This warning is for project developers.  Use -Wno-dev to suppress it.

CMake Warning (dev):
  The library that is being linked to, yaml-cpp, is marked as being
  deprecated by the owner.  The message provided by the developer is:

  The target yaml-cpp is deprecated and will be removed in version 0.10.0.
  Use the yaml-cpp::yaml-cpp target instead.

This warning is for project developers.  Use -Wno-dev to suppress it.

CMake Warning (dev):
  The library that is being linked to, yaml-cpp, is marked as being
  deprecated by the owner.  The message provided by the developer is:

  The target yaml-cpp is deprecated and will be removed in version 0.10.0.
  Use the yaml-cpp::yaml-cpp target instead.

This warning is for project developers.  Use -Wno-dev to suppress it.

CMake Warning (dev):
  The library that is being linked to, yaml-cpp, is marked as being
  deprecated by the owner.  The message provided by the developer is:

  The target yaml-cpp is deprecated and will be removed in version 0.10.0.
  Use the yaml-cpp::yaml-cpp target instead.

This warning is for project developers.  Use -Wno-dev to suppress it.

CMake Warning (dev):
  The library that is being linked to, yaml-cpp, is marked as being
  deprecated by the owner.  The message provided by the developer is:

  The target yaml-cpp is deprecated and will be removed in version 0.10.0.
  Use the yaml-cpp::yaml-cpp target instead.

This warning is for project developers.  Use -Wno-dev to suppress it.

[33m[1mCMake Warning[0m at /home/zzy/rangenet_pp/src/rangenet_pp/CMakeLists.txt:144 (add_executable):
  Cannot generate a safe linker search path for target ros1_demo because
  files in some directories may conflict with libraries in implicit
  directories:

    link library [libboost_thread.so] in /usr/lib/x86_64-linux-gnu may be hidden by files in:
      /usr/local/lib
    link library [libboost_chrono.so] in /usr/lib/x86_64-linux-gnu may be hidden by files in:
      /usr/local/lib
    link library [libboost_atomic.so] in /usr/lib/x86_64-linux-gnu may be hidden by files in:
      /usr/local/lib
    link library [libpcl_kdtree.so] in /usr/lib/x86_64-linux-gnu may be hidden by files in:
      /usr/local/lib
    link library [libpcl_search.so] in /usr/lib/x86_64-linux-gnu may be hidden by files in:
      /usr/local/lib
    link library [libpcl_features.so] in /usr/lib/x86_64-linux-gnu may be hidden by files in:
      /usr/local/lib
    link library [libpcl_sample_consensus.so] in /usr/lib/x86_64-linux-gnu may be hidden by files in:
      /usr/local/lib
    link library [libpcl_filters.so] in /usr/lib/x86_64-linux-gnu may be hidden by files in:
      /usr/local/lib
    link library [libpcl_ml.so] in /usr/lib/x86_64-linux-gnu may be hidden by files in:
      /usr/local/lib
    link library [libpcl_segmentation.so] in /usr/lib/x86_64-linux-gnu may be hidden by files in:
      /usr/local/lib
    link library [libpcl_surface.so] in /usr/lib/x86_64-linux-gnu may be hidden by files in:
      /usr/local/lib
    link library [libpcl_common.so] in /usr/lib/x86_64-linux-gnu may be hidden by files in:
      /usr/local/lib
    link library [libpcl_octree.so] in /usr/lib/x86_64-linux-gnu may be hidden by files in:
      /usr/local/lib
    link library [libpcl_io.so] in /usr/lib/x86_64-linux-gnu may be hidden by files in:
      /usr/local/lib
    link library [libboost_system.so] in /usr/lib/x86_64-linux-gnu may be hidden by files in:
      /usr/local/lib
    link library [libboost_filesystem.so] in /usr/lib/x86_64-linux-gnu may be hidden by files in:
      /usr/local/lib
    link library [libboost_date_time.so] in /usr/lib/x86_64-linux-gnu may be hidden by files in:
      /usr/local/lib
    link library [libboost_iostreams.so] in /usr/lib/x86_64-linux-gnu may be hidden by files in:
      /usr/local/lib
    link library [libboost_regex.so] in /usr/lib/x86_64-linux-gnu may be hidden by files in:
      /usr/local/lib

  Some of these libraries may not be found correctly.


[33m[1mCMake Warning[0m at /home/zzy/rangenet_pp/src/rangenet_pp/CMakeLists.txt:144 (add_executable):
  Cannot generate a safe runtime search path for target ros1_demo because
  files in some directories may conflict with libraries in implicit
  directories:

    runtime library [libboost_thread.so.1.71.0] in /usr/lib/x86_64-linux-gnu may be hidden by files in:
      /usr/local/lib
    runtime library [libboost_chrono.so.1.71.0] in /usr/lib/x86_64-linux-gnu may be hidden by files in:
      /usr/local/lib
    runtime library [libboost_atomic.so.1.71.0] in /usr/lib/x86_64-linux-gnu may be hidden by files in:
      /usr/local/lib
    runtime library [libboost_system.so.1.71.0] in /usr/lib/x86_64-linux-gnu may be hidden by files in:
      /usr/local/lib
    runtime library [libboost_filesystem.so.1.71.0] in /usr/lib/x86_64-linux-gnu may be hidden by files in:
      /usr/local/lib
    runtime library [libboost_date_time.so.1.71.0] in /usr/lib/x86_64-linux-gnu may be hidden by files in:
      /usr/local/lib
    runtime library [libboost_iostreams.so.1.71.0] in /usr/lib/x86_64-linux-gnu may be hidden by files in:
      /usr/local/lib
    runtime library [libboost_regex.so.1.71.0] in /usr/lib/x86_64-linux-gnu may be hidden by files in:
      /usr/local/lib
    runtime library [libboost_program_options.so.1.71.0] in /usr/lib/x86_64-linux-gnu may be hidden by files in:
      /usr/local/lib
    runtime library [libboost_chrono.so.1.71.0] in /usr/lib/x86_64-linux-gnu may be hidden by files in:
      /usr/local/lib
    runtime library [libboost_filesystem.so.1.71.0] in /usr/lib/x86_64-linux-gnu may be hidden by files in:
      /usr/local/lib
    runtime library [libboost_regex.so.1.71.0] in /usr/lib/x86_64-linux-gnu may be hidden by files in:
      /usr/local/lib
    runtime library [libboost_date_time.so.1.71.0] in /usr/lib/x86_64-linux-gnu may be hidden by files in:
      /usr/local/lib
    runtime library [libboost_system.so.1.71.0] in /usr/lib/x86_64-linux-gnu may be hidden by files in:
      /usr/local/lib
    runtime library [libboost_thread.so.1.71.0] in /usr/lib/x86_64-linux-gnu may be hidden by files in:
      /usr/local/lib

  Some of these libraries may not be found correctly.


