[01m[K<command-line>:[m[K [01;35m[Kwarning: [m[KISO C++11 requires whitespace after the macro name
In file included from [01m[K/usr/local/include/pcl-1.14/pcl/io/pcd_io.h:42[m[K,
                 from [01m[K/home/zzy/rangenet_pp/src/rangenet_pp/src/utils/pointcloud_io.h:4[m[K,
                 from [01m[K/home/zzy/rangenet_pp/src/rangenet_pp/src/utils/pointcloud_io.cpp:1[m[K:
[01m[K/usr/local/include/pcl-1.14/pcl/memory.h:63:2:[m[K [01;35m[Kwarning: [m[K#warning "Potential runtime error due to aligned malloc mismatch! You likely have to compile your code with AVX enabled or define EIGEN_MAX_ALIGN_BYTES=32 (to silence this message at your own risk, define PCL_SILENCE_MALLOC_WARNING=1)" [[01;35m[K-Wcpp[m[K]
   63 | #[01;35m[Kwarning[m[K "Potential runtime error due to aligned malloc mismatch! You likely have to compile your code with AVX enabled or define EIGEN_MAX_ALIGN_BYTES=32 (to silence this message at your own risk, define PCL_SILENCE_MALLOC_WARNING=1)"
      |  [01;35m[K^~~~~~~[m[K
In file included from [01m[K/usr/local/include/pcl-1.14/pcl/PCLHeader.h:3[m[K,
                 from [01m[K/usr/local/include/pcl-1.14/pcl/point_cloud.h:47[m[K,
                 from [01m[K/home/zzy/rangenet_pp/src/rangenet_pp/src/ops/project.hpp:12[m[K,
                 from [01m[K/home/zzy/rangenet_pp/src/rangenet_pp/src/ops/project.cpp:1[m[K:
[01m[K/usr/local/include/pcl-1.14/pcl/memory.h:63:2:[m[K [01;35m[Kwarning: [m[K#warning "Potential runtime error due to aligned malloc mismatch! You likely have to compile your code with AVX enabled or define EIGEN_MAX_ALIGN_BYTES=32 (to silence this message at your own risk, define PCL_SILENCE_MALLOC_WARNING=1)" [[01;35m[K-Wcpp[m[K]
   63 | #[01;35m[Kwarning[m[K "Potential runtime error due to aligned malloc mismatch! You likely have to compile your code with AVX enabled or define EIGEN_MAX_ALIGN_BYTES=32 (to silence this message at your own risk, define PCL_SILENCE_MALLOC_WARNING=1)"
      |  [01;35m[K^~~~~~~[m[K
[01m[K<command-line>:[m[K [01;35m[Kwarning: [m[KISO C++11 requires whitespace after the macro name
In file included from [01m[K/usr/local/include/pcl-1.14/pcl/PCLHeader.h:3[m[K,
                 from [01m[K/usr/local/include/pcl-1.14/pcl/point_cloud.h:47[m[K,
                 from [01m[K/home/zzy/rangenet_pp/src/rangenet_pp/src/ops/project.hpp:12[m[K,
                 from [01m[K/home/zzy/rangenet_pp/src/rangenet_pp/src/network/netTensorRT.cpp:1[m[K:
[01m[K/usr/local/include/pcl-1.14/pcl/memory.h:63:2:[m[K [01;35m[Kwarning: [m[K#warning "Potential runtime error due to aligned malloc mismatch! You likely have to compile your code with AVX enabled or define EIGEN_MAX_ALIGN_BYTES=32 (to silence this message at your own risk, define PCL_SILENCE_MALLOC_WARNING=1)" [[01;35m[K-Wcpp[m[K]
   63 | #[01;35m[Kwarning[m[K "Potential runtime error due to aligned malloc mismatch! You likely have to compile your code with AVX enabled or define EIGEN_MAX_ALIGN_BYTES=32 (to silence this message at your own risk, define PCL_SILENCE_MALLOC_WARNING=1)"
      |  [01;35m[K^~~~~~~[m[K
In file included from [01m[K/usr/local/include/pcl-1.14/pcl/PCLHeader.h:3[m[K,
                 from [01m[K/usr/local/include/pcl-1.14/pcl/point_cloud.h:47[m[K,
                 from [01m[K/home/zzy/rangenet_pp/src/rangenet_pp/src/ops/project.hpp:12[m[K,
                 from [01m[K/home/zzy/rangenet_pp/src/rangenet_pp/include/net.hpp:16[m[K,
                 from [01m[K/home/zzy/rangenet_pp/src/rangenet_pp/src/network/net.cpp:6[m[K:
[01m[K/usr/local/include/pcl-1.14/pcl/memory.h:63:2:[m[K [01;35m[Kwarning: [m[K#warning "Potential runtime error due to aligned malloc mismatch! You likely have to compile your code with AVX enabled or define EIGEN_MAX_ALIGN_BYTES=32 (to silence this message at your own risk, define PCL_SILENCE_MALLOC_WARNING=1)" [[01;35m[K-Wcpp[m[K]
   63 | #[01;35m[Kwarning[m[K "Potential runtime error due to aligned malloc mismatch! You likely have to compile your code with AVX enabled or define EIGEN_MAX_ALIGN_BYTES=32 (to silence this message at your own risk, define PCL_SILENCE_MALLOC_WARNING=1)"
      |  [01;35m[K^~~~~~~[m[K
In file included from [01m[K/usr/local/include/pcl-1.14/pcl/PCLHeader.h:3[m[K,
                 from [01m[K/usr/local/include/pcl-1.14/pcl/point_cloud.h:47[m[K,
                 from [01m[K/home/zzy/rangenet_pp/src/rangenet_pp/src/ops/project.hpp:12[m[K,
                 from [01m[K/home/zzy/rangenet_pp/src/rangenet_pp/include/net.hpp:16[m[K,
                 from [01m[K/home/zzy/rangenet_pp/src/rangenet_pp/include/netTensorRT.hpp:9[m[K,
                 from [01m[K/home/zzy/rangenet_pp/src/rangenet_pp/src/demo.cpp:1[m[K:
[01m[K/usr/local/include/pcl-1.14/pcl/memory.h:63:2:[m[K [01;35m[Kwarning: [m[K#warning "Potential runtime error due to aligned malloc mismatch! You likely have to compile your code with AVX enabled or define EIGEN_MAX_ALIGN_BYTES=32 (to silence this message at your own risk, define PCL_SILENCE_MALLOC_WARNING=1)" [[01;35m[K-Wcpp[m[K]
   63 | #[01;35m[Kwarning[m[K "Potential runtime error due to aligned malloc mismatch! You likely have to compile your code with AVX enabled or define EIGEN_MAX_ALIGN_BYTES=32 (to silence this message at your own risk, define PCL_SILENCE_MALLOC_WARNING=1)"
      |  [01;35m[K^~~~~~~[m[K
In file included from [01m[K/usr/local/include/pcl-1.14/pcl/PCLHeader.h:3[m[K,
                 from [01m[K/usr/local/include/pcl-1.14/pcl/point_cloud.h:47[m[K,
                 from [01m[K/home/zzy/rangenet_pp/src/rangenet_pp/src/ops/project.hpp:12[m[K,
                 from [01m[K/home/zzy/rangenet_pp/src/rangenet_pp/include/net.hpp:16[m[K,
                 from [01m[K/home/zzy/rangenet_pp/src/rangenet_pp/include/netTensorRT.hpp:9[m[K,
                 from [01m[K/home/zzy/rangenet_pp/src/rangenet_pp/src/ros1_demo.cpp:1[m[K:
[01m[K/usr/local/include/pcl-1.14/pcl/memory.h:63:2:[m[K [01;35m[Kwarning: [m[K#warning "Potential runtime error due to aligned malloc mismatch! You likely have to compile your code with AVX enabled or define EIGEN_MAX_ALIGN_BYTES=32 (to silence this message at your own risk, define PCL_SILENCE_MALLOC_WARNING=1)" [[01;35m[K-Wcpp[m[K]
   63 | #[01;35m[Kwarning[m[K "Potential runtime error due to aligned malloc mismatch! You likely have to compile your code with AVX enabled or define EIGEN_MAX_ALIGN_BYTES=32 (to silence this message at your own risk, define PCL_SILENCE_MALLOC_WARNING=1)"
      |  [01;35m[K^~~~~~~[m[K
/usr/bin/ld: CMakeFiles/demo.dir/src/demo.cpp.o: in function `void pcl::detail::FieldCaster<pcl::PointXYZI>::operator()<pcl::fields::x>()':
demo.cpp:(.text._ZN3pcl6detail11FieldCasterINS_9PointXYZIEEclINS_6fields1xEEEvv[_ZN3pcl6detail11FieldCasterINS_9PointXYZIEEclINS_6fields1xEEEvv]+0xfd): undefined reference to `pcl::console::print(pcl::console::VERBOSITY_LEVEL, char const*, ...)'
/usr/bin/ld: demo.cpp:(.text._ZN3pcl6detail11FieldCasterINS_9PointXYZIEEclINS_6fields1xEEEvv[_ZN3pcl6detail11FieldCasterINS_9PointXYZIEEclINS_6fields1xEEEvv]+0x1c4): undefined reference to `pcl::console::print(pcl::console::VERBOSITY_LEVEL, char const*, ...)'
/usr/bin/ld: demo.cpp:(.text._ZN3pcl6detail11FieldCasterINS_9PointXYZIEEclINS_6fields1xEEEvv[_ZN3pcl6detail11FieldCasterINS_9PointXYZIEEclINS_6fields1xEEEvv]+0x276): undefined reference to `pcl::console::print(pcl::console::VERBOSITY_LEVEL, char const*, ...)'
/usr/bin/ld: demo.cpp:(.text._ZN3pcl6detail11FieldCasterINS_9PointXYZIEEclINS_6fields1xEEEvv[_ZN3pcl6detail11FieldCasterINS_9PointXYZIEEclINS_6fields1xEEEvv]+0x302): undefined reference to `pcl::console::print(pcl::console::VERBOSITY_LEVEL, char const*, ...)'
/usr/bin/ld: demo.cpp:(.text._ZN3pcl6detail11FieldCasterINS_9PointXYZIEEclINS_6fields1xEEEvv[_ZN3pcl6detail11FieldCasterINS_9PointXYZIEEclINS_6fields1xEEEvv]+0x38d): undefined reference to `pcl::console::print(pcl::console::VERBOSITY_LEVEL, char const*, ...)'
/usr/bin/ld: CMakeFiles/demo.dir/src/demo.cpp.o:demo.cpp:(.text._ZN3pcl6detail11FieldCasterINS_9PointXYZIEEclINS_6fields1xEEEvv[_ZN3pcl6detail11FieldCasterINS_9PointXYZIEEclINS_6fields1xEEEvv]+0x41d): more undefined references to `pcl::console::print(pcl::console::VERBOSITY_LEVEL, char const*, ...)' follow
/usr/bin/ld: CMakeFiles/demo.dir/src/demo.cpp.o: in function `main':
demo.cpp:(.text.startup+0x655): undefined reference to `vtable for pcl::PCDReader'
/usr/bin/ld: demo.cpp:(.text.startup+0x6f2): undefined reference to `pcl::PCDReader::read(std::__cxx11::basic_string<char, std::char_traits<char>, std::allocator<char> > const&, pcl::PCLPointCloud2&, Eigen::Matrix<float, 4, 1, 0, 4, 1>&, Eigen::Quaternion<float, 0>&, int&, int)'
/usr/bin/ld: demo.cpp:(.text.startup+0x9b4): undefined reference to `pcl::console::print(pcl::console::VERBOSITY_LEVEL, char const*, ...)'
/usr/bin/ld: /home/zzy/rangenet_pp/devel/.private/rangenet_pp/lib/librangenet_lib.so: undefined reference to `pcl::visualization::PCLVisualizer::wasStopped() const'
/usr/bin/ld: /home/zzy/rangenet_pp/devel/.private/rangenet_pp/lib/librangenet_lib.so: undefined reference to `pcl::visualization::PCLVisualizer::setBackgroundColor(double const&, double const&, double const&, int)'
/usr/bin/ld: /home/zzy/rangenet_pp/devel/.private/rangenet_pp/lib/librangenet_lib.so: undefined reference to `pcl::visualization::PCLVisualizer::setCameraFieldOfView(double, int)'
/usr/bin/ld: /home/zzy/rangenet_pp/devel/.private/rangenet_pp/lib/librangenet_lib.so: undefined reference to `pcl::visualization::PCLVisualizer::createActorFromVTKDataSet(vtkSmartPointer<vtkDataSet> const&, vtkSmartPointer<vtkLODActor>&, bool) const'
/usr/bin/ld: /home/zzy/rangenet_pp/devel/.private/rangenet_pp/lib/librangenet_lib.so: undefined reference to `pcl::visualization::PCLVisualizer::PCLVisualizer(std::__cxx11::basic_string<char, std::char_traits<char>, std::allocator<char> > const&, bool)'
/usr/bin/ld: /home/zzy/rangenet_pp/devel/.private/rangenet_pp/lib/librangenet_lib.so: undefined reference to `pcl::visualization::PCLVisualizer::allocVtkPolyData(vtkSmartPointer<vtkPolyData>&)'
/usr/bin/ld: /home/zzy/rangenet_pp/devel/.private/rangenet_pp/lib/librangenet_lib.so: undefined reference to `pcl::visualization::PCLVisualizer::updateCells(vtkSmartPointer<vtkIdTypeArray>&, vtkSmartPointer<vtkIdTypeArray>&, long long)'
/usr/bin/ld: /home/zzy/rangenet_pp/devel/.private/rangenet_pp/lib/librangenet_lib.so: undefined reference to `pcl::visualization::PCLVisualizer::addCoordinateSystem(double, std::__cxx11::basic_string<char, std::char_traits<char>, std::allocator<char> > const&, int)'
/usr/bin/ld: /home/zzy/rangenet_pp/devel/.private/rangenet_pp/lib/librangenet_lib.so: undefined reference to `pcl::visualization::PCLVisualizer::initCameraParameters()'
/usr/bin/ld: /home/zzy/rangenet_pp/devel/.private/rangenet_pp/lib/librangenet_lib.so: undefined reference to `pcl::visualization::PCLVisualizer::addActorToRenderer(vtkSmartPointer<vtkProp> const&, int)'
/usr/bin/ld: /home/zzy/rangenet_pp/devel/.private/rangenet_pp/lib/librangenet_lib.so: undefined reference to `pcl::visualization::PCLVisualizer::convertToVtkMatrix(Eigen::Matrix<float, 4, 1, 0, 4, 1> const&, Eigen::Quaternion<float, 0> const&, vtkSmartPointer<vtkMatrix4x4>&)'
/usr/bin/ld: /home/zzy/rangenet_pp/devel/.private/rangenet_pp/lib/librangenet_lib.so: undefined reference to `pcl::visualization::PCLVisualizer::setCameraPosition(double, double, double, double, double, double, double, double, double, int)'
/usr/bin/ld: /home/zzy/rangenet_pp/devel/.private/rangenet_pp/lib/librangenet_lib.so: undefined reference to `pcl::visualization::PCLVisualizer::setCameraClipDistances(double, double, int)'
/usr/bin/ld: /home/zzy/rangenet_pp/devel/.private/rangenet_pp/lib/librangenet_lib.so: undefined reference to `pcl::visualization::PointCloudGeometryHandlerXYZ<pcl::PointXYZRGB>::getGeometry(vtkSmartPointer<vtkPoints>&) const'
/usr/bin/ld: /home/zzy/rangenet_pp/devel/.private/rangenet_pp/lib/librangenet_lib.so: undefined reference to `pcl::visualization::PCLVisualizer::~PCLVisualizer()'
/usr/bin/ld: /home/zzy/rangenet_pp/devel/.private/rangenet_pp/lib/librangenet_lib.so: undefined reference to `pcl::visualization::PCLVisualizer::setPointCloudRenderingProperties(int, double, std::__cxx11::basic_string<char, std::char_traits<char>, std::allocator<char> > const&, int)'
/usr/bin/ld: /home/zzy/rangenet_pp/devel/.private/rangenet_pp/lib/librangenet_lib.so: undefined reference to `pcl::visualization::PointCloudGeometryHandlerXYZ<pcl::PointXYZRGB>::PointCloudGeometryHandlerXYZ(std::shared_ptr<pcl::PointCloud<pcl::PointXYZRGB> const> const&)'
/usr/bin/ld: /home/zzy/rangenet_pp/devel/.private/rangenet_pp/lib/librangenet_lib.so: undefined reference to `pcl::visualization::PCLVisualizer::spinOnce(int, bool)'
collect2: error: ld returned 1 exit status
make[2]: *** [CMakeFiles/demo.dir/build.make:217：/home/zzy/rangenet_pp/devel/.private/rangenet_pp/lib/rangenet_pp/demo] 错误 1
make[1]: *** [CMakeFiles/Makefile2:250：CMakeFiles/demo.dir/all] 错误 2
make[1]: *** 正在等待未完成的任务....
/usr/bin/ld: /home/zzy/rangenet_pp/devel/.private/rangenet_pp/lib/librangenet_lib.so: undefined reference to `pcl::visualization::PCLVisualizer::wasStopped() const'
/usr/bin/ld: /home/zzy/rangenet_pp/devel/.private/rangenet_pp/lib/librangenet_lib.so: undefined reference to `pcl::visualization::PCLVisualizer::setBackgroundColor(double const&, double const&, double const&, int)'
/usr/bin/ld: /home/zzy/rangenet_pp/devel/.private/rangenet_pp/lib/librangenet_lib.so: undefined reference to `pcl::visualization::PCLVisualizer::setCameraFieldOfView(double, int)'
/usr/bin/ld: /home/zzy/rangenet_pp/devel/.private/rangenet_pp/lib/librangenet_lib.so: undefined reference to `pcl::visualization::PCLVisualizer::createActorFromVTKDataSet(vtkSmartPointer<vtkDataSet> const&, vtkSmartPointer<vtkLODActor>&, bool) const'
/usr/bin/ld: /home/zzy/rangenet_pp/devel/.private/rangenet_pp/lib/librangenet_lib.so: undefined reference to `pcl::visualization::PCLVisualizer::PCLVisualizer(std::__cxx11::basic_string<char, std::char_traits<char>, std::allocator<char> > const&, bool)'
/usr/bin/ld: /home/zzy/rangenet_pp/devel/.private/rangenet_pp/lib/librangenet_lib.so: undefined reference to `pcl::visualization::PCLVisualizer::allocVtkPolyData(vtkSmartPointer<vtkPolyData>&)'
/usr/bin/ld: /home/zzy/rangenet_pp/devel/.private/rangenet_pp/lib/librangenet_lib.so: undefined reference to `pcl::visualization::PCLVisualizer::updateCells(vtkSmartPointer<vtkIdTypeArray>&, vtkSmartPointer<vtkIdTypeArray>&, long long)'
/usr/bin/ld: /home/zzy/rangenet_pp/devel/.private/rangenet_pp/lib/librangenet_lib.so: undefined reference to `pcl::visualization::PCLVisualizer::addCoordinateSystem(double, std::__cxx11::basic_string<char, std::char_traits<char>, std::allocator<char> > const&, int)'
/usr/bin/ld: /home/zzy/rangenet_pp/devel/.private/rangenet_pp/lib/librangenet_lib.so: undefined reference to `pcl::visualization::PCLVisualizer::initCameraParameters()'
/usr/bin/ld: /home/zzy/rangenet_pp/devel/.private/rangenet_pp/lib/librangenet_lib.so: undefined reference to `pcl::visualization::PCLVisualizer::addActorToRenderer(vtkSmartPointer<vtkProp> const&, int)'
/usr/bin/ld: /home/zzy/rangenet_pp/devel/.private/rangenet_pp/lib/librangenet_lib.so: undefined reference to `pcl::visualization::PCLVisualizer::convertToVtkMatrix(Eigen::Matrix<float, 4, 1, 0, 4, 1> const&, Eigen::Quaternion<float, 0> const&, vtkSmartPointer<vtkMatrix4x4>&)'
/usr/bin/ld: /home/zzy/rangenet_pp/devel/.private/rangenet_pp/lib/librangenet_lib.so: undefined reference to `pcl::visualization::PCLVisualizer::setCameraPosition(double, double, double, double, double, double, double, double, double, int)'
/usr/bin/ld: /home/zzy/rangenet_pp/devel/.private/rangenet_pp/lib/librangenet_lib.so: undefined reference to `pcl::visualization::PCLVisualizer::setCameraClipDistances(double, double, int)'
/usr/bin/ld: /home/zzy/rangenet_pp/devel/.private/rangenet_pp/lib/librangenet_lib.so: undefined reference to `pcl::visualization::PointCloudGeometryHandlerXYZ<pcl::PointXYZRGB>::getGeometry(vtkSmartPointer<vtkPoints>&) const'
/usr/bin/ld: /home/zzy/rangenet_pp/devel/.private/rangenet_pp/lib/librangenet_lib.so: undefined reference to `pcl::visualization::PCLVisualizer::~PCLVisualizer()'
/usr/bin/ld: /home/zzy/rangenet_pp/devel/.private/rangenet_pp/lib/librangenet_lib.so: undefined reference to `pcl::visualization::PCLVisualizer::setPointCloudRenderingProperties(int, double, std::__cxx11::basic_string<char, std::char_traits<char>, std::allocator<char> > const&, int)'
/usr/bin/ld: /home/zzy/rangenet_pp/devel/.private/rangenet_pp/lib/librangenet_lib.so: undefined reference to `pcl::visualization::PointCloudGeometryHandlerXYZ<pcl::PointXYZRGB>::PointCloudGeometryHandlerXYZ(std::shared_ptr<pcl::PointCloud<pcl::PointXYZRGB> const> const&)'
/usr/bin/ld: /home/zzy/rangenet_pp/devel/.private/rangenet_pp/lib/librangenet_lib.so: undefined reference to `pcl::visualization::PCLVisualizer::spinOnce(int, bool)'
collect2: error: ld returned 1 exit status
make[2]: *** [CMakeFiles/ros1_demo.dir/build.make:333：/home/zzy/rangenet_pp/devel/.private/rangenet_pp/lib/rangenet_pp/ros1_demo] 错误 1
make[1]: *** [CMakeFiles/Makefile2:361：CMakeFiles/ros1_demo.dir/all] 错误 2
make: *** [Makefile:160：all] 错误 2
