[01m[K<command-line>:[m[K [01;35m[Kwarning: [m[KISO C++11 requires whitespace after the macro name
sh: 0: getcwd() failed: No such file or directory
Assembler messages:
è‡´å‘½é”™è¯¯ï¼š can't create CMakeFiles/project_ops.dir/src/ops/project.cpp.o: æ²¡æœ‰é‚£ä¸ªæ–‡ä»¶æˆ–ç›®å½•
make[2]: *** [CMakeFiles/project_ops.dir/build.make:95ï¼šCMakeFiles/project_ops.dir/src/ops/project.cpp.o] é”™è¯¯ 1
make[2]: *** æ­£åœ¨ç­‰å¾…æœªå®Œæˆçš„ä»»åŠ¡....
sh: 0: getcwd() failed: No such file or directory
sh: 0: getcwd() failed: No such file or directory
sh: 0: getcwd() failed: No such file or directory
[01m[K<command-line>:[m[K [01;35m[Kwarning: [m[KISO C++11 requires whitespace after the macro name
Assembler messages:
è‡´å‘½é”™è¯¯ï¼š can't create CMakeFiles/pointcloud_io.dir/src/utils/pointcloud_io.cpp.o: æ²¡æœ‰é‚£ä¸ªæ–‡ä»¶æˆ–ç›®å½•
make[2]: *** [CMakeFiles/pointcloud_io.dir/build.make:82ï¼šCMakeFiles/pointcloud_io.dir/src/utils/pointcloud_io.cpp.o] é”™è¯¯ 1
make[1]: *** [CMakeFiles/Makefile2:331ï¼šCMakeFiles/pointcloud_io.dir/all] é”™è¯¯ 2
make[1]: *** æ­£åœ¨ç­‰å¾…æœªå®Œæˆçš„ä»»åŠ¡....
sh: 0: getcwd() failed: No such file or directory
sh: 0: getcwd() failed: No such file or directory
Assembler messages:
è‡´å‘½é”™è¯¯ï¼š can't create CMakeFiles/project_ops.dir/src/ops/project_kernel.cu.o: æ²¡æœ‰é‚£ä¸ªæ–‡ä»¶æˆ–ç›®å½•
make[2]: *** [CMakeFiles/project_ops.dir/build.make:82ï¼šCMakeFiles/project_ops.dir/src/ops/project_kernel.cu.o] é”™è¯¯ 1
make[1]: *** [CMakeFiles/Makefile2:304ï¼šCMakeFiles/project_ops.dir/all] é”™è¯¯ 2
Assembler messages:
è‡´å‘½é”™è¯¯ï¼š can't create CMakeFiles/postprocess.dir/src/utils/postprocess.cpp.o: æ²¡æœ‰é‚£ä¸ªæ–‡ä»¶æˆ–ç›®å½•
make[2]: *** [CMakeFiles/postprocess.dir/build.make:82ï¼šCMakeFiles/postprocess.dir/src/utils/postprocess.cpp.o] é”™è¯¯ 1
make[1]: *** [CMakeFiles/Makefile2:277ï¼šCMakeFiles/postprocess.dir/all] é”™è¯¯ 2
make: *** [Makefile:160ï¼šall] é”™è¯¯ 2
