[01m[K<command-line>:[m[K [01;35m[Kwarning: [m[KISO C++11 requires whitespace after the macro name
[01m[K<command-line>:[m[K [01;35m[Kwarning: [m[KISO C++11 requires whitespace after the macro name
In file included from [01m[K/home/zzy/rangenet_pp/src/rangenet_pp/src/bounding_box.cpp:1[m[K:
[01m[K/home/zzy/rangenet_pp/src/rangenet_pp/src/bounding_box.hpp:2:1:[m[K [01;31m[Kerror: [m[K‘[01m[Kvisualization_msgs[m[K’ does not name a type
    2 | [01;31m[Kvisualization_msgs[m[K::MarkerArray generateBoundingBoxes(
      | [01;31m[K^~~~~~~~~~~~~~~~~~[m[K
[01m[K/home/zzy/rangenet_pp/src/rangenet_pp/src/bounding_box.hpp:12:1:[m[K [01;31m[Kerror: [m[K‘[01m[Kvisualization_msgs[m[K’ does not name a type
   12 | [01;31m[Kvisualization_msgs[m[K::MarkerArray generateOrientedBoundingBoxes(
      | [01;31m[K^~~~~~~~~~~~~~~~~~[m[K
[01m[K/home/zzy/rangenet_pp/src/rangenet_pp/src/ros1_demo.cpp:28:19:[m[K [01;31m[Kerror: [m[K‘[01m[KBoundingBoxGenerator[m[K’ was not declared in this scope
   28 |   std::unique_ptr<[01;31m[KBoundingBoxGenerator[m[K> bbox_generator_;
      |                   [01;31m[K^~~~~~~~~~~~~~~~~~~~[m[K
[01m[K/home/zzy/rangenet_pp/src/rangenet_pp/src/ros1_demo.cpp:28:39:[m[K [01;31m[Kerror: [m[Ktemplate argument 1 is invalid
   28 |   std::unique_ptr<BoundingBoxGenerator[01;31m[K>[m[K bbox_generator_;
      |                                       [01;31m[K^[m[K
[01m[K/home/zzy/rangenet_pp/src/rangenet_pp/src/ros1_demo.cpp:28:39:[m[K [01;31m[Kerror: [m[Ktemplate argument 2 is invalid
[01m[K/home/zzy/rangenet_pp/src/rangenet_pp/src/bounding_box.cpp:20:1:[m[K [01;31m[Kerror: [m[K‘[01m[KBoundingBoxGenerator[m[K’ does not name a type
   20 | [01;31m[KBoundingBoxGenerator[m[K::BoundingBoxGenerator(
      | [01;31m[K^~~~~~~~~~~~~~~~~~~~[m[K
[01m[K/home/zzy/rangenet_pp/src/rangenet_pp/src/bounding_box.cpp:37:40:[m[K [01;31m[Kerror: [m[K‘[01m[KBoundingBoxGenerator[m[K’ has not been declared
   37 | pcl::PointCloud<pcl::PointXYZRGB>::Ptr [01;31m[KBoundingBoxGenerator[m[K::processBoundingBoxes(
      |                                        [01;31m[K^~~~~~~~~~~~~~~~~~~~[m[K
[01m[K/home/zzy/rangenet_pp/src/rangenet_pp/src/ros1_demo.cpp:[m[K In constructor ‘[01m[KROS_DEMO::ROS_DEMO(ros::NodeHandle*)[m[K’:
[01m[K/home/zzy/rangenet_pp/src/rangenet_pp/src/ros1_demo.cpp:48:38:[m[K [01;31m[Kerror: [m[K‘[01m[KBoundingBoxGenerator[m[K’ was not declared in this scope
   48 |   bbox_generator_ = std::make_unique<[01;31m[KBoundingBoxGenerator[m[K>(0.5, 50, 25000);
      |                                      [01;31m[K^~~~~~~~~~~~~~~~~~~~[m[K
[01m[K/home/zzy/rangenet_pp/src/rangenet_pp/src/ros1_demo.cpp:48:74:[m[K [01;31m[Kerror: [m[Kno matching function for call to ‘[01m[Kmake_unique<<expression error> >(double, int, int)[m[K’
   48 |   bbox_generator_ = std::make_unique<BoundingBoxGenerator>(0.5, 50, 25000[01;31m[K)[m[K;
      |                                                                          [01;31m[K^[m[K
In file included from [01m[K/usr/include/c++/9/memory:80[m[K,
                 from [01m[K/usr/local/include/yaml-cpp/parser.h:11[m[K,
                 from [01m[K/usr/local/include/yaml-cpp/yaml.h:10[m[K,
                 from [01m[K/home/zzy/rangenet_pp/src/rangenet_pp/include/net.hpp:15[m[K,
                 from [01m[K/home/zzy/rangenet_pp/src/rangenet_pp/include/netTensorRT.hpp:9[m[K,
                 from [01m[K/home/zzy/rangenet_pp/src/rangenet_pp/src/ros1_demo.cpp:1[m[K:
[01m[K/usr/include/c++/9/bits/unique_ptr.h:856:5:[m[K [01;36m[Knote: [m[Kcandidate: ‘[01m[Ktemplate<class _Tp, class ... _Args> typename std::_MakeUniq<_Tp>::__single_object std::make_unique(_Args&& ...)[m[K’
  856 |     [01;36m[Kmake_unique[m[K(_Args&&... __args)
      |     [01;36m[K^~~~~~~~~~~[m[K
[01m[K/usr/include/c++/9/bits/unique_ptr.h:856:5:[m[K [01;36m[Knote: [m[K  template argument deduction/substitution failed:
[01m[K/home/zzy/rangenet_pp/src/rangenet_pp/src/ros1_demo.cpp:48:74:[m[K [01;31m[Kerror: [m[Ktemplate argument 1 is invalid
   48 |   bbox_generator_ = std::make_unique<BoundingBoxGenerator>(0.5, 50, 25000[01;31m[K)[m[K;
      |                                                                          [01;31m[K^[m[K
In file included from [01m[K/usr/include/c++/9/memory:80[m[K,
                 from [01m[K/usr/local/include/yaml-cpp/parser.h:11[m[K,
                 from [01m[K/usr/local/include/yaml-cpp/yaml.h:10[m[K,
                 from [01m[K/home/zzy/rangenet_pp/src/rangenet_pp/include/net.hpp:15[m[K,
                 from [01m[K/home/zzy/rangenet_pp/src/rangenet_pp/include/netTensorRT.hpp:9[m[K,
                 from [01m[K/home/zzy/rangenet_pp/src/rangenet_pp/src/ros1_demo.cpp:1[m[K:
[01m[K/usr/include/c++/9/bits/unique_ptr.h:862:5:[m[K [01;36m[Knote: [m[Kcandidate: ‘[01m[Ktemplate<class _Tp> typename std::_MakeUniq<_Tp>::__array std::make_unique(std::size_t)[m[K’
  862 |     [01;36m[Kmake_unique[m[K(size_t __num)
      |     [01;36m[K^~~~~~~~~~~[m[K
[01m[K/usr/include/c++/9/bits/unique_ptr.h:862:5:[m[K [01;36m[Knote: [m[K  template argument deduction/substitution failed:
[01m[K/home/zzy/rangenet_pp/src/rangenet_pp/src/ros1_demo.cpp:48:74:[m[K [01;31m[Kerror: [m[Ktemplate argument 1 is invalid
   48 |   bbox_generator_ = std::make_unique<BoundingBoxGenerator>(0.5, 50, 25000[01;31m[K)[m[K;
      |                                                                          [01;31m[K^[m[K
In file included from [01m[K/usr/include/c++/9/memory:80[m[K,
                 from [01m[K/usr/local/include/yaml-cpp/parser.h:11[m[K,
                 from [01m[K/usr/local/include/yaml-cpp/yaml.h:10[m[K,
                 from [01m[K/home/zzy/rangenet_pp/src/rangenet_pp/include/net.hpp:15[m[K,
                 from [01m[K/home/zzy/rangenet_pp/src/rangenet_pp/include/netTensorRT.hpp:9[m[K,
                 from [01m[K/home/zzy/rangenet_pp/src/rangenet_pp/src/ros1_demo.cpp:1[m[K:
[01m[K/usr/include/c++/9/bits/unique_ptr.h:868:5:[m[K [01;36m[Knote: [m[Kcandidate: ‘[01m[Ktemplate<class _Tp, class ... _Args> typename std::_MakeUniq<_Tp>::__invalid_type std::make_unique(_Args&& ...)[m[K’ <deleted>
  868 |     [01;36m[Kmake_unique[m[K(_Args&&...) = delete;
      |     [01;36m[K^~~~~~~~~~~[m[K
[01m[K/usr/include/c++/9/bits/unique_ptr.h:868:5:[m[K [01;36m[Knote: [m[K  template argument deduction/substitution failed:
[01m[K/home/zzy/rangenet_pp/src/rangenet_pp/src/ros1_demo.cpp:48:74:[m[K [01;31m[Kerror: [m[Ktemplate argument 1 is invalid
   48 |   bbox_generator_ = std::make_unique<BoundingBoxGenerator>(0.5, 50, 25000[01;31m[K)[m[K;
      |                                                                          [01;31m[K^[m[K
[01m[K/home/zzy/rangenet_pp/src/rangenet_pp/src/ros1_demo.cpp:[m[K In member function ‘[01m[Kvoid ROS_DEMO::pointcloudCallback(const ConstPtr&)[m[K’:
[01m[K/home/zzy/rangenet_pp/src/rangenet_pp/src/ros1_demo.cpp:71:20:[m[K [01;31m[Kerror: [m[Kbase operand of ‘[01m[K->[m[K’ is not a pointer
   71 |     bbox_generator_[01;31m[K->[m[KprocessBoundingBoxes(*pc_ros, labels.get());
      |                    [01;31m[K^~[m[K
[01m[K/home/zzy/rangenet_pp/src/rangenet_pp/src/bounding_box.cpp:[m[K In function ‘[01m[Kpcl::PointCloud<pcl::PointXYZRGB>::Ptr processBoundingBoxes(const pcl::PointCloud<pcl::PointXYZI>&, const int*)[m[K’:
[01m[K/home/zzy/rangenet_pp/src/rangenet_pp/src/bounding_box.cpp:132:1:[m[K [01;31m[Kerror: [m[K‘[01m[KpublishBoundingBoxes[m[K’ was not declared in this scope; did you mean ‘[01m[KprocessBoundingBoxes[m[K’?
  132 | [01;31m[KpublishBoundingBoxes[m[K(result_cloud, labels, "velodyne");
      | [01;31m[K^~~~~~~~~~~~~~~~~~~~[m[K
      | [32m[KprocessBoundingBoxes[m[K
[01m[K/home/zzy/rangenet_pp/src/rangenet_pp/src/bounding_box.cpp:[m[K At global scope:
[01m[K/home/zzy/rangenet_pp/src/rangenet_pp/src/bounding_box.cpp:138:6:[m[K [01;31m[Kerror: [m[K‘[01m[KBoundingBoxGenerator[m[K’ has not been declared
  138 | void [01;31m[KBoundingBoxGenerator[m[K::publishBoundingBoxes(
      |      [01;31m[K^~~~~~~~~~~~~~~~~~~~[m[K
[01m[K/home/zzy/rangenet_pp/src/rangenet_pp/src/bounding_box.cpp:[m[K In function ‘[01m[Kvoid publishBoundingBoxes(const Ptr&, const int*, const string&)[m[K’:
[01m[K/home/zzy/rangenet_pp/src/rangenet_pp/src/bounding_box.cpp:243:64:[m[K [01;31m[Kerror: [m[K‘[01m[Kvehicle_cluster_tolerance_[m[K’ was not declared in this scope
  243 |   vehicle_clusters = performClustering(cloud, vehicle_indices, [01;31m[Kvehicle_cluster_tolerance_[m[K);
      |                                                                [01;31m[K^~~~~~~~~~~~~~~~~~~~~~~~~~[m[K
[01m[K/home/zzy/rangenet_pp/src/rangenet_pp/src/bounding_box.cpp:243:22:[m[K [01;31m[Kerror: [m[K‘[01m[KperformClustering[m[K’ was not declared in this scope
  243 |   vehicle_clusters = [01;31m[KperformClustering[m[K(cloud, vehicle_indices, vehicle_cluster_tolerance_);
      |                      [01;31m[K^~~~~~~~~~~~~~~~~[m[K
[01m[K/home/zzy/rangenet_pp/src/rangenet_pp/src/bounding_box.cpp:248:70:[m[K [01;31m[Kerror: [m[K‘[01m[Kpedestrian_cluster_tolerance_[m[K’ was not declared in this scope
  248 |   pedestrian_clusters = performClustering(cloud, pedestrian_indices, [01;31m[Kpedestrian_cluster_tolerance_[m[K);
      |                                                                      [01;31m[K^~~~~~~~~~~~~~~~~~~~~~~~~~~~~[m[K
[01m[K/home/zzy/rangenet_pp/src/rangenet_pp/src/bounding_box.cpp:248:25:[m[K [01;31m[Kerror: [m[K‘[01m[KperformClustering[m[K’ was not declared in this scope
  248 |   pedestrian_clusters = [01;31m[KperformClustering[m[K(cloud, pedestrian_indices, pedestrian_cluster_tolerance_);
      |                         [01;31m[K^~~~~~~~~~~~~~~~~[m[K
[01m[K/home/zzy/rangenet_pp/src/rangenet_pp/src/bounding_box.cpp:285:21:[m[K [01;31m[Kerror: [m[K‘[01m[KisLidarTurning[m[K’ was not declared in this scope
  285 |   bool is_turning = [01;31m[KisLidarTurning[m[K(cloud, vehicle_indices);
      |                     [01;31m[K^~~~~~~~~~~~~~[m[K
[01m[K/home/zzy/rangenet_pp/src/rangenet_pp/src/bounding_box.cpp:290:51:[m[K [01;31m[Kerror: [m[K‘[01m[KgenerateOrientedBoundingBoxes[m[K’ was not declared in this scope
  290 |     visualization_msgs::MarkerArray obb_markers = [01;31m[KgenerateOrientedBoundingBoxes[m[K(cloud, vehicle_clusters, frame_id, "vehicle", 1);
      |                                                   [01;31m[K^~~~~~~~~~~~~~~~~~~~~~~~~~~~~[m[K
[01m[K/home/zzy/rangenet_pp/src/rangenet_pp/src/bounding_box.cpp:295:52:[m[K [01;31m[Kerror: [m[K‘[01m[KgenerateBoundingBoxes[m[K’ was not declared in this scope
  295 |     visualization_msgs::MarkerArray aabb_markers = [01;31m[KgenerateBoundingBoxes[m[K(cloud, vehicle_clusters, frame_id, "vehicle", 1);
      |                                                    [01;31m[K^~~~~~~~~~~~~~~~~~~~~[m[K
[01m[K/home/zzy/rangenet_pp/src/rangenet_pp/src/bounding_box.cpp:303:49:[m[K [01;31m[Kerror: [m[K‘[01m[KgenerateBoundingBoxes[m[K’ was not declared in this scope
  303 |   visualization_msgs::MarkerArray ped_markers = [01;31m[KgenerateBoundingBoxes[m[K(cloud, pedestrian_clusters, frame_id, "pedestrian", 2);
      |                                                 [01;31m[K^~~~~~~~~~~~~~~~~~~~~[m[K
[01m[K/home/zzy/rangenet_pp/src/rangenet_pp/src/bounding_box.cpp:[m[K At global scope:
[01m[K/home/zzy/rangenet_pp/src/rangenet_pp/src/bounding_box.cpp:328:32:[m[K [01;31m[Kerror: [m[K‘[01m[KBoundingBoxGenerator[m[K’ has not been declared
  328 | std::vector<pcl::PointIndices> [01;31m[KBoundingBoxGenerator[m[K::performClustering(
      |                                [01;31m[K^~~~~~~~~~~~~~~~~~~~[m[K
[01m[K/home/zzy/rangenet_pp/src/rangenet_pp/src/bounding_box.cpp:358:33:[m[K [01;31m[Kerror: [m[K‘[01m[KBoundingBoxGenerator[m[K’ has not been declared
  358 | visualization_msgs::MarkerArray [01;31m[KBoundingBoxGenerator[m[K::generateOrientedBoundingBoxes(
      |                                 [01;31m[K^~~~~~~~~~~~~~~~~~~~[m[K
[01m[K/home/zzy/rangenet_pp/src/rangenet_pp/src/bounding_box.cpp:[m[K In function ‘[01m[Kvisualization_msgs::MarkerArray generateOrientedBoundingBoxes(const Ptr&, const std::vector<pcl::PointIndices>&, const string&, const string&, int)[m[K’:
[01m[K/home/zzy/rangenet_pp/src/rangenet_pp/src/bounding_box.cpp:559:11:[m[K [01;31m[Kerror: [m[K‘[01m[KcompleteVehiclePointCloud[m[K’ was not declared in this scope
  559 |           [01;31m[KcompleteVehiclePointCloud[m[K(cluster_cloud, dimensions, rotation_matrix);
      |           [01;31m[K^~~~~~~~~~~~~~~~~~~~~~~~~[m[K
[01m[K/home/zzy/rangenet_pp/src/rangenet_pp/src/bounding_box.cpp:563:9:[m[K [01;31m[Kerror: [m[K‘[01m[Kcurrent_frame_cloud[m[K’ was not declared in this scope
  563 |         [01;31m[Kcurrent_frame_cloud[m[K->points.push_back(point);
      |         [01;31m[K^~~~~~~~~~~~~~~~~~~[m[K
[01m[K/home/zzy/rangenet_pp/src/rangenet_pp/src/bounding_box.cpp:[m[K At global scope:
[01m[K/home/zzy/rangenet_pp/src/rangenet_pp/src/bounding_box.cpp:682:33:[m[K [01;31m[Kerror: [m[K‘[01m[KBoundingBoxGenerator[m[K’ has not been declared
  682 | pcl::PointCloud<PointType>::Ptr [01;31m[KBoundingBoxGenerator[m[K::extractLabeledPointCloud(
      |                                 [01;31m[K^~~~~~~~~~~~~~~~~~~~[m[K
[01m[K/home/zzy/rangenet_pp/src/rangenet_pp/src/bounding_box.cpp:704:32:[m[K [01;31m[Kerror: [m[K‘[01m[KBoundingBoxGenerator[m[K’ has not been declared
  704 | std::vector<pcl::PointIndices> [01;31m[KBoundingBoxGenerator[m[K::euclideanClustering(
      |                                [01;31m[K^~~~~~~~~~~~~~~~~~~~[m[K
[01m[K/home/zzy/rangenet_pp/src/rangenet_pp/src/bounding_box.cpp:730:33:[m[K [01;31m[Kerror: [m[K‘[01m[KBoundingBoxGenerator[m[K’ has not been declared
  730 | visualization_msgs::MarkerArray [01;31m[KBoundingBoxGenerator[m[K::generateBoundingBoxes(
      |                                 [01;31m[K^~~~~~~~~~~~~~~~~~~~[m[K
[01m[K/home/zzy/rangenet_pp/src/rangenet_pp/src/bounding_box.cpp:[m[K In function ‘[01m[Kvisualization_msgs::MarkerArray generateBoundingBoxes(const Ptr&, const std::vector<pcl::PointIndices>&, const string&, const string&, int)[m[K’:
[01m[K/home/zzy/rangenet_pp/src/rangenet_pp/src/bounding_box.cpp:791:11:[m[K [01;31m[Kerror: [m[K‘[01m[KcompleteVehiclePointCloud[m[K’ was not declared in this scope
  791 |           [01;31m[KcompleteVehiclePointCloud[m[K(cluster_cloud, dimensions, rotation_matrix);
      |           [01;31m[K^~~~~~~~~~~~~~~~~~~~~~~~~[m[K
[01m[K/home/zzy/rangenet_pp/src/rangenet_pp/src/bounding_box.cpp:795:9:[m[K [01;31m[Kerror: [m[K‘[01m[Kcurrent_frame_cloud[m[K’ was not declared in this scope
  795 |         [01;31m[Kcurrent_frame_cloud[m[K->points.push_back(point);
      |         [01;31m[K^~~~~~~~~~~~~~~~~~~[m[K
[01m[K/home/zzy/rangenet_pp/src/rangenet_pp/src/bounding_box.cpp:[m[K At global scope:
[01m[K/home/zzy/rangenet_pp/src/rangenet_pp/src/bounding_box.cpp:876:6:[m[K [01;31m[Kerror: [m[K‘[01m[KBoundingBoxGenerator[m[K’ has not been declared
  876 | void [01;31m[KBoundingBoxGenerator[m[K::addBoundingBox(
      |      [01;31m[K^~~~~~~~~~~~~~~~~~~~[m[K
[01m[K/home/zzy/rangenet_pp/src/rangenet_pp/src/bounding_box.cpp:[m[K In function ‘[01m[Kvoid addBoundingBox(pcl::PointCloud<pcl::PointXYZRGB>&, const pcl::PointCloud<pcl::PointXYZI>&, const std::array<float, 3>&)[m[K’:
[01m[K/home/zzy/rangenet_pp/src/rangenet_pp/src/bounding_box.cpp:898:1:[m[K [01;31m[Kerror: [m[K‘[01m[KaddLine[m[K’ was not declared in this scope
  898 | [01;31m[KaddLine[m[K(output_cloud, vertices[0], vertices[1], color);
      | [01;31m[K^~~~~~~[m[K
[01m[K/home/zzy/rangenet_pp/src/rangenet_pp/src/bounding_box.cpp:[m[K At global scope:
[01m[K/home/zzy/rangenet_pp/src/rangenet_pp/src/bounding_box.cpp:917:6:[m[K [01;31m[Kerror: [m[K‘[01m[KBoundingBoxGenerator[m[K’ has not been declared
  917 | void [01;31m[KBoundingBoxGenerator[m[K::addLine(
      |      [01;31m[K^~~~~~~~~~~~~~~~~~~~[m[K
[01m[K/home/zzy/rangenet_pp/src/rangenet_pp/src/bounding_box.cpp:944:6:[m[K [01;31m[Kerror: [m[K‘[01m[KBoundingBoxGenerator[m[K’ has not been declared
  944 | bool [01;31m[KBoundingBoxGenerator[m[K::isLidarTurning(const pcl::PointCloud<pcl::PointXYZRGB>::Ptr& cloud,
      |      [01;31m[K^~~~~~~~~~~~~~~~~~~~[m[K
[01m[K/home/zzy/rangenet_pp/src/rangenet_pp/src/bounding_box.cpp:1065:40:[m[K [01;31m[Kerror: [m[K‘[01m[KBoundingBoxGenerator[m[K’ has not been declared
 1065 | pcl::PointCloud<pcl::PointXYZRGB>::Ptr [01;31m[KBoundingBoxGenerator[m[K::completeVehiclePointCloud(
      |                                        [01;31m[K^~~~~~~~~~~~~~~~~~~~[m[K
make[2]: *** [CMakeFiles/ros1_demo.dir/build.make:82：CMakeFiles/ros1_demo.dir/src/ros1_demo.cpp.o] 错误 1
make[2]: *** 正在等待未完成的任务....
/usr/bin/ld: warning: libpcl_visualization.so.1.10, needed by /home/zzy/rangenet_pp/devel/.private/rangenet_pp/lib/librangenet_lib.so, may conflict with libpcl_visualization.so.1.14
/usr/bin/ld: warning: libpcl_io.so.1.10, needed by /usr/lib/x86_64-linux-gnu/libpcl_visualization.so, may conflict with libpcl_io.so.1.14
/usr/bin/ld: warning: libpcl_common.so.1.10, needed by /usr/lib/x86_64-linux-gnu/libpcl_visualization.so, may conflict with libpcl_common.so.1.14
make[2]: *** [CMakeFiles/ros1_demo.dir/build.make:95：CMakeFiles/ros1_demo.dir/src/bounding_box.cpp.o] 错误 1
make[1]: *** [CMakeFiles/Makefile2:361：CMakeFiles/ros1_demo.dir/all] 错误 2
make: *** [Makefile:160：all] 错误 2
