[01m[K<command-line>:[m[K [01;35m[Kwarning: [m[KISO C++11 requires whitespace after the macro name
[01m[K<command-line>:[m[K [01;35m[Kwarning: [m[KISO C++11 requires whitespace after the macro name
[01m[K/home/zzy/rangenet_pp/src/rangenet_pp/src/bounding_box.cpp:[m[K In member function ‘[01m[Kvisualization_msgs::MarkerArray BoundingBoxGenerator::generateOrientedBoundingBoxes(const Ptr&, const std::vector<pcl::PointIndices>&, const string&, const string&, int)[m[K’:
[01m[K/home/zzy/rangenet_pp/src/rangenet_pp/src/bounding_box.cpp:309:35:[m[K [01;31m[Kerror: [m[Kno matching function for call to ‘[01m[Kmin(double&, const float&)[m[K’
  309 |       min_z = std::min(min_z, pt.z[01;31m[K)[m[K;
      |                                   [01;31m[K^[m[K
In file included from [01m[K/usr/include/c++/9/bits/specfun.h:45[m[K,
                 from [01m[K/usr/include/c++/9/cmath:1927[m[K,
                 from [01m[K/usr/include/c++/9/complex:44[m[K,
                 from [01m[K/usr/include/eigen3/Eigen/Core:96[m[K,
                 from [01m[K/usr/include/eigen3/Eigen/StdVector:14[m[K,
                 from [01m[K/usr/include/pcl-1.10/pcl/point_cloud.h:45[m[K,
                 from [01m[K/home/zzy/rangenet_pp/src/rangenet_pp/include/bounding_box.hpp:3[m[K,
                 from [01m[K/home/zzy/rangenet_pp/src/rangenet_pp/src/bounding_box.cpp:1[m[K:
[01m[K/usr/include/c++/9/bits/stl_algobase.h:198:5:[m[K [01;36m[Knote: [m[Kcandidate: ‘[01m[Ktemplate<class _Tp> constexpr const _Tp& std::min(const _Tp&, const _Tp&)[m[K’
  198 |     [01;36m[Kmin[m[K(const _Tp& __a, const _Tp& __b)
      |     [01;36m[K^~~[m[K
[01m[K/usr/include/c++/9/bits/stl_algobase.h:198:5:[m[K [01;36m[Knote: [m[K  template argument deduction/substitution failed:
[01m[K/home/zzy/rangenet_pp/src/rangenet_pp/src/bounding_box.cpp:309:35:[m[K [01;36m[Knote: [m[K  deduced conflicting types for parameter ‘[01m[Kconst _Tp[m[K’ (‘[01m[Kdouble[m[K’ and ‘[01m[Kfloat[m[K’)
  309 |       min_z = std::min(min_z, pt.z[01;36m[K)[m[K;
      |                                   [01;36m[K^[m[K
In file included from [01m[K/usr/include/c++/9/bits/specfun.h:45[m[K,
                 from [01m[K/usr/include/c++/9/cmath:1927[m[K,
                 from [01m[K/usr/include/c++/9/complex:44[m[K,
                 from [01m[K/usr/include/eigen3/Eigen/Core:96[m[K,
                 from [01m[K/usr/include/eigen3/Eigen/StdVector:14[m[K,
                 from [01m[K/usr/include/pcl-1.10/pcl/point_cloud.h:45[m[K,
                 from [01m[K/home/zzy/rangenet_pp/src/rangenet_pp/include/bounding_box.hpp:3[m[K,
                 from [01m[K/home/zzy/rangenet_pp/src/rangenet_pp/src/bounding_box.cpp:1[m[K:
[01m[K/usr/include/c++/9/bits/stl_algobase.h:246:5:[m[K [01;36m[Knote: [m[Kcandidate: ‘[01m[Ktemplate<class _Tp, class _Compare> constexpr const _Tp& std::min(const _Tp&, const _Tp&, _Compare)[m[K’
  246 |     [01;36m[Kmin[m[K(const _Tp& __a, const _Tp& __b, _Compare __comp)
      |     [01;36m[K^~~[m[K
[01m[K/usr/include/c++/9/bits/stl_algobase.h:246:5:[m[K [01;36m[Knote: [m[K  template argument deduction/substitution failed:
[01m[K/home/zzy/rangenet_pp/src/rangenet_pp/src/bounding_box.cpp:309:35:[m[K [01;36m[Knote: [m[K  deduced conflicting types for parameter ‘[01m[Kconst _Tp[m[K’ (‘[01m[Kdouble[m[K’ and ‘[01m[Kfloat[m[K’)
  309 |       min_z = std::min(min_z, pt.z[01;36m[K)[m[K;
      |                                   [01;36m[K^[m[K
In file included from [01m[K/usr/include/c++/9/functional:65[m[K,
                 from [01m[K/usr/include/eigen3/Eigen/Core:281[m[K,
                 from [01m[K/usr/include/eigen3/Eigen/StdVector:14[m[K,
                 from [01m[K/usr/include/pcl-1.10/pcl/point_cloud.h:45[m[K,
                 from [01m[K/home/zzy/rangenet_pp/src/rangenet_pp/include/bounding_box.hpp:3[m[K,
                 from [01m[K/home/zzy/rangenet_pp/src/rangenet_pp/src/bounding_box.cpp:1[m[K:
[01m[K/usr/include/c++/9/bits/stl_algo.h:3450:5:[m[K [01;36m[Knote: [m[Kcandidate: ‘[01m[Ktemplate<class _Tp> constexpr _Tp std::min(std::initializer_list<_Tp>)[m[K’
 3450 |     [01;36m[Kmin[m[K(initializer_list<_Tp> __l)
      |     [01;36m[K^~~[m[K
[01m[K/usr/include/c++/9/bits/stl_algo.h:3450:5:[m[K [01;36m[Knote: [m[K  template argument deduction/substitution failed:
[01m[K/home/zzy/rangenet_pp/src/rangenet_pp/src/bounding_box.cpp:309:35:[m[K [01;36m[Knote: [m[K  mismatched types ‘[01m[Kstd::initializer_list<_Tp>[m[K’ and ‘[01m[Kdouble[m[K’
  309 |       min_z = std::min(min_z, pt.z[01;36m[K)[m[K;
      |                                   [01;36m[K^[m[K
In file included from [01m[K/usr/include/c++/9/functional:65[m[K,
                 from [01m[K/usr/include/eigen3/Eigen/Core:281[m[K,
                 from [01m[K/usr/include/eigen3/Eigen/StdVector:14[m[K,
                 from [01m[K/usr/include/pcl-1.10/pcl/point_cloud.h:45[m[K,
                 from [01m[K/home/zzy/rangenet_pp/src/rangenet_pp/include/bounding_box.hpp:3[m[K,
                 from [01m[K/home/zzy/rangenet_pp/src/rangenet_pp/src/bounding_box.cpp:1[m[K:
[01m[K/usr/include/c++/9/bits/stl_algo.h:3456:5:[m[K [01;36m[Knote: [m[Kcandidate: ‘[01m[Ktemplate<class _Tp, class _Compare> constexpr _Tp std::min(std::initializer_list<_Tp>, _Compare)[m[K’
 3456 |     [01;36m[Kmin[m[K(initializer_list<_Tp> __l, _Compare __comp)
      |     [01;36m[K^~~[m[K
[01m[K/usr/include/c++/9/bits/stl_algo.h:3456:5:[m[K [01;36m[Knote: [m[K  template argument deduction/substitution failed:
[01m[K/home/zzy/rangenet_pp/src/rangenet_pp/src/bounding_box.cpp:309:35:[m[K [01;36m[Knote: [m[K  mismatched types ‘[01m[Kstd::initializer_list<_Tp>[m[K’ and ‘[01m[Kdouble[m[K’
  309 |       min_z = std::min(min_z, pt.z[01;36m[K)[m[K;
      |                                   [01;36m[K^[m[K
[01m[K/home/zzy/rangenet_pp/src/rangenet_pp/src/bounding_box.cpp:310:35:[m[K [01;31m[Kerror: [m[Kno matching function for call to ‘[01m[Kmax(double&, const float&)[m[K’
  310 |       max_z = std::max(max_z, pt.z[01;31m[K)[m[K;
      |                                   [01;31m[K^[m[K
In file included from [01m[K/usr/include/c++/9/bits/specfun.h:45[m[K,
                 from [01m[K/usr/include/c++/9/cmath:1927[m[K,
                 from [01m[K/usr/include/c++/9/complex:44[m[K,
                 from [01m[K/usr/include/eigen3/Eigen/Core:96[m[K,
                 from [01m[K/usr/include/eigen3/Eigen/StdVector:14[m[K,
                 from [01m[K/usr/include/pcl-1.10/pcl/point_cloud.h:45[m[K,
                 from [01m[K/home/zzy/rangenet_pp/src/rangenet_pp/include/bounding_box.hpp:3[m[K,
                 from [01m[K/home/zzy/rangenet_pp/src/rangenet_pp/src/bounding_box.cpp:1[m[K:
[01m[K/usr/include/c++/9/bits/stl_algobase.h:222:5:[m[K [01;36m[Knote: [m[Kcandidate: ‘[01m[Ktemplate<class _Tp> constexpr const _Tp& std::max(const _Tp&, const _Tp&)[m[K’
  222 |     [01;36m[Kmax[m[K(const _Tp& __a, const _Tp& __b)
      |     [01;36m[K^~~[m[K
[01m[K/usr/include/c++/9/bits/stl_algobase.h:222:5:[m[K [01;36m[Knote: [m[K  template argument deduction/substitution failed:
[01m[K/home/zzy/rangenet_pp/src/rangenet_pp/src/bounding_box.cpp:310:35:[m[K [01;36m[Knote: [m[K  deduced conflicting types for parameter ‘[01m[Kconst _Tp[m[K’ (‘[01m[Kdouble[m[K’ and ‘[01m[Kfloat[m[K’)
  310 |       max_z = std::max(max_z, pt.z[01;36m[K)[m[K;
      |                                   [01;36m[K^[m[K
In file included from [01m[K/usr/include/c++/9/bits/specfun.h:45[m[K,
                 from [01m[K/usr/include/c++/9/cmath:1927[m[K,
                 from [01m[K/usr/include/c++/9/complex:44[m[K,
                 from [01m[K/usr/include/eigen3/Eigen/Core:96[m[K,
                 from [01m[K/usr/include/eigen3/Eigen/StdVector:14[m[K,
                 from [01m[K/usr/include/pcl-1.10/pcl/point_cloud.h:45[m[K,
                 from [01m[K/home/zzy/rangenet_pp/src/rangenet_pp/include/bounding_box.hpp:3[m[K,
                 from [01m[K/home/zzy/rangenet_pp/src/rangenet_pp/src/bounding_box.cpp:1[m[K:
[01m[K/usr/include/c++/9/bits/stl_algobase.h:268:5:[m[K [01;36m[Knote: [m[Kcandidate: ‘[01m[Ktemplate<class _Tp, class _Compare> constexpr const _Tp& std::max(const _Tp&, const _Tp&, _Compare)[m[K’
  268 |     [01;36m[Kmax[m[K(const _Tp& __a, const _Tp& __b, _Compare __comp)
      |     [01;36m[K^~~[m[K
[01m[K/usr/include/c++/9/bits/stl_algobase.h:268:5:[m[K [01;36m[Knote: [m[K  template argument deduction/substitution failed:
[01m[K/home/zzy/rangenet_pp/src/rangenet_pp/src/bounding_box.cpp:310:35:[m[K [01;36m[Knote: [m[K  deduced conflicting types for parameter ‘[01m[Kconst _Tp[m[K’ (‘[01m[Kdouble[m[K’ and ‘[01m[Kfloat[m[K’)
  310 |       max_z = std::max(max_z, pt.z[01;36m[K)[m[K;
      |                                   [01;36m[K^[m[K
In file included from [01m[K/usr/include/c++/9/functional:65[m[K,
                 from [01m[K/usr/include/eigen3/Eigen/Core:281[m[K,
                 from [01m[K/usr/include/eigen3/Eigen/StdVector:14[m[K,
                 from [01m[K/usr/include/pcl-1.10/pcl/point_cloud.h:45[m[K,
                 from [01m[K/home/zzy/rangenet_pp/src/rangenet_pp/include/bounding_box.hpp:3[m[K,
                 from [01m[K/home/zzy/rangenet_pp/src/rangenet_pp/src/bounding_box.cpp:1[m[K:
[01m[K/usr/include/c++/9/bits/stl_algo.h:3462:5:[m[K [01;36m[Knote: [m[Kcandidate: ‘[01m[Ktemplate<class _Tp> constexpr _Tp std::max(std::initializer_list<_Tp>)[m[K’
 3462 |     [01;36m[Kmax[m[K(initializer_list<_Tp> __l)
      |     [01;36m[K^~~[m[K
[01m[K/usr/include/c++/9/bits/stl_algo.h:3462:5:[m[K [01;36m[Knote: [m[K  template argument deduction/substitution failed:
[01m[K/home/zzy/rangenet_pp/src/rangenet_pp/src/bounding_box.cpp:310:35:[m[K [01;36m[Knote: [m[K  mismatched types ‘[01m[Kstd::initializer_list<_Tp>[m[K’ and ‘[01m[Kdouble[m[K’
  310 |       max_z = std::max(max_z, pt.z[01;36m[K)[m[K;
      |                                   [01;36m[K^[m[K
In file included from [01m[K/usr/include/c++/9/functional:65[m[K,
                 from [01m[K/usr/include/eigen3/Eigen/Core:281[m[K,
                 from [01m[K/usr/include/eigen3/Eigen/StdVector:14[m[K,
                 from [01m[K/usr/include/pcl-1.10/pcl/point_cloud.h:45[m[K,
                 from [01m[K/home/zzy/rangenet_pp/src/rangenet_pp/include/bounding_box.hpp:3[m[K,
                 from [01m[K/home/zzy/rangenet_pp/src/rangenet_pp/src/bounding_box.cpp:1[m[K:
[01m[K/usr/include/c++/9/bits/stl_algo.h:3468:5:[m[K [01;36m[Knote: [m[Kcandidate: ‘[01m[Ktemplate<class _Tp, class _Compare> constexpr _Tp std::max(std::initializer_list<_Tp>, _Compare)[m[K’
 3468 |     [01;36m[Kmax[m[K(initializer_list<_Tp> __l, _Compare __comp)
      |     [01;36m[K^~~[m[K
[01m[K/usr/include/c++/9/bits/stl_algo.h:3468:5:[m[K [01;36m[Knote: [m[K  template argument deduction/substitution failed:
[01m[K/home/zzy/rangenet_pp/src/rangenet_pp/src/bounding_box.cpp:310:35:[m[K [01;36m[Knote: [m[K  mismatched types ‘[01m[Kstd::initializer_list<_Tp>[m[K’ and ‘[01m[Kdouble[m[K’
  310 |       max_z = std::max(max_z, pt.z[01;36m[K)[m[K;
      |                                   [01;36m[K^[m[K
/usr/bin/ld: warning: libpcl_visualization.so.1.10, needed by /home/zzy/rangenet_pp/devel/.private/rangenet_pp/lib/librangenet_lib.so, may conflict with libpcl_visualization.so.1.14
/usr/bin/ld: warning: libpcl_io.so.1.10, needed by /usr/lib/x86_64-linux-gnu/libpcl_visualization.so, may conflict with libpcl_io.so.1.14
/usr/bin/ld: warning: libpcl_common.so.1.10, needed by /usr/lib/x86_64-linux-gnu/libpcl_visualization.so, may conflict with libpcl_common.so.1.14
make[2]: *** [CMakeFiles/ros1_demo.dir/build.make:95：CMakeFiles/ros1_demo.dir/src/bounding_box.cpp.o] 错误 1
make[1]: *** [CMakeFiles/Makefile2:361：CMakeFiles/ros1_demo.dir/all] 错误 2
make: *** [Makefile:160：all] 错误 2
