In file included from [01m[K/home/zzy/rangenet_pp/src/rangenet_pp/src/utils/postprocess.cpp:1[m[K:
[01m[K/home/zzy/rangenet_pp/src/rangenet_pp/src/utils/postprocess.hpp:4:10:[m[K [01;31m[Kfatal error: [m[Ktorch/torch.h: æ²¡æœ‰é‚£ä¸ªæ–‡ä»¶æˆ–ç›®å½•
    4 | #include [01;31m[K<torch/torch.h>[m[K
      |          [01;31m[K^~~~~~~~~~~~~~~[m[K
compilation terminated.
make[2]: *** [CMakeFiles/postprocess.dir/build.make:82ï¼šCMakeFiles/postprocess.dir/src/utils/postprocess.cpp.o] é”™è¯¯ 1
make[1]: *** [CMakeFiles/Makefile2:307ï¼šCMakeFiles/postprocess.dir/all] é”™è¯¯ 2
make[1]: *** æ­£åœ¨ç­‰å¾…æœªå®Œæˆçš„ä»»åŠ¡....
In file included from [01m[K/home/zzy/rangenet_pp/src/rangenet_pp/src/ops/project.hpp:4[m[K,
                 from [01m[K/home/zzy/rangenet_pp/src/rangenet_pp/src/network/netTensorRT.cpp:1[m[K:
[01m[K/home/zzy/rangenet_pp/src/rangenet_pp/src/ops/cuda_utils.hpp:4:10:[m[K [01;31m[Kfatal error: [m[Kcuda_runtime_api.h: æ²¡æœ‰é‚£ä¸ªæ–‡ä»¶æˆ–ç›®å½•
    4 | #include [01;31m[K<cuda_runtime_api.h>[m[K
      |          [01;31m[K^~~~~~~~~~~~~~~~~~~~[m[K
compilation terminated.
make[2]: *** [CMakeFiles/rangenet_lib.dir/build.make:95ï¼šCMakeFiles/rangenet_lib.dir/src/network/netTensorRT.cpp.o] é”™è¯¯ 1
make[2]: *** æ­£åœ¨ç­‰å¾…æœªå®Œæˆçš„ä»»åŠ¡....
In file included from [01m[K/home/zzy/rangenet_pp/src/rangenet_pp/src/ops/project.hpp:4[m[K,
                 from [01m[K/home/zzy/rangenet_pp/src/rangenet_pp/src/ops/project.cpp:1[m[K:
[01m[K/home/zzy/rangenet_pp/src/rangenet_pp/src/ops/cuda_utils.hpp:4:10:[m[K [01;31m[Kfatal error: [m[Kcuda_runtime_api.h: æ²¡æœ‰é‚£ä¸ªæ–‡ä»¶æˆ–ç›®å½•
    4 | #include [01;31m[K<cuda_runtime_api.h>[m[K
      |          [01;31m[K^~~~~~~~~~~~~~~~~~~~[m[K
compilation terminated.
make[2]: *** [CMakeFiles/project_ops.dir/build.make:95ï¼šCMakeFiles/project_ops.dir/src/ops/project.cpp.o] é”™è¯¯ 1
make[2]: *** æ­£åœ¨ç­‰å¾…æœªå®Œæˆçš„ä»»åŠ¡....
[01m[K<command-line>:[m[K [01;35m[Kwarning: [m[KISO C++11 requires whitespace after the macro name
[01m[K<command-line>:[m[K [01;35m[Kwarning: [m[KISO C++11 requires whitespace after the macro name
[01m[K<command-line>:[m[K [01;35m[Kwarning: [m[KISO C++11 requires whitespace after the macro name
In file included from [01m[K/home/zzy/rangenet_pp/src/rangenet_pp/src/ops/project.hpp:4[m[K,
                 from [01m[K/home/zzy/rangenet_pp/src/rangenet_pp/include/net.hpp:16[m[K,
                 from [01m[K/home/zzy/rangenet_pp/src/rangenet_pp/src/network/net.cpp:6[m[K:
[01m[K/home/zzy/rangenet_pp/src/rangenet_pp/src/ops/cuda_utils.hpp:4:10:[m[K [01;31m[Kfatal error: [m[Kcuda_runtime_api.h: æ²¡æœ‰é‚£ä¸ªæ–‡ä»¶æˆ–ç›®å½•
    4 | #include [01;31m[K<cuda_runtime_api.h>[m[K
      |          [01;31m[K^~~~~~~~~~~~~~~~~~~~[m[K
compilation terminated.
make[2]: *** [CMakeFiles/rangenet_lib.dir/build.make:82ï¼šCMakeFiles/rangenet_lib.dir/src/network/net.cpp.o] é”™è¯¯ 1
make[1]: *** [CMakeFiles/Makefile2:415ï¼šCMakeFiles/rangenet_lib.dir/all] é”™è¯¯ 2
[01m[K<command-line>:[m[K [01;35m[Kwarning: [m[KISO C++11 requires whitespace after the macro name
[01m[K<command-line>:[m[K [01;35m[Kwarning: [m[KISO C++11 requires whitespace after the macro name
[01m[K<command-line>:[m[K [01;35m[Kwarning: [m[KISO C++11 requires whitespace after the macro name
make[1]: *** [CMakeFiles/Makefile2:334ï¼šCMakeFiles/project_ops.dir/all] é”™è¯¯ 2
make: *** [Makefile:160ï¼šall] é”™è¯¯ 2
