[01m[K<command-line>:[m[K [01;35m[Kwarning: [m[KISO C++11 requires whitespace after the macro name
[01m[K<command-line>:[m[K [01;35m[Kwarning: [m[KISO C++11 requires whitespace after the macro name
[01m[K<command-line>:[m[K [01;35m[Kwarning: [m[KISO C++11 requires whitespace after the macro name
[01m[K<command-line>:[m[K [01;35m[Kwarning: [m[KISO C++11 requires whitespace after the macro name
[01m[K<command-line>:[m[K [01;35m[Kwarning: [m[KISO C++11 requires whitespace after the macro name
[01m[K<command-line>:[m[K [01;35m[Kwarning: [m[KISO C++11 requires whitespace after the macro name
/usr/bin/ld: /home/zzy/rangenet_pp/devel/.private/rangenet_pp/lib/librangenet_lib.so: undefined reference to `pcl::visualization::PCLVisualizer::createActorFromVTKDataSet(vtkSmartPointer<vtkDataSet> const&, vtkSmartPointer<vtkLODActor>&, bool)'
collect2: error: ld returned 1 exit status
make[2]: *** [CMakeFiles/demo.dir/build.make:368：/home/zzy/rangenet_pp/devel/.private/rangenet_pp/lib/rangenet_pp/demo] 错误 1
make[1]: *** [CMakeFiles/Makefile2:250：CMakeFiles/demo.dir/all] 错误 2
make[1]: *** 正在等待未完成的任务....
/usr/bin/ld: CMakeFiles/ros1_demo.dir/src/bounding_box.cpp.o: in function `BoundingBoxGenerator::euclideanClustering(boost::shared_ptr<pcl::PointCloud<pcl::PointXYZI> > const&, double, int, int)':
bounding_box.cpp:(.text+0x8fd): undefined reference to `pcl::PCLBase<pcl::PointXYZI>::setInputCloud(boost::shared_ptr<pcl::PointCloud<pcl::PointXYZI> const> const&)'
/usr/bin/ld: CMakeFiles/ros1_demo.dir/src/bounding_box.cpp.o: in function `BoundingBoxGenerator::performClustering(boost::shared_ptr<pcl::PointCloud<pcl::PointXYZRGB> > const&, std::vector<int, std::allocator<int> > const&, float)':
bounding_box.cpp:(.text+0xc2a): undefined reference to `pcl::PCLBase<pcl::PointXYZRGB>::setInputCloud(boost::shared_ptr<pcl::PointCloud<pcl::PointXYZRGB> const> const&)'
/usr/bin/ld: bounding_box.cpp:(.text+0xc5c): undefined reference to `pcl::PCLBase<pcl::PointXYZRGB>::setIndices(boost::shared_ptr<pcl::PointIndices const> const&)'
/usr/bin/ld: CMakeFiles/ros1_demo.dir/src/bounding_box.cpp.o: in function `BoundingBoxGenerator::getXYConvexHull(boost::shared_ptr<pcl::PointCloud<pcl::PointXYZRGB> > const&, std::vector<int, std::allocator<int> > const&)':
bounding_box.cpp:(.text+0x26ea): undefined reference to `pcl::PCLBase<pcl::PointXYZ>::setInputCloud(boost::shared_ptr<pcl::PointCloud<pcl::PointXYZ> const> const&)'
/usr/bin/ld: CMakeFiles/ros1_demo.dir/src/bounding_box.cpp.o: in function `BoundingBoxGenerator::generateOrientedBoundingBoxes(boost::shared_ptr<pcl::PointCloud<pcl::PointXYZRGB> > const&, std::vector<pcl::PointIndices, std::allocator<pcl::PointIndices> > const&, std::__cxx11::basic_string<char, std::char_traits<char>, std::allocator<char> > const&, std::__cxx11::basic_string<char, std::char_traits<char>, std::allocator<char> > const&, int)':
bounding_box.cpp:(.text+0x45fa): undefined reference to `pcl::PCLBase<pcl::PointXYZRGB>::setInputCloud(boost::shared_ptr<pcl::PointCloud<pcl::PointXYZRGB> const> const&)'
/usr/bin/ld: CMakeFiles/ros1_demo.dir/src/bounding_box.cpp.o: in function `pcl::PCA<pcl::PointXYZRGB>::setInputCloud(boost::shared_ptr<pcl::PointCloud<pcl::PointXYZRGB> const> const&)':
bounding_box.cpp:(.text._ZN3pcl3PCAINS_11PointXYZRGBEE13setInputCloudERKN5boost10shared_ptrIKNS_10PointCloudIS1_EEEE[_ZN3pcl3PCAINS_11PointXYZRGBEE13setInputCloudERKN5boost10shared_ptrIKNS_10PointCloudIS1_EEEE]+0x9): undefined reference to `pcl::PCLBase<pcl::PointXYZRGB>::setInputCloud(boost::shared_ptr<pcl::PointCloud<pcl::PointXYZRGB> const> const&)'
/usr/bin/ld: CMakeFiles/ros1_demo.dir/src/bounding_box.cpp.o: in function `pcl::PCA<pcl::PointXYZRGB>::setIndices(boost::shared_ptr<pcl::PointIndices const> const&)':
bounding_box.cpp:(.text._ZN3pcl3PCAINS_11PointXYZRGBEE10setIndicesERKN5boost10shared_ptrIKNS_12PointIndicesEEE[_ZN3pcl3PCAINS_11PointXYZRGBEE10setIndicesERKN5boost10shared_ptrIKNS_12PointIndicesEEE]+0x9): undefined reference to `pcl::PCLBase<pcl::PointXYZRGB>::setIndices(boost::shared_ptr<pcl::PointIndices const> const&)'
/usr/bin/ld: CMakeFiles/ros1_demo.dir/src/bounding_box.cpp.o: in function `pcl::PCA<pcl::PointXYZRGB>::setIndices(boost::shared_ptr<std::vector<int, std::allocator<int> > > const&)':
bounding_box.cpp:(.text._ZN3pcl3PCAINS_11PointXYZRGBEE10setIndicesERKN5boost10shared_ptrISt6vectorIiSaIiEEEE[_ZN3pcl3PCAINS_11PointXYZRGBEE10setIndicesERKN5boost10shared_ptrISt6vectorIiSaIiEEEE]+0x9): undefined reference to `pcl::PCLBase<pcl::PointXYZRGB>::setIndices(boost::shared_ptr<std::vector<int, std::allocator<int> > > const&)'
/usr/bin/ld: CMakeFiles/ros1_demo.dir/src/bounding_box.cpp.o: in function `pcl::PCA<pcl::PointXYZRGB>::setIndices(boost::shared_ptr<std::vector<int, std::allocator<int> > const> const&)':
bounding_box.cpp:(.text._ZN3pcl3PCAINS_11PointXYZRGBEE10setIndicesERKN5boost10shared_ptrIKSt6vectorIiSaIiEEEE[_ZN3pcl3PCAINS_11PointXYZRGBEE10setIndicesERKN5boost10shared_ptrIKSt6vectorIiSaIiEEEE]+0x9): undefined reference to `pcl::PCLBase<pcl::PointXYZRGB>::setIndices(boost::shared_ptr<std::vector<int, std::allocator<int> > const> const&)'
/usr/bin/ld: CMakeFiles/ros1_demo.dir/src/bounding_box.cpp.o:(.data.rel.ro._ZTVN3pcl6search6KdTreeINS_8PointXYZENS_11KdTreeFLANNIS2_N5flann9L2_SimpleIfEEEEEE[_ZTVN3pcl6search6KdTreeINS_8PointXYZENS_11KdTreeFLANNIS2_N5flann9L2_SimpleIfEEEEEE]+0x38): undefined reference to `pcl::search::KdTree<pcl::PointXYZ, pcl::KdTreeFLANN<pcl::PointXYZ, flann::L2_Simple<float> > >::setInputCloud(boost::shared_ptr<pcl::PointCloud<pcl::PointXYZ> const> const&, boost::shared_ptr<std::vector<int, std::allocator<int> > const> const&)'
/usr/bin/ld: CMakeFiles/ros1_demo.dir/src/bounding_box.cpp.o:(.data.rel.ro._ZTVN3pcl6search6SearchINS_11PointXYZRGBEEE[_ZTVN3pcl6search6SearchINS_11PointXYZRGBEEE]+0x38): undefined reference to `pcl::search::Search<pcl::PointXYZRGB>::setInputCloud(boost::shared_ptr<pcl::PointCloud<pcl::PointXYZRGB> const> const&, boost::shared_ptr<std::vector<int, std::allocator<int> > const> const&)'
/usr/bin/ld: CMakeFiles/ros1_demo.dir/src/bounding_box.cpp.o:(.data.rel.ro._ZTVN3pcl6search6KdTreeINS_11PointXYZRGBENS_11KdTreeFLANNIS2_N5flann9L2_SimpleIfEEEEEE[_ZTVN3pcl6search6KdTreeINS_11PointXYZRGBENS_11KdTreeFLANNIS2_N5flann9L2_SimpleIfEEEEEE]+0x38): undefined reference to `pcl::search::KdTree<pcl::PointXYZRGB, pcl::KdTreeFLANN<pcl::PointXYZRGB, flann::L2_Simple<float> > >::setInputCloud(boost::shared_ptr<pcl::PointCloud<pcl::PointXYZRGB> const> const&, boost::shared_ptr<std::vector<int, std::allocator<int> > const> const&)'
/usr/bin/ld: CMakeFiles/ros1_demo.dir/src/bounding_box.cpp.o:(.data.rel.ro._ZTVN3pcl7PCLBaseINS_11PointXYZRGBEEE[_ZTVN3pcl7PCLBaseINS_11PointXYZRGBEEE]+0x20): undefined reference to `pcl::PCLBase<pcl::PointXYZRGB>::setInputCloud(boost::shared_ptr<pcl::PointCloud<pcl::PointXYZRGB> const> const&)'
/usr/bin/ld: CMakeFiles/ros1_demo.dir/src/bounding_box.cpp.o:(.data.rel.ro._ZTVN3pcl7PCLBaseINS_11PointXYZRGBEEE[_ZTVN3pcl7PCLBaseINS_11PointXYZRGBEEE]+0x28): undefined reference to `pcl::PCLBase<pcl::PointXYZRGB>::setIndices(boost::shared_ptr<std::vector<int, std::allocator<int> > > const&)'
/usr/bin/ld: CMakeFiles/ros1_demo.dir/src/bounding_box.cpp.o:(.data.rel.ro._ZTVN3pcl7PCLBaseINS_11PointXYZRGBEEE[_ZTVN3pcl7PCLBaseINS_11PointXYZRGBEEE]+0x30): undefined reference to `pcl::PCLBase<pcl::PointXYZRGB>::setIndices(boost::shared_ptr<std::vector<int, std::allocator<int> > const> const&)'
/usr/bin/ld: CMakeFiles/ros1_demo.dir/src/bounding_box.cpp.o:(.data.rel.ro._ZTVN3pcl7PCLBaseINS_11PointXYZRGBEEE[_ZTVN3pcl7PCLBaseINS_11PointXYZRGBEEE]+0x38): undefined reference to `pcl::PCLBase<pcl::PointXYZRGB>::setIndices(boost::shared_ptr<pcl::PointIndices const> const&)'
/usr/bin/ld: CMakeFiles/ros1_demo.dir/src/bounding_box.cpp.o:(.data.rel.ro._ZTVN3pcl26EuclideanClusterExtractionINS_11PointXYZRGBEEE[_ZTVN3pcl26EuclideanClusterExtractionINS_11PointXYZRGBEEE]+0x20): undefined reference to `pcl::PCLBase<pcl::PointXYZRGB>::setInputCloud(boost::shared_ptr<pcl::PointCloud<pcl::PointXYZRGB> const> const&)'
/usr/bin/ld: CMakeFiles/ros1_demo.dir/src/bounding_box.cpp.o:(.data.rel.ro._ZTVN3pcl26EuclideanClusterExtractionINS_11PointXYZRGBEEE[_ZTVN3pcl26EuclideanClusterExtractionINS_11PointXYZRGBEEE]+0x28): undefined reference to `pcl::PCLBase<pcl::PointXYZRGB>::setIndices(boost::shared_ptr<std::vector<int, std::allocator<int> > > const&)'
/usr/bin/ld: CMakeFiles/ros1_demo.dir/src/bounding_box.cpp.o:(.data.rel.ro._ZTVN3pcl26EuclideanClusterExtractionINS_11PointXYZRGBEEE[_ZTVN3pcl26EuclideanClusterExtractionINS_11PointXYZRGBEEE]+0x30): undefined reference to `pcl::PCLBase<pcl::PointXYZRGB>::setIndices(boost::shared_ptr<std::vector<int, std::allocator<int> > const> const&)'
/usr/bin/ld: CMakeFiles/ros1_demo.dir/src/bounding_box.cpp.o:(.data.rel.ro._ZTVN3pcl26EuclideanClusterExtractionINS_11PointXYZRGBEEE[_ZTVN3pcl26EuclideanClusterExtractionINS_11PointXYZRGBEEE]+0x38): undefined reference to `pcl::PCLBase<pcl::PointXYZRGB>::setIndices(boost::shared_ptr<pcl::PointIndices const> const&)'
/usr/bin/ld: CMakeFiles/ros1_demo.dir/src/bounding_box.cpp.o:(.data.rel.ro._ZTVN3pcl7PCLBaseINS_8PointXYZEEE[_ZTVN3pcl7PCLBaseINS_8PointXYZEEE]+0x20): undefined reference to `pcl::PCLBase<pcl::PointXYZ>::setInputCloud(boost::shared_ptr<pcl::PointCloud<pcl::PointXYZ> const> const&)'
/usr/bin/ld: CMakeFiles/ros1_demo.dir/src/bounding_box.cpp.o:(.data.rel.ro._ZTVN3pcl7PCLBaseINS_8PointXYZEEE[_ZTVN3pcl7PCLBaseINS_8PointXYZEEE]+0x28): undefined reference to `pcl::PCLBase<pcl::PointXYZ>::setIndices(boost::shared_ptr<std::vector<int, std::allocator<int> > > const&)'
/usr/bin/ld: CMakeFiles/ros1_demo.dir/src/bounding_box.cpp.o:(.data.rel.ro._ZTVN3pcl7PCLBaseINS_8PointXYZEEE[_ZTVN3pcl7PCLBaseINS_8PointXYZEEE]+0x30): undefined reference to `pcl::PCLBase<pcl::PointXYZ>::setIndices(boost::shared_ptr<std::vector<int, std::allocator<int> > const> const&)'
/usr/bin/ld: CMakeFiles/ros1_demo.dir/src/bounding_box.cpp.o:(.data.rel.ro._ZTVN3pcl7PCLBaseINS_8PointXYZEEE[_ZTVN3pcl7PCLBaseINS_8PointXYZEEE]+0x38): undefined reference to `pcl::PCLBase<pcl::PointXYZ>::setIndices(boost::shared_ptr<pcl::PointIndices const> const&)'
/usr/bin/ld: CMakeFiles/ros1_demo.dir/src/bounding_box.cpp.o:(.data.rel.ro._ZTVN3pcl6search6SearchINS_8PointXYZEEE[_ZTVN3pcl6search6SearchINS_8PointXYZEEE]+0x38): undefined reference to `pcl::search::Search<pcl::PointXYZ>::setInputCloud(boost::shared_ptr<pcl::PointCloud<pcl::PointXYZ> const> const&, boost::shared_ptr<std::vector<int, std::allocator<int> > const> const&)'
/usr/bin/ld: CMakeFiles/ros1_demo.dir/src/bounding_box.cpp.o:(.data.rel.ro._ZTVN3pcl14PCLSurfaceBaseINS_8PointXYZEEE[_ZTVN3pcl14PCLSurfaceBaseINS_8PointXYZEEE]+0x20): undefined reference to `pcl::PCLBase<pcl::PointXYZ>::setInputCloud(boost::shared_ptr<pcl::PointCloud<pcl::PointXYZ> const> const&)'
/usr/bin/ld: CMakeFiles/ros1_demo.dir/src/bounding_box.cpp.o:(.data.rel.ro._ZTVN3pcl14PCLSurfaceBaseINS_8PointXYZEEE[_ZTVN3pcl14PCLSurfaceBaseINS_8PointXYZEEE]+0x28): undefined reference to `pcl::PCLBase<pcl::PointXYZ>::setIndices(boost::shared_ptr<std::vector<int, std::allocator<int> > > const&)'
/usr/bin/ld: CMakeFiles/ros1_demo.dir/src/bounding_box.cpp.o:(.data.rel.ro._ZTVN3pcl14PCLSurfaceBaseINS_8PointXYZEEE[_ZTVN3pcl14PCLSurfaceBaseINS_8PointXYZEEE]+0x30): undefined reference to `pcl::PCLBase<pcl::PointXYZ>::setIndices(boost::shared_ptr<std::vector<int, std::allocator<int> > const> const&)'
/usr/bin/ld: CMakeFiles/ros1_demo.dir/src/bounding_box.cpp.o:(.data.rel.ro._ZTVN3pcl14PCLSurfaceBaseINS_8PointXYZEEE[_ZTVN3pcl14PCLSurfaceBaseINS_8PointXYZEEE]+0x38): undefined reference to `pcl::PCLBase<pcl::PointXYZ>::setIndices(boost::shared_ptr<pcl::PointIndices const> const&)'
/usr/bin/ld: CMakeFiles/ros1_demo.dir/src/bounding_box.cpp.o:(.data.rel.ro._ZTVN3pcl16MeshConstructionINS_8PointXYZEEE[_ZTVN3pcl16MeshConstructionINS_8PointXYZEEE]+0x20): undefined reference to `pcl::PCLBase<pcl::PointXYZ>::setInputCloud(boost::shared_ptr<pcl::PointCloud<pcl::PointXYZ> const> const&)'
/usr/bin/ld: CMakeFiles/ros1_demo.dir/src/bounding_box.cpp.o:(.data.rel.ro._ZTVN3pcl16MeshConstructionINS_8PointXYZEEE[_ZTVN3pcl16MeshConstructionINS_8PointXYZEEE]+0x28): undefined reference to `pcl::PCLBase<pcl::PointXYZ>::setIndices(boost::shared_ptr<std::vector<int, std::allocator<int> > > const&)'
/usr/bin/ld: CMakeFiles/ros1_demo.dir/src/bounding_box.cpp.o:(.data.rel.ro._ZTVN3pcl16MeshConstructionINS_8PointXYZEEE[_ZTVN3pcl16MeshConstructionINS_8PointXYZEEE]+0x30): undefined reference to `pcl::PCLBase<pcl::PointXYZ>::setIndices(boost::shared_ptr<std::vector<int, std::allocator<int> > const> const&)'
/usr/bin/ld: CMakeFiles/ros1_demo.dir/src/bounding_box.cpp.o:(.data.rel.ro._ZTVN3pcl16MeshConstructionINS_8PointXYZEEE[_ZTVN3pcl16MeshConstructionINS_8PointXYZEEE]+0x38): undefined reference to `pcl::PCLBase<pcl::PointXYZ>::setIndices(boost::shared_ptr<pcl::PointIndices const> const&)'
/usr/bin/ld: CMakeFiles/ros1_demo.dir/src/bounding_box.cpp.o:(.data.rel.ro._ZTVN3pcl10ConvexHullINS_8PointXYZEEE[_ZTVN3pcl10ConvexHullINS_8PointXYZEEE]+0x20): undefined reference to `pcl::PCLBase<pcl::PointXYZ>::setInputCloud(boost::shared_ptr<pcl::PointCloud<pcl::PointXYZ> const> const&)'
/usr/bin/ld: CMakeFiles/ros1_demo.dir/src/bounding_box.cpp.o:(.data.rel.ro._ZTVN3pcl10ConvexHullINS_8PointXYZEEE[_ZTVN3pcl10ConvexHullINS_8PointXYZEEE]+0x28): undefined reference to `pcl::PCLBase<pcl::PointXYZ>::setIndices(boost::shared_ptr<std::vector<int, std::allocator<int> > > const&)'
/usr/bin/ld: CMakeFiles/ros1_demo.dir/src/bounding_box.cpp.o:(.data.rel.ro._ZTVN3pcl10ConvexHullINS_8PointXYZEEE[_ZTVN3pcl10ConvexHullINS_8PointXYZEEE]+0x30): undefined reference to `pcl::PCLBase<pcl::PointXYZ>::setIndices(boost::shared_ptr<std::vector<int, std::allocator<int> > const> const&)'
/usr/bin/ld: CMakeFiles/ros1_demo.dir/src/bounding_box.cpp.o:(.data.rel.ro._ZTVN3pcl10ConvexHullINS_8PointXYZEEE[_ZTVN3pcl10ConvexHullINS_8PointXYZEEE]+0x38): undefined reference to `pcl::PCLBase<pcl::PointXYZ>::setIndices(boost::shared_ptr<pcl::PointIndices const> const&)'
/usr/bin/ld: CMakeFiles/ros1_demo.dir/src/bounding_box.cpp.o:(.data.rel.ro._ZTVN3pcl6search6SearchINS_9PointXYZIEEE[_ZTVN3pcl6search6SearchINS_9PointXYZIEEE]+0x38): undefined reference to `pcl::search::Search<pcl::PointXYZI>::setInputCloud(boost::shared_ptr<pcl::PointCloud<pcl::PointXYZI> const> const&, boost::shared_ptr<std::vector<int, std::allocator<int> > const> const&)'
/usr/bin/ld: CMakeFiles/ros1_demo.dir/src/bounding_box.cpp.o:(.data.rel.ro._ZTVN3pcl6search6KdTreeINS_9PointXYZIENS_11KdTreeFLANNIS2_N5flann9L2_SimpleIfEEEEEE[_ZTVN3pcl6search6KdTreeINS_9PointXYZIENS_11KdTreeFLANNIS2_N5flann9L2_SimpleIfEEEEEE]+0x38): undefined reference to `pcl::search::KdTree<pcl::PointXYZI, pcl::KdTreeFLANN<pcl::PointXYZI, flann::L2_Simple<float> > >::setInputCloud(boost::shared_ptr<pcl::PointCloud<pcl::PointXYZI> const> const&, boost::shared_ptr<std::vector<int, std::allocator<int> > const> const&)'
/usr/bin/ld: CMakeFiles/ros1_demo.dir/src/bounding_box.cpp.o:(.data.rel.ro._ZTVN3pcl7PCLBaseINS_9PointXYZIEEE[_ZTVN3pcl7PCLBaseINS_9PointXYZIEEE]+0x20): undefined reference to `pcl::PCLBase<pcl::PointXYZI>::setInputCloud(boost::shared_ptr<pcl::PointCloud<pcl::PointXYZI> const> const&)'
/usr/bin/ld: CMakeFiles/ros1_demo.dir/src/bounding_box.cpp.o:(.data.rel.ro._ZTVN3pcl7PCLBaseINS_9PointXYZIEEE[_ZTVN3pcl7PCLBaseINS_9PointXYZIEEE]+0x28): undefined reference to `pcl::PCLBase<pcl::PointXYZI>::setIndices(boost::shared_ptr<std::vector<int, std::allocator<int> > > const&)'
/usr/bin/ld: CMakeFiles/ros1_demo.dir/src/bounding_box.cpp.o:(.data.rel.ro._ZTVN3pcl7PCLBaseINS_9PointXYZIEEE[_ZTVN3pcl7PCLBaseINS_9PointXYZIEEE]+0x30): undefined reference to `pcl::PCLBase<pcl::PointXYZI>::setIndices(boost::shared_ptr<std::vector<int, std::allocator<int> > const> const&)'
/usr/bin/ld: CMakeFiles/ros1_demo.dir/src/bounding_box.cpp.o:(.data.rel.ro._ZTVN3pcl7PCLBaseINS_9PointXYZIEEE[_ZTVN3pcl7PCLBaseINS_9PointXYZIEEE]+0x38): undefined reference to `pcl::PCLBase<pcl::PointXYZI>::setIndices(boost::shared_ptr<pcl::PointIndices const> const&)'
/usr/bin/ld: CMakeFiles/ros1_demo.dir/src/bounding_box.cpp.o:(.data.rel.ro._ZTVN3pcl26EuclideanClusterExtractionINS_9PointXYZIEEE[_ZTVN3pcl26EuclideanClusterExtractionINS_9PointXYZIEEE]+0x20): undefined reference to `pcl::PCLBase<pcl::PointXYZI>::setInputCloud(boost::shared_ptr<pcl::PointCloud<pcl::PointXYZI> const> const&)'
/usr/bin/ld: CMakeFiles/ros1_demo.dir/src/bounding_box.cpp.o:(.data.rel.ro._ZTVN3pcl26EuclideanClusterExtractionINS_9PointXYZIEEE[_ZTVN3pcl26EuclideanClusterExtractionINS_9PointXYZIEEE]+0x28): undefined reference to `pcl::PCLBase<pcl::PointXYZI>::setIndices(boost::shared_ptr<std::vector<int, std::allocator<int> > > const&)'
/usr/bin/ld: CMakeFiles/ros1_demo.dir/src/bounding_box.cpp.o:(.data.rel.ro._ZTVN3pcl26EuclideanClusterExtractionINS_9PointXYZIEEE[_ZTVN3pcl26EuclideanClusterExtractionINS_9PointXYZIEEE]+0x30): undefined reference to `pcl::PCLBase<pcl::PointXYZI>::setIndices(boost::shared_ptr<std::vector<int, std::allocator<int> > const> const&)'
/usr/bin/ld: CMakeFiles/ros1_demo.dir/src/bounding_box.cpp.o:(.data.rel.ro._ZTVN3pcl26EuclideanClusterExtractionINS_9PointXYZIEEE[_ZTVN3pcl26EuclideanClusterExtractionINS_9PointXYZIEEE]+0x38): undefined reference to `pcl::PCLBase<pcl::PointXYZI>::setIndices(boost::shared_ptr<pcl::PointIndices const> const&)'
/usr/bin/ld: /home/zzy/rangenet_pp/devel/.private/rangenet_pp/lib/librangenet_lib.so: undefined reference to `pcl::visualization::PCLVisualizer::createActorFromVTKDataSet(vtkSmartPointer<vtkDataSet> const&, vtkSmartPointer<vtkLODActor>&, bool)'
collect2: error: ld returned 1 exit status
make[2]: *** [CMakeFiles/ros1_demo.dir/build.make:499：/home/zzy/rangenet_pp/devel/.private/rangenet_pp/lib/rangenet_pp/ros1_demo] 错误 1
make[1]: *** [CMakeFiles/Makefile2:361：CMakeFiles/ros1_demo.dir/all] 错误 2
make: *** [Makefile:160：all] 错误 2
