[01m[K<command-line>:[m[K [01;35m[Kwarning: [m[KISO C++11 requires whitespace after the macro name
[01m[K<command-line>:[m[K [01;35m[Kwarning: [m[KISO C++11 requires whitespace after the macro name
/usr/bin/ld: warning: libpcl_visualization.so.1.10, needed by /home/zzy/rangenet_pp/devel/.private/rangenet_pp/lib/librangenet_lib.so, may conflict with libpcl_visualization.so.1.14
/usr/bin/ld: warning: libpcl_io.so.1.10, needed by /usr/lib/x86_64-linux-gnu/libpcl_visualization.so, may conflict with libpcl_io.so.1.14
/usr/bin/ld: warning: libpcl_common.so.1.10, needed by /usr/lib/x86_64-linux-gnu/libpcl_visualization.so, may conflict with libpcl_common.so.1.14
/usr/bin/ld: warning: libpcl_visualization.so.1.10, needed by /home/zzy/rangenet_pp/devel/.private/rangenet_pp/lib/librangenet_lib.so, may conflict with libpcl_visualization.so.1.14
/usr/bin/ld: warning: libpcl_segmentation.so.1.14, needed by /home/zzy/rangenet_pp/devel/.private/rangenet_pp/lib/librangenet_lib.so, may conflict with libpcl_segmentation.so.1.10
/usr/bin/ld: warning: libpcl_common.so.1.14, needed by /home/zzy/rangenet_pp/devel/.private/rangenet_pp/lib/librangenet_lib.so, may conflict with libpcl_common.so.1.10
/usr/bin/ld: warning: libpcl_search.so.1.14, needed by /usr/local/lib/libpcl_segmentation.so, may conflict with libpcl_search.so.1.10
/usr/bin/ld: CMakeFiles/ros1_demo.dir/src/bounding_box.cpp.o: in function `BoundingBoxGenerator::detectStaticVehicles(boost::shared_ptr<pcl::PointCloud<pcl::PointXYZRGB> > const&, std::vector<pcl::PointIndices, std::allocator<pcl::PointIndices> > const&, ros::Time const&, std::__cxx11::basic_string<char, std::char_traits<char>, std::allocator<char> > const&)':
bounding_box.cpp:(.text+0x4aa7): undefined reference to `BoundingBoxGenerator::transformToWorldFrame(Eigen::Matrix<float, 3, 1, 0, 3, 1> const&, std::__cxx11::basic_string<char, std::char_traits<char>, std::allocator<char> > const&, ros::Time const&)'
/usr/bin/ld: bounding_box.cpp:(.text+0x4bfb): undefined reference to `BoundingBoxGenerator::matchClustersToTracked(std::vector<Eigen::Matrix<float, 3, 1, 0, 3, 1>, std::allocator<Eigen::Matrix<float, 3, 1, 0, 3, 1> > > const&, std::vector<Eigen::Matrix<float, 3, 1, 0, 3, 1>, std::allocator<Eigen::Matrix<float, 3, 1, 0, 3, 1> > > const&)'
/usr/bin/ld: bounding_box.cpp:(.text+0x4e2f): undefined reference to `BoundingBoxGenerator::calculateVelocity(ClusterInfo const&)'
/usr/bin/ld: CMakeFiles/ros1_demo.dir/src/bounding_box.cpp.o: in function `BoundingBoxGenerator::updateClusterTracking(boost::shared_ptr<pcl::PointCloud<pcl::PointXYZRGB> > const&, std::vector<pcl::PointIndices, std::allocator<pcl::PointIndices> > const&, std::vector<bool, std::allocator<bool> > const&, ros::Time const&, std::__cxx11::basic_string<char, std::char_traits<char>, std::allocator<char> > const&)':
bounding_box.cpp:(.text+0x629a): undefined reference to `BoundingBoxGenerator::transformToWorldFrame(Eigen::Matrix<float, 3, 1, 0, 3, 1> const&, std::__cxx11::basic_string<char, std::char_traits<char>, std::allocator<char> > const&, ros::Time const&)'
/usr/bin/ld: bounding_box.cpp:(.text+0x6418): undefined reference to `BoundingBoxGenerator::matchClustersToTracked(std::vector<Eigen::Matrix<float, 3, 1, 0, 3, 1>, std::allocator<Eigen::Matrix<float, 3, 1, 0, 3, 1> > > const&, std::vector<Eigen::Matrix<float, 3, 1, 0, 3, 1>, std::allocator<Eigen::Matrix<float, 3, 1, 0, 3, 1> > > const&)'
collect2: error: ld returned 1 exit status
make[2]: *** [CMakeFiles/ros1_demo.dir/build.make:385：/home/zzy/rangenet_pp/devel/.private/rangenet_pp/lib/rangenet_pp/ros1_demo] 错误 1
make[1]: *** [CMakeFiles/Makefile2:361：CMakeFiles/ros1_demo.dir/all] 错误 2
make: *** [Makefile:160：all] 错误 2
